2025-12-12 02:21:59,051 - PEMFC_GRU_Training_Paper - INFO - ================================================================================
2025-12-12 02:21:59,051 - PEMFC_GRU_Training_Paper - INFO - PEMFC燃料电池GRU寿命预测模型（论文版本）
2025-12-12 02:21:59,053 - PEMFC_GRU_Training_Paper - INFO - 开始时间: 2025-12-12 02:21:59
2025-12-12 02:21:59,053 - PEMFC_GRU_Training_Paper - INFO - ================================================================================
2025-12-12 02:21:59,053 - PEMFC_GRU_Training_Paper - INFO - [模型配置参数]
2025-12-12 02:21:59,053 - PEMFC_GRU_Training_Paper - INFO -   data_path: processed_results/FC1/
2025-12-12 02:21:59,053 - PEMFC_GRU_Training_Paper - INFO -   data_file_pattern: *_processed_*.npz
2025-12-12 02:21:59,053 - PEMFC_GRU_Training_Paper - INFO -   data_file_suffix: _processed
2025-12-12 02:21:59,053 - PEMFC_GRU_Training_Paper - INFO -   target_feature: stack_voltage
2025-12-12 02:21:59,053 - PEMFC_GRU_Training_Paper - INFO -   sequence_length: 80
2025-12-12 02:21:59,053 - PEMFC_GRU_Training_Paper - INFO -   selected_features: [5 个元素] air_outlet_flow, hydrogen_inlet_temp, current, coolant_flow, current_density
2025-12-12 02:21:59,053 - PEMFC_GRU_Training_Paper - INFO -   missing_value_method: linear
2025-12-12 02:21:59,053 - PEMFC_GRU_Training_Paper - INFO -   outlier_method: 3sigma
2025-12-12 02:21:59,053 - PEMFC_GRU_Training_Paper - INFO -   outlier_sigma: 3.0
2025-12-12 02:21:59,054 - PEMFC_GRU_Training_Paper - INFO -   wavelet_method: sym8
2025-12-12 02:21:59,054 - PEMFC_GRU_Training_Paper - INFO -   wavelet_level: 4
2025-12-12 02:21:59,054 - PEMFC_GRU_Training_Paper - INFO -   wavelet_threshold_percentile: 70
2025-12-12 02:21:59,054 - PEMFC_GRU_Training_Paper - INFO -   enable_wavelet: False
2025-12-12 02:21:59,054 - PEMFC_GRU_Training_Paper - INFO -   train_ratio: 0.8
2025-12-12 02:21:59,054 - PEMFC_GRU_Training_Paper - INFO -   val_ratio: 0.1
2025-12-12 02:21:59,054 - PEMFC_GRU_Training_Paper - INFO -   test_ratio: 0.1
2025-12-12 02:21:59,054 - PEMFC_GRU_Training_Paper - INFO -   forecast_steps: 200
2025-12-12 02:21:59,055 - PEMFC_GRU_Training_Paper - INFO -   forecast_horizon: 2200.0
2025-12-12 02:21:59,055 - PEMFC_GRU_Training_Paper - INFO -   forecast_max_steps: 200000
2025-12-12 02:21:59,055 - PEMFC_GRU_Training_Paper - INFO -   fixed_dt: 0.0084
2025-12-12 02:21:59,055 - PEMFC_GRU_Training_Paper - INFO -   gru_hidden_size: 256
2025-12-12 02:21:59,055 - PEMFC_GRU_Training_Paper - INFO -   gru_num_layers: 2
2025-12-12 02:21:59,055 - PEMFC_GRU_Training_Paper - INFO -   dropout_rate: 0.1
2025-12-12 02:21:59,055 - PEMFC_GRU_Training_Paper - INFO -   bidirectional: False
2025-12-12 02:21:59,055 - PEMFC_GRU_Training_Paper - INFO -   fc_hidden_sizes: [2 个元素] 32, 16
2025-12-12 02:21:59,055 - PEMFC_GRU_Training_Paper - INFO -   batch_size: 32
2025-12-12 02:21:59,055 - PEMFC_GRU_Training_Paper - INFO -   epochs: 200
2025-12-12 02:21:59,057 - PEMFC_GRU_Training_Paper - INFO -   learning_rate: 0.0006
2025-12-12 02:21:59,057 - PEMFC_GRU_Training_Paper - INFO -   weight_decay: 0.001
2025-12-12 02:21:59,057 - PEMFC_GRU_Training_Paper - INFO -   patience: 30
2025-12-12 02:21:59,057 - PEMFC_GRU_Training_Paper - INFO -   lr_decay_factor: 0.7
2025-12-12 02:21:59,057 - PEMFC_GRU_Training_Paper - INFO -   lr_patience: 5
2025-12-12 02:21:59,057 - PEMFC_GRU_Training_Paper - INFO -   grad_clip: 0.5
2025-12-12 02:21:59,057 - PEMFC_GRU_Training_Paper - INFO -   slope_loss_weight: 0.2
2025-12-12 02:21:59,058 - PEMFC_GRU_Training_Paper - INFO -   variance_loss_weight: 0.45
2025-12-12 02:21:59,058 - PEMFC_GRU_Training_Paper - INFO -   apply_fc1_bias_correction: True
2025-12-12 02:21:59,058 - PEMFC_GRU_Training_Paper - INFO -   fc1_bias_correction: 0.0138
2025-12-12 02:21:59,058 - PEMFC_GRU_Training_Paper - INFO -   rul_prediction_scale: 0.995
2025-12-12 02:21:59,058 - PEMFC_GRU_Training_Paper - INFO -   soh_threshold: 0.96
2025-12-12 02:21:59,058 - PEMFC_GRU_Training_Paper - INFO -   v_initial_window: 100
2025-12-12 02:21:59,058 - PEMFC_GRU_Training_Paper - INFO -   cv_threshold: 0.01
2025-12-12 02:21:59,059 - PEMFC_GRU_Training_Paper - INFO -   denoising_method: wavelet
2025-12-12 02:21:59,059 - PEMFC_GRU_Training_Paper - INFO -   device: cuda
2025-12-12 02:21:59,059 - PEMFC_GRU_Training_Paper - INFO -   save_dir: train_results_paper
2025-12-12 02:21:59,059 - PEMFC_GRU_Training_Paper - INFO -   experiment_name: gru_pemfc_paper_experiment_fixed_r2_rul
2025-12-12 02:21:59,059 - PEMFC_GRU_Training_Paper - INFO - ================================================================================
2025-12-12 02:21:59,060 - PEMFC_GRU_Training_Paper - INFO - ================================================================================
2025-12-12 02:21:59,060 - PEMFC_GRU_Training_Paper - INFO - PEMFC燃料电池GRU寿命预测训练
2025-12-12 02:21:59,060 - PEMFC_GRU_Training_Paper - INFO - ================================================================================
2025-12-12 02:21:59,060 - PEMFC_GRU_Training_Paper - INFO - 开始数据准备...
2025-12-12 02:21:59,061 - PEMFC_GRU_Training_Paper - INFO - 步骤1: 加载数据并使用预定义特征
2025-12-12 02:21:59,061 - PEMFC_GRU_Training_Paper - INFO - 在目录中搜索最新数据文件: processed_results/FC1/
2025-12-12 02:21:59,061 - PEMFC_GRU_Training_Paper - INFO - 在目录中找到 2 个.npz文件
2025-12-12 02:21:59,061 - PEMFC_GRU_Training_Paper - INFO - 找到 2 个匹配模式的文件
2025-12-12 02:21:59,064 - PEMFC_GRU_Training_Paper - INFO - 按时间戳选择最新文件: FC1_processed_20251209_200621.npz
2025-12-12 02:21:59,065 - PEMFC_GRU_Training_Paper - INFO - 使用数据文件: processed_results/FC1/FC1_processed_20251209_200621.npz
2025-12-12 02:21:59,065 - PEMFC_GRU_Training_Paper - INFO - 使用数据文件: processed_results/FC1/FC1_processed_20251209_200621.npz
2025-12-12 02:21:59,071 - PEMFC_GRU_Training_Paper - INFO - NPZ文件中的所有特征: ['time', 'stack_voltage', 'current_density', 'current', 'hydrogen_inlet_temp', 'hydrogen_outlet_temp', 'air_inlet_temp', 'air_outlet_temp', 'coolant_inlet_temp', 'coolant_outlet_temp', 'air_inlet_pressure', 'air_outlet_pressure', 'hydrogen_outlet_pressure', 'hydrogen_inlet_pressure', 'hydrogen_inlet_flow', 'hydrogen_outlet_flow', 'air_inlet_flow', 'air_outlet_flow', 'coolant_flow', 'air_inlet_humidity']
2025-12-12 02:21:59,074 - PEMFC_GRU_Training_Paper - INFO - 数据长度: 143862
2025-12-12 02:21:59,165 - PEMFC_GRU_Training_Paper - INFO - 原始数据加载: 143862 行, 20 列
2025-12-12 02:21:59,177 - PEMFC_GRU_Training_Paper - INFO - 选定的特征（排除目标）: ['air_outlet_flow', 'hydrogen_inlet_temp', 'current', 'coolant_flow', 'current_density', 'time']
2025-12-12 02:21:59,177 - PEMFC_GRU_Training_Paper - INFO - 选定数据形状: (143862, 7)
2025-12-12 02:21:59,183 - PEMFC_GRU_Training_Paper - INFO - 检查数据完整性...
2025-12-12 02:21:59,183 - PEMFC_GRU_Training_Paper - INFO - 加载后的数据列: ['air_outlet_flow', 'hydrogen_inlet_temp', 'current', 'coolant_flow', 'current_density', 'stack_voltage', 'time']
2025-12-12 02:21:59,187 - PEMFC_GRU_Training_Paper - INFO - 数据类型: {'air_outlet_flow': dtype('float64'), 'hydrogen_inlet_temp': dtype('float64'), 'current': dtype('float64'), 'coolant_flow': dtype('float64'), 'current_density': dtype('float64'), 'stack_voltage': dtype('float64'), 'time': dtype('float64')}
2025-12-12 02:21:59,188 - PEMFC_GRU_Training_Paper - INFO - 步骤2: 跳过小波去噪（enable_wavelet=False）
2025-12-12 02:21:59,188 - PEMFC_GRU_Training_Paper - INFO - 步骤4: 按时间顺序划分数据
2025-12-12 02:21:59,188 - PEMFC_GRU_Training_Paper - INFO - 划分前的数据列: ['air_outlet_flow', 'hydrogen_inlet_temp', 'current', 'coolant_flow', 'current_density', 'stack_voltage', 'time']
2025-12-12 02:21:59,202 - PEMFC_GRU_Training_Paper - INFO - 数据按时间排序。时间范围: 0.0h 到 1154.2h
2025-12-12 02:21:59,202 - PEMFC_GRU_Training_Paper - INFO - 训练集: 115089 个样本 (0.0h - 912.8h)
2025-12-12 02:21:59,202 - PEMFC_GRU_Training_Paper - INFO - 验证集: 14386 个样本 (912.8h - 1033.5h)
2025-12-12 02:21:59,204 - PEMFC_GRU_Training_Paper - INFO - 测试集: 14387 个样本 (1033.5h - 1154.2h)
2025-12-12 02:21:59,210 - PEMFC_GRU_Training_Paper - INFO - 步骤5: 标准化特征与目标
2025-12-12 02:21:59,220 - PEMFC_GRU_Training_Paper - INFO - 特征标准化器均值范围: 0.7022~431.6125, 标准差范围: 0.0003~276.2939
2025-12-12 02:21:59,222 - PEMFC_GRU_Training_Paper - INFO - 目标标准化器均值: 3.2815, 标准差: 0.039852
2025-12-12 02:21:59,229 - PEMFC_GRU_Training_Paper - INFO - 步骤3: 创建序列，窗口大小 80
2025-12-12 02:21:59,452 - PEMFC_GRU_Training_Paper - INFO - 创建了 115009 个序列
2025-12-12 02:21:59,452 - PEMFC_GRU_Training_Paper - INFO - 步骤3: 创建序列，窗口大小 80
2025-12-12 02:21:59,484 - PEMFC_GRU_Training_Paper - INFO - 创建了 14306 个序列
2025-12-12 02:21:59,485 - PEMFC_GRU_Training_Paper - INFO - 步骤3: 创建序列，窗口大小 80
2025-12-12 02:21:59,508 - PEMFC_GRU_Training_Paper - INFO - 创建了 14307 个序列
2025-12-12 02:21:59,515 - PEMFC_GRU_Training_Paper - INFO - 训练特征范围: min=0.0000~max=912.8310
2025-12-12 02:21:59,521 - PEMFC_GRU_Training_Paper - INFO - ✓ 数据划分和预处理 完成
2025-12-12 02:21:59,630 - PEMFC_GRU_Training_Paper - INFO - DataLoader创建完成: 训练集=3595批次, 验证集=448批次, 测试集=448批次
2025-12-12 02:21:59,630 - PEMFC_GRU_Training_Paper - INFO - ✓ 数据准备 完成
2025-12-12 02:21:59,631 - PEMFC_GRU_Training_Paper - INFO - 构建GRU模型，输入维度: 6
2025-12-12 02:21:59,757 - PEMFC_GRU_Training_Paper - INFO - 模型参数: 总计=606,273, 可训练=606,273
2025-12-12 02:22:10,317 - PEMFC_GRU_Training_Paper - INFO - EVAL_ONLY=1，跳过训练，直接加载最佳模型进行评估
2025-12-12 02:22:10,419 - PEMFC_GRU_Training_Paper - INFO - ✓ 从 epoch 40 加载最佳模型
2025-12-12 02:22:10,422 - PEMFC_GRU_Training_Paper - INFO - 在测试集上评估模型...
2025-12-12 02:22:13,740 - PEMFC_GRU_Training_Paper - INFO - 已对FC1预测应用偏差校准: -0.013800
2025-12-12 02:22:13,741 - PEMFC_GRU_Training_Paper - INFO - 预测序列标准差: 0.004330, 真实序列标准差: 0.006925
2025-12-12 02:22:13,805 - PEMFC_GRU_Training_Paper - INFO - FC1 残差校正: slope=1.250690, intercept=-0.802361, RMSE_adj=0.004317
2025-12-12 02:22:14,181 - PEMFC_GRU_Training_Paper - INFO - 预测结果保存到: train_results_paper\gru_pemfc_paper_experiment_fixed_r2_rul\csv_files\predictions.csv
2025-12-12 02:22:14,188 - PEMFC_GRU_Training_Paper - INFO - 滚动预测: 起点=1154.213h, 目标=2200.0h, 基础步长=0.0084h, 步数=124499
2025-12-12 02:30:00,582 - PEMFC_GRU_Training_Paper - INFO - 滚动多步预测完成，共 124499 步，结果保存: train_results_paper\gru_pemfc_paper_experiment_fixed_r2_rul\csv_files\future_rollout.csv
2025-12-12 02:30:00,582 - PEMFC_GRU_Training_Paper - INFO - 计算SOH和RUL...
2025-12-12 02:30:00,582 - PEMFC_GRU_Training_Paper - INFO - 使用稳定段均值计算V_initial（波动<0.5%）
2025-12-12 02:30:00,584 - PEMFC_GRU_Training_Paper - INFO - 计算出的V_initial: 3.2228V (稳定段长度=14307, 起点=0)
2025-12-12 02:30:00,584 - PEMFC_GRU_Training_Paper - INFO - RUL计算使用预测缩放因子: 0.9950 (V_initial保持未缩放)
2025-12-12 02:30:00,584 - PEMFC_GRU_Training_Paper - INFO - 对齐后：真实电压长度=14307, 预测长度=14307, 时间长度=14307
2025-12-12 02:30:00,584 - PEMFC_GRU_Training_Paper - INFO - 比较真实和预测的RUL
2025-12-12 02:30:00,585 - PEMFC_GRU_Training_Paper - INFO - 使用稳定段均值计算V_initial（波动<0.5%）
2025-12-12 02:30:00,585 - PEMFC_GRU_Training_Paper - INFO - 计算出的V_initial: 3.2228V (稳定段长度=14307, 起点=0)
2025-12-12 02:30:00,586 - PEMFC_GRU_Training_Paper - INFO - 使用线性插值计算RUL
2025-12-12 02:30:00,586 - PEMFC_GRU_Training_Paper - INFO - SOH序列形状: (14307,), 时间序列形状: (14307,)
2025-12-12 02:30:00,586 - PEMFC_GRU_Training_Paper - INFO - 处理后形状 - SOH: (14307,), 时间: (14307,)
2025-12-12 02:30:00,586 - PEMFC_GRU_Training_Paper - INFO - 所有SOH值都高于阈值，电池尚未显著退化
2025-12-12 02:30:00,593 - PEMFC_GRU_Training_Paper - INFO - 外推的RUL: 659.23h (斜率=-0.000056)
2025-12-12 02:30:00,594 - PEMFC_GRU_Training_Paper - INFO - 使用线性插值计算RUL
2025-12-12 02:30:00,594 - PEMFC_GRU_Training_Paper - INFO - SOH序列形状: (14307,), 时间序列形状: (14307,)
2025-12-12 02:30:00,594 - PEMFC_GRU_Training_Paper - INFO - 处理后形状 - SOH: (14307,), 时间: (14307,)
2025-12-12 02:30:00,594 - PEMFC_GRU_Training_Paper - INFO - 所有SOH值都高于阈值，电池尚未显著退化
2025-12-12 02:30:00,595 - PEMFC_GRU_Training_Paper - INFO - 外推的RUL: 711.15h (斜率=-0.000045)
2025-12-12 02:30:00,595 - PEMFC_GRU_Training_Paper - INFO - 真实RUL: 659.23h
2025-12-12 02:30:00,595 - PEMFC_GRU_Training_Paper - INFO - 预测RUL: 711.15h
2025-12-12 02:30:00,595 - PEMFC_GRU_Training_Paper - INFO - RUL MAE: 51.93h
2025-12-12 02:30:00,595 - PEMFC_GRU_Training_Paper - INFO - RUL MAPE: 7.88%
2025-12-12 02:30:00,597 - PEMFC_GRU_Training_Paper - INFO - PHM评分: 53.2988
2025-12-12 02:30:00,597 - PEMFC_GRU_Training_Paper - INFO - 开始在FC2数据上进行跨数据集预测...
2025-12-12 02:30:00,597 - PEMFC_GRU_Training_Paper - INFO - 加载 FC2 数据用于推理: processed_results\FC2
2025-12-12 02:30:00,597 - PEMFC_GRU_Training_Paper - INFO - 步骤1: 加载数据并使用预定义特征
2025-12-12 02:30:00,597 - PEMFC_GRU_Training_Paper - INFO - 在目录中搜索最新数据文件: processed_results\FC2
2025-12-12 02:30:00,597 - PEMFC_GRU_Training_Paper - INFO - 在目录中找到 1 个.npz文件
2025-12-12 02:30:00,597 - PEMFC_GRU_Training_Paper - INFO - 找到 1 个匹配模式的文件
2025-12-12 02:30:00,598 - PEMFC_GRU_Training_Paper - INFO - 按时间戳选择最新文件: FC2_processed_20251209_002355.npz
2025-12-12 02:30:00,598 - PEMFC_GRU_Training_Paper - INFO - 使用数据文件: processed_results\FC2\FC2_processed_20251209_002355.npz
2025-12-12 02:30:00,598 - PEMFC_GRU_Training_Paper - INFO - 使用数据文件: processed_results\FC2\FC2_processed_20251209_002355.npz
2025-12-12 02:30:00,599 - PEMFC_GRU_Training_Paper - INFO - NPZ文件中的所有特征: ['time', 'stack_voltage', 'current_density', 'current', 'hydrogen_inlet_temp', 'hydrogen_outlet_temp', 'air_inlet_temp', 'air_outlet_temp', 'coolant_inlet_temp', 'coolant_outlet_temp', 'air_inlet_pressure', 'air_outlet_pressure', 'hydrogen_outlet_pressure', 'hydrogen_inlet_pressure', 'hydrogen_inlet_flow', 'hydrogen_outlet_flow', 'air_inlet_flow', 'air_outlet_flow', 'coolant_flow', 'air_inlet_humidity']
2025-12-12 02:30:00,602 - PEMFC_GRU_Training_Paper - INFO - 数据长度: 127370
2025-12-12 02:30:00,640 - PEMFC_GRU_Training_Paper - INFO - 原始数据加载: 127370 行, 20 列
2025-12-12 02:30:00,644 - PEMFC_GRU_Training_Paper - INFO - 选定的特征（排除目标）: ['air_outlet_flow', 'hydrogen_inlet_temp', 'current', 'coolant_flow', 'current_density', 'time']
2025-12-12 02:30:00,644 - PEMFC_GRU_Training_Paper - INFO - 选定数据形状: (127370, 7)
2025-12-12 02:30:00,646 - PEMFC_GRU_Training_Paper - INFO - 步骤2: 跳过小波去噪（enable_wavelet=False）
2025-12-12 02:30:00,655 - PEMFC_GRU_Training_Paper - INFO - FC2 使用独立标准化器完成缩放
2025-12-12 02:30:00,655 - PEMFC_GRU_Training_Paper - INFO - 步骤3: 创建序列，窗口大小 80
2025-12-12 02:30:00,835 - PEMFC_GRU_Training_Paper - INFO - 创建了 127290 个序列
2025-12-12 02:30:14,525 - PEMFC_GRU_Training_Paper - INFO - FC2 指标: {'MAE': 0.019765, 'RMSE': 0.025201, 'MAPE': 0.614612, 'R2': 0.639222}
2025-12-12 02:30:14,531 - PEMFC_GRU_Training_Paper - INFO - FC2 残差校正: slope=0.797243, intercept=0.649696, RMSE_adj=0.023361
2025-12-12 02:30:14,534 - PEMFC_GRU_Training_Paper - INFO - FC2 未来滚动: last_time=1020.528, dt=0.008390, steps=140581
2025-12-12 02:35:52,905 - PEMFC_GRU_Training_Paper - INFO - FC2 未来段应用残差校正: slope=0.797243, intercept=0.649696
2025-12-12 02:35:52,911 - PEMFC_GRU_Training_Paper - INFO - FC2 未来段连续性校正: 对未来序列整体平移 --0.000144 以衔接测试末点
2025-12-12 02:35:54,590 - PEMFC_GRU_Training_Paper - INFO - FC2 全时间轴预测保存: train_results_paper\gru_pemfc_paper_experiment_fixed_r2_rul\csv_files\fc2_full_with_future.csv
2025-12-12 02:35:55,282 - PEMFC_GRU_Training_Paper - INFO - FC2 全时间轴预测图保存: train_results_paper\gru_pemfc_paper_experiment_fixed_r2_rul\images\fc2_full_prediction.png
2025-12-12 02:35:57,888 - PEMFC_GRU_Training_Paper - INFO - 预测结果汇总保存: train_results_paper\gru_pemfc_paper_experiment_fixed_r2_rul\csv_files\predictions.csv
2025-12-12 02:35:57,890 - PEMFC_GRU_Training_Paper - INFO - 综合指标保存: train_results_paper\gru_pemfc_paper_experiment_fixed_r2_rul\tables\metrics_overall.csv
2025-12-12 02:35:57,890 - PEMFC_GRU_Training_Paper - INFO - 生成可视化图表...
2025-12-12 02:35:57,891 - PEMFC_GRU_Training_Paper - INFO - 字体设置成功，使用: Microsoft YaHei
2025-12-12 02:35:57,892 - PEMFC_GRU_Training_Paper - INFO - 绘制训练历史
2025-12-12 02:35:58,958 - PEMFC_GRU_Training_Paper - INFO - 训练历史图保存: train_results_paper\gru_pemfc_paper_experiment_fixed_r2_rul\images\training_history.png
2025-12-12 02:35:58,958 - PEMFC_GRU_Training_Paper - INFO - 绘制电压预测对比图（单幅图）
2025-12-12 02:35:58,959 - PEMFC_GRU_Training_Paper - INFO - 绘图输入形状 - true_voltage: (143862,), pred_voltage: (143862,), time_series: (143862,)
2025-12-12 02:35:59,526 - PEMFC_GRU_Training_Paper - INFO - 电压预测图保存: train_results_paper\gru_pemfc_paper_experiment_fixed_r2_rul\images\voltage_prediction.png
2025-12-12 02:35:59,526 - PEMFC_GRU_Training_Paper - INFO - 绘制SOH和RUL曲线
2025-12-12 02:35:59,527 - PEMFC_GRU_Training_Paper - INFO - 使用稳定段均值计算V_initial（波动<0.5%）
2025-12-12 02:35:59,528 - PEMFC_GRU_Training_Paper - INFO - 计算出的V_initial: 3.2228V (稳定段长度=14307, 起点=0)
2025-12-12 02:35:59,528 - PEMFC_GRU_Training_Paper - INFO - 使用稳定段均值计算V_initial（波动<0.5%）
2025-12-12 02:35:59,530 - PEMFC_GRU_Training_Paper - INFO - 计算出的V_initial: 3.2067V (稳定段长度=14307, 起点=0)
2025-12-12 02:36:00,330 - PEMFC_GRU_Training_Paper - INFO - SOH/RUL曲线图保存: train_results_paper\gru_pemfc_paper_experiment_fixed_r2_rul\images\soh_rul_curve.png
2025-12-12 02:36:00,330 - PEMFC_GRU_Training_Paper - INFO - 生成最终报告...
2025-12-12 02:36:00,332 - PEMFC_GRU_Training_Paper - INFO - 最终报告保存: train_results_paper\gru_pemfc_paper_experiment_fixed_r2_rul\configs\final_report.json
2025-12-12 02:36:00,334 - PEMFC_GRU_Training_Paper - INFO - ================================================================================
2025-12-12 02:36:00,334 - PEMFC_GRU_Training_Paper - INFO - 训练和评估成功完成!
2025-12-12 02:36:00,334 - PEMFC_GRU_Training_Paper - INFO - ================================================================================
