2025-12-12 04:15:33,816 - PEMFC_GRU_Training_Paper - INFO - ================================================================================
2025-12-12 04:15:33,816 - PEMFC_GRU_Training_Paper - INFO - PEMFC燃料电池GRU寿命预测模型（论文版本）
2025-12-12 04:15:33,816 - PEMFC_GRU_Training_Paper - INFO - 开始时间: 2025-12-12 04:15:33
2025-12-12 04:15:33,816 - PEMFC_GRU_Training_Paper - INFO - ================================================================================
2025-12-12 04:15:33,817 - PEMFC_GRU_Training_Paper - INFO - [模型配置参数]
2025-12-12 04:15:33,817 - PEMFC_GRU_Training_Paper - INFO -   data_path: processed_results/FC1/
2025-12-12 04:15:33,817 - PEMFC_GRU_Training_Paper - INFO -   data_file_pattern: *_processed_*.npz
2025-12-12 04:15:33,817 - PEMFC_GRU_Training_Paper - INFO -   data_file_suffix: _processed
2025-12-12 04:15:33,817 - PEMFC_GRU_Training_Paper - INFO -   target_feature: stack_voltage
2025-12-12 04:15:33,817 - PEMFC_GRU_Training_Paper - INFO -   sequence_length: 80
2025-12-12 04:15:33,817 - PEMFC_GRU_Training_Paper - INFO -   selected_features: [5 个元素] air_outlet_flow, hydrogen_inlet_temp, current, coolant_flow, current_density
2025-12-12 04:15:33,817 - PEMFC_GRU_Training_Paper - INFO -   missing_value_method: linear
2025-12-12 04:15:33,817 - PEMFC_GRU_Training_Paper - INFO -   outlier_method: 3sigma
2025-12-12 04:15:33,817 - PEMFC_GRU_Training_Paper - INFO -   outlier_sigma: 3.0
2025-12-12 04:15:33,817 - PEMFC_GRU_Training_Paper - INFO -   wavelet_method: sym8
2025-12-12 04:15:33,817 - PEMFC_GRU_Training_Paper - INFO -   wavelet_level: 4
2025-12-12 04:15:33,817 - PEMFC_GRU_Training_Paper - INFO -   wavelet_threshold_percentile: 70
2025-12-12 04:15:33,817 - PEMFC_GRU_Training_Paper - INFO -   enable_wavelet: False
2025-12-12 04:15:33,817 - PEMFC_GRU_Training_Paper - INFO -   train_ratio: 0.8
2025-12-12 04:15:33,817 - PEMFC_GRU_Training_Paper - INFO -   val_ratio: 0.1
2025-12-12 04:15:33,817 - PEMFC_GRU_Training_Paper - INFO -   test_ratio: 0.1
2025-12-12 04:15:33,817 - PEMFC_GRU_Training_Paper - INFO -   forecast_steps: 200
2025-12-12 04:15:33,817 - PEMFC_GRU_Training_Paper - INFO -   forecast_horizon: 2200.0
2025-12-12 04:15:33,817 - PEMFC_GRU_Training_Paper - INFO -   forecast_max_steps: 200000
2025-12-12 04:15:33,817 - PEMFC_GRU_Training_Paper - INFO -   fixed_dt: 0.0084
2025-12-12 04:15:33,817 - PEMFC_GRU_Training_Paper - INFO -   gru_hidden_size: 256
2025-12-12 04:15:33,817 - PEMFC_GRU_Training_Paper - INFO -   gru_num_layers: 2
2025-12-12 04:15:33,817 - PEMFC_GRU_Training_Paper - INFO -   dropout_rate: 0.1
2025-12-12 04:15:33,817 - PEMFC_GRU_Training_Paper - INFO -   bidirectional: False
2025-12-12 04:15:33,817 - PEMFC_GRU_Training_Paper - INFO -   fc_hidden_sizes: [2 个元素] 32, 16
2025-12-12 04:15:33,817 - PEMFC_GRU_Training_Paper - INFO -   batch_size: 32
2025-12-12 04:15:33,817 - PEMFC_GRU_Training_Paper - INFO -   epochs: 200
2025-12-12 04:15:33,817 - PEMFC_GRU_Training_Paper - INFO -   learning_rate: 0.0006
2025-12-12 04:15:33,817 - PEMFC_GRU_Training_Paper - INFO -   weight_decay: 0.001
2025-12-12 04:15:33,817 - PEMFC_GRU_Training_Paper - INFO -   patience: 30
2025-12-12 04:15:33,817 - PEMFC_GRU_Training_Paper - INFO -   lr_decay_factor: 0.7
2025-12-12 04:15:33,817 - PEMFC_GRU_Training_Paper - INFO -   lr_patience: 5
2025-12-12 04:15:33,819 - PEMFC_GRU_Training_Paper - INFO -   grad_clip: 0.5
2025-12-12 04:15:33,819 - PEMFC_GRU_Training_Paper - INFO -   slope_loss_weight: 0.2
2025-12-12 04:15:33,819 - PEMFC_GRU_Training_Paper - INFO -   variance_loss_weight: 0.45
2025-12-12 04:15:33,819 - PEMFC_GRU_Training_Paper - INFO -   apply_fc1_bias_correction: True
2025-12-12 04:15:33,819 - PEMFC_GRU_Training_Paper - INFO -   fc1_bias_correction: 0.0138
2025-12-12 04:15:33,819 - PEMFC_GRU_Training_Paper - INFO -   rul_prediction_scale: 0.995
2025-12-12 04:15:33,819 - PEMFC_GRU_Training_Paper - INFO -   soh_threshold: 0.96
2025-12-12 04:15:33,819 - PEMFC_GRU_Training_Paper - INFO -   v_initial_window: 100
2025-12-12 04:15:33,819 - PEMFC_GRU_Training_Paper - INFO -   cv_threshold: 0.01
2025-12-12 04:15:33,819 - PEMFC_GRU_Training_Paper - INFO -   denoising_method: wavelet
2025-12-12 04:15:33,819 - PEMFC_GRU_Training_Paper - INFO -   device: cuda
2025-12-12 04:15:33,819 - PEMFC_GRU_Training_Paper - INFO -   save_dir: train_results_paper
2025-12-12 04:15:33,819 - PEMFC_GRU_Training_Paper - INFO -   experiment_name: gru_pemfc_paper_experiment_fixed_r2_rul
2025-12-12 04:15:33,819 - PEMFC_GRU_Training_Paper - INFO - ================================================================================
2025-12-12 04:15:33,819 - PEMFC_GRU_Training_Paper - INFO - ================================================================================
2025-12-12 04:15:33,819 - PEMFC_GRU_Training_Paper - INFO - PEMFC燃料电池GRU寿命预测训练
2025-12-12 04:15:33,820 - PEMFC_GRU_Training_Paper - INFO - ================================================================================
2025-12-12 04:15:33,820 - PEMFC_GRU_Training_Paper - INFO - 开始数据准备...
2025-12-12 04:15:33,820 - PEMFC_GRU_Training_Paper - INFO - 步骤1: 加载数据并使用预定义特征
2025-12-12 04:15:33,820 - PEMFC_GRU_Training_Paper - INFO - 在目录中搜索最新数据文件: processed_results/FC1/
2025-12-12 04:15:33,820 - PEMFC_GRU_Training_Paper - INFO - 在目录中找到 2 个.npz文件
2025-12-12 04:15:33,820 - PEMFC_GRU_Training_Paper - INFO - 找到 2 个匹配模式的文件
2025-12-12 04:15:33,821 - PEMFC_GRU_Training_Paper - INFO - 按时间戳选择最新文件: FC1_processed_20251209_200621.npz
2025-12-12 04:15:33,821 - PEMFC_GRU_Training_Paper - INFO - 使用数据文件: processed_results/FC1/FC1_processed_20251209_200621.npz
2025-12-12 04:15:33,821 - PEMFC_GRU_Training_Paper - INFO - 使用数据文件: processed_results/FC1/FC1_processed_20251209_200621.npz
2025-12-12 04:15:33,824 - PEMFC_GRU_Training_Paper - INFO - NPZ文件中的所有特征: ['time', 'stack_voltage', 'current_density', 'current', 'hydrogen_inlet_temp', 'hydrogen_outlet_temp', 'air_inlet_temp', 'air_outlet_temp', 'coolant_inlet_temp', 'coolant_outlet_temp', 'air_inlet_pressure', 'air_outlet_pressure', 'hydrogen_outlet_pressure', 'hydrogen_inlet_pressure', 'hydrogen_inlet_flow', 'hydrogen_outlet_flow', 'air_inlet_flow', 'air_outlet_flow', 'coolant_flow', 'air_inlet_humidity']
2025-12-12 04:15:33,827 - PEMFC_GRU_Training_Paper - INFO - 数据长度: 143862
2025-12-12 04:15:33,888 - PEMFC_GRU_Training_Paper - INFO - 原始数据加载: 143862 行, 20 列
2025-12-12 04:15:33,896 - PEMFC_GRU_Training_Paper - INFO - 选定的特征（排除目标）: ['air_outlet_flow', 'hydrogen_inlet_temp', 'current', 'coolant_flow', 'current_density', 'time']
2025-12-12 04:15:33,896 - PEMFC_GRU_Training_Paper - INFO - 选定数据形状: (143862, 7)
2025-12-12 04:15:33,899 - PEMFC_GRU_Training_Paper - INFO - 检查数据完整性...
2025-12-12 04:15:33,899 - PEMFC_GRU_Training_Paper - INFO - 加载后的数据列: ['air_outlet_flow', 'hydrogen_inlet_temp', 'current', 'coolant_flow', 'current_density', 'stack_voltage', 'time']
2025-12-12 04:15:33,902 - PEMFC_GRU_Training_Paper - INFO - 数据类型: {'air_outlet_flow': dtype('float64'), 'hydrogen_inlet_temp': dtype('float64'), 'current': dtype('float64'), 'coolant_flow': dtype('float64'), 'current_density': dtype('float64'), 'stack_voltage': dtype('float64'), 'time': dtype('float64')}
2025-12-12 04:15:33,902 - PEMFC_GRU_Training_Paper - INFO - 步骤2: 跳过小波去噪（enable_wavelet=False）
2025-12-12 04:15:33,902 - PEMFC_GRU_Training_Paper - INFO - 步骤4: 按时间顺序划分数据
2025-12-12 04:15:33,902 - PEMFC_GRU_Training_Paper - INFO - 划分前的数据列: ['air_outlet_flow', 'hydrogen_inlet_temp', 'current', 'coolant_flow', 'current_density', 'stack_voltage', 'time']
2025-12-12 04:15:33,909 - PEMFC_GRU_Training_Paper - INFO - 数据按时间排序。时间范围: 0.0h 到 1154.2h
2025-12-12 04:15:33,909 - PEMFC_GRU_Training_Paper - INFO - 训练集: 115089 个样本 (0.0h - 912.8h)
2025-12-12 04:15:33,909 - PEMFC_GRU_Training_Paper - INFO - 验证集: 14386 个样本 (912.8h - 1033.5h)
2025-12-12 04:15:33,909 - PEMFC_GRU_Training_Paper - INFO - 测试集: 14387 个样本 (1033.5h - 1154.2h)
2025-12-12 04:15:33,913 - PEMFC_GRU_Training_Paper - INFO - 步骤5: 标准化特征与目标
2025-12-12 04:15:33,919 - PEMFC_GRU_Training_Paper - INFO - 特征标准化器均值范围: 0.7022~431.6125, 标准差范围: 0.0003~276.2939
2025-12-12 04:15:33,920 - PEMFC_GRU_Training_Paper - INFO - 目标标准化器均值: 3.2815, 标准差: 0.039852
2025-12-12 04:15:33,924 - PEMFC_GRU_Training_Paper - INFO - 步骤3: 创建序列，窗口大小 80
2025-12-12 04:15:34,142 - PEMFC_GRU_Training_Paper - INFO - 创建了 115009 个序列
2025-12-12 04:15:34,142 - PEMFC_GRU_Training_Paper - INFO - 步骤3: 创建序列，窗口大小 80
2025-12-12 04:15:34,166 - PEMFC_GRU_Training_Paper - INFO - 创建了 14306 个序列
2025-12-12 04:15:34,167 - PEMFC_GRU_Training_Paper - INFO - 步骤3: 创建序列，窗口大小 80
2025-12-12 04:15:34,196 - PEMFC_GRU_Training_Paper - INFO - 创建了 14307 个序列
2025-12-12 04:15:34,199 - PEMFC_GRU_Training_Paper - INFO - 训练特征范围: min=0.0000~max=912.8310
2025-12-12 04:15:34,203 - PEMFC_GRU_Training_Paper - INFO - ✓ 数据划分和预处理 完成
2025-12-12 04:15:34,279 - PEMFC_GRU_Training_Paper - INFO - DataLoader创建完成: 训练集=3595批次, 验证集=448批次, 测试集=448批次
2025-12-12 04:15:34,279 - PEMFC_GRU_Training_Paper - INFO - ✓ 数据准备 完成
2025-12-12 04:15:34,280 - PEMFC_GRU_Training_Paper - INFO - 构建GRU模型，输入维度: 6
2025-12-12 04:15:34,395 - PEMFC_GRU_Training_Paper - INFO - 模型参数: 总计=606,273, 可训练=606,273
2025-12-12 04:15:37,788 - PEMFC_GRU_Training_Paper - INFO - 开始模型训练...
2025-12-12 04:15:37,788 - PEMFC_GRU_Training_Paper - INFO - 设备: cuda
2025-12-12 04:16:31,587 - PEMFC_GRU_Training_Paper - INFO - Epoch 001/200 | 训练损失: 0.062662, 验证损失: 0.061554 | 学习率: 0.000600
2025-12-12 04:16:31,588 - PEMFC_GRU_Training_Paper - INFO -   训练指标: MAE: 0.1776, RMSE: 0.2429, MAPE: 143.9192, R2: 0.9410
2025-12-12 04:16:31,588 - PEMFC_GRU_Training_Paper - INFO -   验证指标: MAE: 0.3090, RMSE: 0.3510, MAPE: 26.8298, R2: -0.1323
2025-12-12 04:16:31,612 - PEMFC_GRU_Training_Paper - INFO - ✓ 模型保存到 train_results_paper\gru_pemfc_paper_experiment_fixed_r2_rul\models\best_model.pth (输入维度: 6)
2025-12-12 04:16:31,612 - PEMFC_GRU_Training_Paper - INFO - ✓ 最佳模型已保存 (epoch 1, 验证损失: 0.061554)
2025-12-12 04:17:09,352 - PEMFC_GRU_Training_Paper - INFO - Epoch 002/200 | 训练损失: 0.040616, 验证损失: 0.045903 | 学习率: 0.000600
2025-12-12 04:17:09,352 - PEMFC_GRU_Training_Paper - INFO -   训练指标: MAE: 0.1453, RMSE: 0.1986, MAPE: 75.0045, R2: 0.9606
2025-12-12 04:17:09,352 - PEMFC_GRU_Training_Paper - INFO -   验证指标: MAE: 0.2034, RMSE: 0.3034, MAPE: 18.3227, R2: 0.1540
2025-12-12 04:17:09,363 - PEMFC_GRU_Training_Paper - INFO - ✓ 模型保存到 train_results_paper\gru_pemfc_paper_experiment_fixed_r2_rul\models\best_model.pth (输入维度: 6)
2025-12-12 04:17:09,363 - PEMFC_GRU_Training_Paper - INFO - ✓ 最佳模型已保存 (epoch 2, 验证损失: 0.045903)
2025-12-12 04:17:46,048 - PEMFC_GRU_Training_Paper - INFO - Epoch 003/200 | 训练损失: 0.033124, 验证损失: 0.029164 | 学习率: 0.000600
2025-12-12 04:17:46,048 - PEMFC_GRU_Training_Paper - INFO -   训练指标: MAE: 0.1313, RMSE: 0.1800, MAPE: 68.9735, R2: 0.9676
2025-12-12 04:17:46,048 - PEMFC_GRU_Training_Paper - INFO -   验证指标: MAE: 0.2024, RMSE: 0.2416, MAPE: 17.6823, R2: 0.4636
2025-12-12 04:17:46,059 - PEMFC_GRU_Training_Paper - INFO - ✓ 模型保存到 train_results_paper\gru_pemfc_paper_experiment_fixed_r2_rul\models\best_model.pth (输入维度: 6)
2025-12-12 04:17:46,059 - PEMFC_GRU_Training_Paper - INFO - ✓ 最佳模型已保存 (epoch 3, 验证损失: 0.029164)
2025-12-12 04:18:23,065 - PEMFC_GRU_Training_Paper - INFO - Epoch 004/200 | 训练损失: 0.030290, 验证损失: 0.032297 | 学习率: 0.000600
2025-12-12 04:18:23,065 - PEMFC_GRU_Training_Paper - INFO -   训练指标: MAE: 0.1253, RMSE: 0.1721, MAPE: 65.8773, R2: 0.9704
2025-12-12 04:18:23,065 - PEMFC_GRU_Training_Paper - INFO -   验证指标: MAE: 0.2228, RMSE: 0.2543, MAPE: 18.5381, R2: 0.4058
2025-12-12 04:19:02,816 - PEMFC_GRU_Training_Paper - INFO - Epoch 005/200 | 训练损失: 0.027873, 验证损失: 0.038045 | 学习率: 0.000600
2025-12-12 04:19:02,816 - PEMFC_GRU_Training_Paper - INFO -   训练指标: MAE: 0.1197, RMSE: 0.1651, MAPE: 57.5911, R2: 0.9728
2025-12-12 04:19:02,816 - PEMFC_GRU_Training_Paper - INFO -   验证指标: MAE: 0.2341, RMSE: 0.2759, MAPE: 19.8736, R2: 0.3004
2025-12-12 04:19:38,869 - PEMFC_GRU_Training_Paper - INFO - Epoch 006/200 | 训练损失: 0.026745, 验证损失: 0.065882 | 学习率: 0.000600
2025-12-12 04:19:38,869 - PEMFC_GRU_Training_Paper - INFO -   训练指标: MAE: 0.1171, RMSE: 0.1622, MAPE: 53.3479, R2: 0.9737
2025-12-12 04:19:38,869 - PEMFC_GRU_Training_Paper - INFO -   验证指标: MAE: 0.2651, RMSE: 0.3631, MAPE: 24.2051, R2: -0.2119
2025-12-12 04:20:13,931 - PEMFC_GRU_Training_Paper - INFO - Epoch 007/200 | 训练损失: 0.025741, 验证损失: 0.031378 | 学习率: 0.000600
2025-12-12 04:20:13,931 - PEMFC_GRU_Training_Paper - INFO -   训练指标: MAE: 0.1149, RMSE: 0.1589, MAPE: 47.7502, R2: 0.9747
2025-12-12 04:20:13,931 - PEMFC_GRU_Training_Paper - INFO -   验证指标: MAE: 0.2072, RMSE: 0.2506, MAPE: 18.3762, R2: 0.4230
2025-12-12 04:20:52,963 - PEMFC_GRU_Training_Paper - INFO - Epoch 008/200 | 训练损失: 0.025124, 验证损失: 0.022860 | 学习率: 0.000600
2025-12-12 04:20:52,963 - PEMFC_GRU_Training_Paper - INFO -   训练指标: MAE: 0.1127, RMSE: 0.1567, MAPE: 56.0849, R2: 0.9754
2025-12-12 04:20:52,963 - PEMFC_GRU_Training_Paper - INFO -   验证指标: MAE: 0.1666, RMSE: 0.2139, MAPE: 14.8623, R2: 0.5795
2025-12-12 04:20:52,973 - PEMFC_GRU_Training_Paper - INFO - ✓ 模型保存到 train_results_paper\gru_pemfc_paper_experiment_fixed_r2_rul\models\best_model.pth (输入维度: 6)
2025-12-12 04:20:52,974 - PEMFC_GRU_Training_Paper - INFO - ✓ 最佳模型已保存 (epoch 8, 验证损失: 0.022860)
2025-12-12 04:21:29,153 - PEMFC_GRU_Training_Paper - INFO - Epoch 009/200 | 训练损失: 0.023744, 验证损失: 0.032817 | 学习率: 0.000600
2025-12-12 04:21:29,153 - PEMFC_GRU_Training_Paper - INFO -   训练指标: MAE: 0.1100, RMSE: 0.1532, MAPE: 44.5584, R2: 0.9765
2025-12-12 04:21:29,154 - PEMFC_GRU_Training_Paper - INFO -   验证指标: MAE: 0.2124, RMSE: 0.2562, MAPE: 19.0477, R2: 0.3966
2025-12-12 04:22:04,501 - PEMFC_GRU_Training_Paper - INFO - Epoch 010/200 | 训练损失: 0.023413, 验证损失: 0.027930 | 学习率: 0.000600
2025-12-12 04:22:04,502 - PEMFC_GRU_Training_Paper - INFO -   训练指标: MAE: 0.1092, RMSE: 0.1520, MAPE: 44.1585, R2: 0.9769
2025-12-12 04:22:04,502 - PEMFC_GRU_Training_Paper - INFO -   验证指标: MAE: 0.1975, RMSE: 0.2364, MAPE: 16.5729, R2: 0.4862
2025-12-12 04:22:41,033 - PEMFC_GRU_Training_Paper - INFO - Epoch 011/200 | 训练损失: 0.022755, 验证损失: 0.019496 | 学习率: 0.000600
2025-12-12 04:22:41,033 - PEMFC_GRU_Training_Paper - INFO -   训练指标: MAE: 0.1072, RMSE: 0.1495, MAPE: 38.2124, R2: 0.9777
2025-12-12 04:22:41,033 - PEMFC_GRU_Training_Paper - INFO -   验证指标: MAE: 0.1578, RMSE: 0.1976, MAPE: 14.4069, R2: 0.6412
2025-12-12 04:22:41,045 - PEMFC_GRU_Training_Paper - INFO - ✓ 模型保存到 train_results_paper\gru_pemfc_paper_experiment_fixed_r2_rul\models\best_model.pth (输入维度: 6)
2025-12-12 04:22:41,045 - PEMFC_GRU_Training_Paper - INFO - ✓ 最佳模型已保存 (epoch 11, 验证损失: 0.019496)
2025-12-12 04:23:24,268 - PEMFC_GRU_Training_Paper - INFO - Epoch 012/200 | 训练损失: 0.022192, 验证损失: 0.026779 | 学习率: 0.000600
2025-12-12 04:23:24,268 - PEMFC_GRU_Training_Paper - INFO -   训练指标: MAE: 0.1054, RMSE: 0.1478, MAPE: 43.7978, R2: 0.9782
2025-12-12 04:23:24,269 - PEMFC_GRU_Training_Paper - INFO -   验证指标: MAE: 0.1949, RMSE: 0.2316, MAPE: 17.0684, R2: 0.5072
2025-12-12 04:24:16,573 - PEMFC_GRU_Training_Paper - INFO - Epoch 013/200 | 训练损失: 0.021914, 验证损失: 0.021038 | 学习率: 0.000600
2025-12-12 04:24:16,581 - PEMFC_GRU_Training_Paper - INFO -   训练指标: MAE: 0.1050, RMSE: 0.1469, MAPE: 39.7280, R2: 0.9784
2025-12-12 04:24:16,581 - PEMFC_GRU_Training_Paper - INFO -   验证指标: MAE: 0.1675, RMSE: 0.2053, MAPE: 14.1540, R2: 0.6126
2025-12-12 04:25:21,390 - PEMFC_GRU_Training_Paper - INFO - Epoch 014/200 | 训练损失: 0.021171, 验证损失: 0.029819 | 学习率: 0.000600
2025-12-12 04:25:21,390 - PEMFC_GRU_Training_Paper - INFO -   训练指标: MAE: 0.1032, RMSE: 0.1449, MAPE: 38.0627, R2: 0.9790
2025-12-12 04:25:21,390 - PEMFC_GRU_Training_Paper - INFO -   验证指标: MAE: 0.1922, RMSE: 0.2443, MAPE: 17.8240, R2: 0.4515
2025-12-12 04:26:13,505 - PEMFC_GRU_Training_Paper - INFO - Epoch 015/200 | 训练损失: 0.021326, 验证损失: 0.030505 | 学习率: 0.000600
2025-12-12 04:26:13,505 - PEMFC_GRU_Training_Paper - INFO -   训练指标: MAE: 0.1032, RMSE: 0.1446, MAPE: 37.8224, R2: 0.9791
2025-12-12 04:26:13,505 - PEMFC_GRU_Training_Paper - INFO -   验证指标: MAE: 0.2142, RMSE: 0.2472, MAPE: 17.7766, R2: 0.4385
2025-12-12 04:26:58,673 - PEMFC_GRU_Training_Paper - INFO - Epoch 016/200 | 训练损失: 0.020312, 验证损失: 0.028468 | 学习率: 0.000600
2025-12-12 04:26:58,673 - PEMFC_GRU_Training_Paper - INFO -   训练指标: MAE: 0.1012, RMSE: 0.1414, MAPE: 36.9794, R2: 0.9800
2025-12-12 04:26:58,673 - PEMFC_GRU_Training_Paper - INFO -   验证指标: MAE: 0.1917, RMSE: 0.2387, MAPE: 17.3794, R2: 0.4764
2025-12-12 04:27:42,345 - PEMFC_GRU_Training_Paper - INFO - Epoch 017/200 | 训练损失: 0.021039, 验证损失: 0.019653 | 学习率: 0.000420
2025-12-12 04:27:42,346 - PEMFC_GRU_Training_Paper - INFO -   训练指标: MAE: 0.1030, RMSE: 0.1440, MAPE: 39.1939, R2: 0.9793
2025-12-12 04:27:42,346 - PEMFC_GRU_Training_Paper - INFO -   验证指标: MAE: 0.1645, RMSE: 0.1984, MAPE: 13.7624, R2: 0.6381
2025-12-12 04:28:25,009 - PEMFC_GRU_Training_Paper - INFO - Epoch 018/200 | 训练损失: 0.019217, 验证损失: 0.021279 | 学习率: 0.000420
2025-12-12 04:28:25,009 - PEMFC_GRU_Training_Paper - INFO -   训练指标: MAE: 0.0985, RMSE: 0.1382, MAPE: 37.0300, R2: 0.9809
2025-12-12 04:28:25,009 - PEMFC_GRU_Training_Paper - INFO -   验证指标: MAE: 0.1728, RMSE: 0.2065, MAPE: 14.5382, R2: 0.6081
2025-12-12 04:29:05,627 - PEMFC_GRU_Training_Paper - INFO - Epoch 019/200 | 训练损失: 0.018893, 验证损失: 0.018998 | 学习率: 0.000420
2025-12-12 04:29:05,627 - PEMFC_GRU_Training_Paper - INFO -   训练指标: MAE: 0.0983, RMSE: 0.1374, MAPE: 36.6918, R2: 0.9811
2025-12-12 04:29:05,628 - PEMFC_GRU_Training_Paper - INFO -   验证指标: MAE: 0.1556, RMSE: 0.1951, MAPE: 13.7877, R2: 0.6502
2025-12-12 04:29:05,685 - PEMFC_GRU_Training_Paper - INFO - ✓ 模型保存到 train_results_paper\gru_pemfc_paper_experiment_fixed_r2_rul\models\best_model.pth (输入维度: 6)
2025-12-12 04:29:05,686 - PEMFC_GRU_Training_Paper - INFO - ✓ 最佳模型已保存 (epoch 19, 验证损失: 0.018998)
2025-12-12 04:29:51,097 - PEMFC_GRU_Training_Paper - INFO - Epoch 020/200 | 训练损失: 0.018788, 验证损失: 0.024351 | 学习率: 0.000420
2025-12-12 04:29:51,097 - PEMFC_GRU_Training_Paper - INFO -   训练指标: MAE: 0.0979, RMSE: 0.1367, MAPE: 35.9309, R2: 0.9813
2025-12-12 04:29:51,097 - PEMFC_GRU_Training_Paper - INFO -   验证指标: MAE: 0.1888, RMSE: 0.2209, MAPE: 15.9430, R2: 0.5517
2025-12-12 04:30:37,619 - PEMFC_GRU_Training_Paper - INFO - Epoch 021/200 | 训练损失: 0.018793, 验证损失: 0.021965 | 学习率: 0.000420
2025-12-12 04:30:37,619 - PEMFC_GRU_Training_Paper - INFO -   训练指标: MAE: 0.0977, RMSE: 0.1368, MAPE: 35.6146, R2: 0.9813
2025-12-12 04:30:37,619 - PEMFC_GRU_Training_Paper - INFO -   验证指标: MAE: 0.1712, RMSE: 0.2098, MAPE: 15.1718, R2: 0.5956
2025-12-12 04:31:21,628 - PEMFC_GRU_Training_Paper - INFO - Epoch 022/200 | 训练损失: 0.018578, 验证损失: 0.025967 | 学习率: 0.000420
2025-12-12 04:31:21,628 - PEMFC_GRU_Training_Paper - INFO -   训练指标: MAE: 0.0973, RMSE: 0.1359, MAPE: 33.8752, R2: 0.9815
2025-12-12 04:31:21,628 - PEMFC_GRU_Training_Paper - INFO -   验证指标: MAE: 0.1985, RMSE: 0.2281, MAPE: 16.0294, R2: 0.5218
2025-12-12 04:32:07,214 - PEMFC_GRU_Training_Paper - INFO - Epoch 023/200 | 训练损失: 0.018931, 验证损失: 0.022545 | 学习率: 0.000420
2025-12-12 04:32:07,214 - PEMFC_GRU_Training_Paper - INFO -   训练指标: MAE: 0.0982, RMSE: 0.1373, MAPE: 38.0552, R2: 0.9812
2025-12-12 04:32:07,214 - PEMFC_GRU_Training_Paper - INFO -   验证指标: MAE: 0.1709, RMSE: 0.2125, MAPE: 15.7319, R2: 0.5852
2025-12-12 04:32:51,334 - PEMFC_GRU_Training_Paper - INFO - Epoch 024/200 | 训练损失: 0.018729, 验证损失: 0.022219 | 学习率: 0.000420
2025-12-12 04:32:51,334 - PEMFC_GRU_Training_Paper - INFO -   训练指标: MAE: 0.0970, RMSE: 0.1362, MAPE: 29.7898, R2: 0.9815
2025-12-12 04:32:51,334 - PEMFC_GRU_Training_Paper - INFO -   验证指标: MAE: 0.1794, RMSE: 0.2110, MAPE: 14.6607, R2: 0.5908
2025-12-12 04:33:36,709 - PEMFC_GRU_Training_Paper - INFO - Epoch 025/200 | 训练损失: 0.018545, 验证损失: 0.018118 | 学习率: 0.000420
2025-12-12 04:33:36,709 - PEMFC_GRU_Training_Paper - INFO -   训练指标: MAE: 0.0972, RMSE: 0.1360, MAPE: 35.0303, R2: 0.9815
2025-12-12 04:33:36,709 - PEMFC_GRU_Training_Paper - INFO -   验证指标: MAE: 0.1513, RMSE: 0.1905, MAPE: 13.7612, R2: 0.6665
2025-12-12 04:33:36,719 - PEMFC_GRU_Training_Paper - INFO - ✓ 模型保存到 train_results_paper\gru_pemfc_paper_experiment_fixed_r2_rul\models\best_model.pth (输入维度: 6)
2025-12-12 04:33:36,719 - PEMFC_GRU_Training_Paper - INFO - ✓ 最佳模型已保存 (epoch 25, 验证损失: 0.018118)
2025-12-12 04:34:20,837 - PEMFC_GRU_Training_Paper - INFO - Epoch 026/200 | 训练损失: 0.018682, 验证损失: 0.017917 | 学习率: 0.000420
2025-12-12 04:34:20,837 - PEMFC_GRU_Training_Paper - INFO -   训练指标: MAE: 0.0970, RMSE: 0.1361, MAPE: 34.6678, R2: 0.9815
2025-12-12 04:34:20,837 - PEMFC_GRU_Training_Paper - INFO -   验证指标: MAE: 0.1481, RMSE: 0.1895, MAPE: 13.6213, R2: 0.6701
2025-12-12 04:34:20,872 - PEMFC_GRU_Training_Paper - INFO - ✓ 模型保存到 train_results_paper\gru_pemfc_paper_experiment_fixed_r2_rul\models\best_model.pth (输入维度: 6)
2025-12-12 04:34:20,872 - PEMFC_GRU_Training_Paper - INFO - ✓ 最佳模型已保存 (epoch 26, 验证损失: 0.017917)
2025-12-12 04:35:07,329 - PEMFC_GRU_Training_Paper - INFO - Epoch 027/200 | 训练损失: 0.018452, 验证损失: 0.018207 | 学习率: 0.000420
2025-12-12 04:35:07,329 - PEMFC_GRU_Training_Paper - INFO -   训练指标: MAE: 0.0968, RMSE: 0.1357, MAPE: 33.3994, R2: 0.9816
2025-12-12 04:35:07,329 - PEMFC_GRU_Training_Paper - INFO -   验证指标: MAE: 0.1574, RMSE: 0.1910, MAPE: 13.5944, R2: 0.6647
2025-12-12 04:35:48,339 - PEMFC_GRU_Training_Paper - INFO - Epoch 028/200 | 训练损失: 0.018386, 验证损失: 0.020762 | 学习率: 0.000420
2025-12-12 04:35:48,340 - PEMFC_GRU_Training_Paper - INFO -   训练指标: MAE: 0.0965, RMSE: 0.1351, MAPE: 32.6844, R2: 0.9818
2025-12-12 04:35:48,340 - PEMFC_GRU_Training_Paper - INFO -   验证指标: MAE: 0.1714, RMSE: 0.2039, MAPE: 15.0003, R2: 0.6178
2025-12-12 04:36:32,086 - PEMFC_GRU_Training_Paper - INFO - Epoch 029/200 | 训练损失: 0.018160, 验证损失: 0.022008 | 学习率: 0.000420
2025-12-12 04:36:32,086 - PEMFC_GRU_Training_Paper - INFO -   训练指标: MAE: 0.0964, RMSE: 0.1348, MAPE: 33.9840, R2: 0.9818
2025-12-12 04:36:32,086 - PEMFC_GRU_Training_Paper - INFO -   验证指标: MAE: 0.1762, RMSE: 0.2100, MAPE: 15.4195, R2: 0.5949
2025-12-12 04:37:14,610 - PEMFC_GRU_Training_Paper - INFO - Epoch 030/200 | 训练损失: 0.018163, 验证损失: 0.018273 | 学习率: 0.000420
2025-12-12 04:37:14,610 - PEMFC_GRU_Training_Paper - INFO -   训练指标: MAE: 0.0958, RMSE: 0.1347, MAPE: 32.5118, R2: 0.9819
2025-12-12 04:37:14,610 - PEMFC_GRU_Training_Paper - INFO -   验证指标: MAE: 0.1566, RMSE: 0.1913, MAPE: 13.8479, R2: 0.6636
2025-12-12 04:37:58,395 - PEMFC_GRU_Training_Paper - INFO - Epoch 031/200 | 训练损失: 0.018317, 验证损失: 0.017738 | 学习率: 0.000420
2025-12-12 04:37:58,395 - PEMFC_GRU_Training_Paper - INFO -   训练指标: MAE: 0.0964, RMSE: 0.1350, MAPE: 32.0631, R2: 0.9818
2025-12-12 04:37:58,395 - PEMFC_GRU_Training_Paper - INFO -   验证指标: MAE: 0.1588, RMSE: 0.1885, MAPE: 13.5155, R2: 0.6734
2025-12-12 04:37:58,408 - PEMFC_GRU_Training_Paper - INFO - ✓ 模型保存到 train_results_paper\gru_pemfc_paper_experiment_fixed_r2_rul\models\best_model.pth (输入维度: 6)
2025-12-12 04:37:58,408 - PEMFC_GRU_Training_Paper - INFO - ✓ 最佳模型已保存 (epoch 31, 验证损失: 0.017738)
2025-12-12 04:38:47,802 - PEMFC_GRU_Training_Paper - INFO - Epoch 032/200 | 训练损失: 0.018186, 验证损失: 0.021482 | 学习率: 0.000420
2025-12-12 04:38:47,802 - PEMFC_GRU_Training_Paper - INFO -   训练指标: MAE: 0.0958, RMSE: 0.1345, MAPE: 35.2526, R2: 0.9819
2025-12-12 04:38:47,802 - PEMFC_GRU_Training_Paper - INFO -   验证指标: MAE: 0.1764, RMSE: 0.2075, MAPE: 14.8842, R2: 0.6045
2025-12-12 04:39:46,714 - PEMFC_GRU_Training_Paper - INFO - Epoch 033/200 | 训练损失: 0.018531, 验证损失: 0.020893 | 学习率: 0.000420
2025-12-12 04:39:46,716 - PEMFC_GRU_Training_Paper - INFO -   训练指标: MAE: 0.0965, RMSE: 0.1354, MAPE: 30.4504, R2: 0.9817
2025-12-12 04:39:46,716 - PEMFC_GRU_Training_Paper - INFO -   验证指标: MAE: 0.1719, RMSE: 0.2046, MAPE: 13.8778, R2: 0.6152
2025-12-12 04:40:52,929 - PEMFC_GRU_Training_Paper - INFO - Epoch 034/200 | 训练损失: 0.018088, 验证损失: 0.016539 | 学习率: 0.000420
2025-12-12 04:40:52,930 - PEMFC_GRU_Training_Paper - INFO -   训练指标: MAE: 0.0954, RMSE: 0.1340, MAPE: 33.3935, R2: 0.9820
2025-12-12 04:40:52,930 - PEMFC_GRU_Training_Paper - INFO -   验证指标: MAE: 0.1475, RMSE: 0.1820, MAPE: 12.3335, R2: 0.6954
2025-12-12 04:40:52,941 - PEMFC_GRU_Training_Paper - INFO - ✓ 模型保存到 train_results_paper\gru_pemfc_paper_experiment_fixed_r2_rul\models\best_model.pth (输入维度: 6)
2025-12-12 04:40:52,941 - PEMFC_GRU_Training_Paper - INFO - ✓ 最佳模型已保存 (epoch 34, 验证损失: 0.016539)
2025-12-12 04:41:58,076 - PEMFC_GRU_Training_Paper - INFO - Epoch 035/200 | 训练损失: 0.017950, 验证损失: 0.016920 | 学习率: 0.000420
2025-12-12 04:41:58,076 - PEMFC_GRU_Training_Paper - INFO -   训练指标: MAE: 0.0958, RMSE: 0.1338, MAPE: 33.3508, R2: 0.9821
2025-12-12 04:41:58,078 - PEMFC_GRU_Training_Paper - INFO -   验证指标: MAE: 0.1461, RMSE: 0.1841, MAPE: 13.3999, R2: 0.6884
2025-12-12 04:42:58,642 - PEMFC_GRU_Training_Paper - INFO - Epoch 036/200 | 训练损失: 0.017809, 验证损失: 0.016160 | 学习率: 0.000420
2025-12-12 04:42:58,642 - PEMFC_GRU_Training_Paper - INFO -   训练指标: MAE: 0.0949, RMSE: 0.1332, MAPE: 30.7694, R2: 0.9823
2025-12-12 04:42:58,642 - PEMFC_GRU_Training_Paper - INFO -   验证指标: MAE: 0.1461, RMSE: 0.1799, MAPE: 11.9797, R2: 0.7024
2025-12-12 04:42:58,659 - PEMFC_GRU_Training_Paper - INFO - ✓ 模型保存到 train_results_paper\gru_pemfc_paper_experiment_fixed_r2_rul\models\best_model.pth (输入维度: 6)
2025-12-12 04:42:58,659 - PEMFC_GRU_Training_Paper - INFO - ✓ 最佳模型已保存 (epoch 36, 验证损失: 0.016160)
2025-12-12 04:43:49,847 - PEMFC_GRU_Training_Paper - INFO - Epoch 037/200 | 训练损失: 0.018022, 验证损失: 0.017439 | 学习率: 0.000420
2025-12-12 04:43:49,847 - PEMFC_GRU_Training_Paper - INFO -   训练指标: MAE: 0.0958, RMSE: 0.1340, MAPE: 31.1426, R2: 0.9820
2025-12-12 04:43:49,848 - PEMFC_GRU_Training_Paper - INFO -   验证指标: MAE: 0.1532, RMSE: 0.1869, MAPE: 13.1236, R2: 0.6789
2025-12-12 04:44:36,695 - PEMFC_GRU_Training_Paper - INFO - Epoch 038/200 | 训练损失: 0.017993, 验证损失: 0.021427 | 学习率: 0.000420
2025-12-12 04:44:36,695 - PEMFC_GRU_Training_Paper - INFO -   训练指标: MAE: 0.0957, RMSE: 0.1336, MAPE: 29.8101, R2: 0.9822
2025-12-12 04:44:36,695 - PEMFC_GRU_Training_Paper - INFO -   验证指标: MAE: 0.1751, RMSE: 0.2072, MAPE: 14.3182, R2: 0.6054
2025-12-12 04:45:21,039 - PEMFC_GRU_Training_Paper - INFO - Epoch 039/200 | 训练损失: 0.019526, 验证损失: 0.016615 | 学习率: 0.000420
2025-12-12 04:45:21,039 - PEMFC_GRU_Training_Paper - INFO -   训练指标: MAE: 0.0988, RMSE: 0.1393, MAPE: 35.8252, R2: 0.9806
2025-12-12 04:45:21,039 - PEMFC_GRU_Training_Paper - INFO -   验证指标: MAE: 0.1317, RMSE: 0.1823, MAPE: 12.7512, R2: 0.6944
2025-12-12 04:46:09,679 - PEMFC_GRU_Training_Paper - INFO - Epoch 040/200 | 训练损失: 0.018073, 验证损失: 0.013065 | 学习率: 0.000420
2025-12-12 04:46:09,679 - PEMFC_GRU_Training_Paper - INFO -   训练指标: MAE: 0.0960, RMSE: 0.1340, MAPE: 35.0494, R2: 0.9820
2025-12-12 04:46:09,679 - PEMFC_GRU_Training_Paper - INFO -   验证指标: MAE: 0.1150, RMSE: 0.1618, MAPE: 10.2763, R2: 0.7595
2025-12-12 04:46:09,689 - PEMFC_GRU_Training_Paper - INFO - ✓ 模型保存到 train_results_paper\gru_pemfc_paper_experiment_fixed_r2_rul\models\best_model.pth (输入维度: 6)
2025-12-12 04:46:09,689 - PEMFC_GRU_Training_Paper - INFO - ✓ 最佳模型已保存 (epoch 40, 验证损失: 0.013065)
2025-12-12 04:47:04,355 - PEMFC_GRU_Training_Paper - INFO - Epoch 041/200 | 训练损失: 0.018054, 验证损失: 0.015900 | 学习率: 0.000420
2025-12-12 04:47:04,355 - PEMFC_GRU_Training_Paper - INFO -   训练指标: MAE: 0.0960, RMSE: 0.1339, MAPE: 33.3243, R2: 0.9821
2025-12-12 04:47:04,355 - PEMFC_GRU_Training_Paper - INFO -   验证指标: MAE: 0.1413, RMSE: 0.1785, MAPE: 12.1506, R2: 0.7073
2025-12-12 04:47:59,828 - PEMFC_GRU_Training_Paper - INFO - Epoch 042/200 | 训练损失: 0.018001, 验证损失: 0.023968 | 学习率: 0.000420
2025-12-12 04:47:59,828 - PEMFC_GRU_Training_Paper - INFO -   训练指标: MAE: 0.0966, RMSE: 0.1342, MAPE: 30.9569, R2: 0.9820
2025-12-12 04:47:59,828 - PEMFC_GRU_Training_Paper - INFO -   验证指标: MAE: 0.1873, RMSE: 0.2191, MAPE: 14.3648, R2: 0.5586
2025-12-12 04:48:48,921 - PEMFC_GRU_Training_Paper - INFO - Epoch 043/200 | 训练损失: 0.017923, 验证损失: 0.018463 | 学习率: 0.000420
2025-12-12 04:48:48,921 - PEMFC_GRU_Training_Paper - INFO -   训练指标: MAE: 0.0954, RMSE: 0.1338, MAPE: 30.9002, R2: 0.9821
2025-12-12 04:48:48,921 - PEMFC_GRU_Training_Paper - INFO -   验证指标: MAE: 0.1601, RMSE: 0.1923, MAPE: 13.2581, R2: 0.6600
2025-12-12 04:49:37,333 - PEMFC_GRU_Training_Paper - INFO - Epoch 044/200 | 训练损失: 0.017771, 验证损失: 0.018593 | 学习率: 0.000420
2025-12-12 04:49:37,333 - PEMFC_GRU_Training_Paper - INFO -   训练指标: MAE: 0.0953, RMSE: 0.1329, MAPE: 32.7890, R2: 0.9823
2025-12-12 04:49:37,333 - PEMFC_GRU_Training_Paper - INFO -   验证指标: MAE: 0.1632, RMSE: 0.1930, MAPE: 13.2820, R2: 0.6578
2025-12-12 04:50:24,200 - PEMFC_GRU_Training_Paper - INFO - Epoch 045/200 | 训练损失: 0.017871, 验证损失: 0.018524 | 学习率: 0.000420
2025-12-12 04:50:24,200 - PEMFC_GRU_Training_Paper - INFO -   训练指标: MAE: 0.0953, RMSE: 0.1331, MAPE: 29.3877, R2: 0.9823
2025-12-12 04:50:24,200 - PEMFC_GRU_Training_Paper - INFO -   验证指标: MAE: 0.1625, RMSE: 0.1926, MAPE: 13.9129, R2: 0.6590
2025-12-12 04:51:11,222 - PEMFC_GRU_Training_Paper - INFO - Epoch 046/200 | 训练损失: 0.017873, 验证损失: 0.016576 | 学习率: 0.000294
2025-12-12 04:51:11,222 - PEMFC_GRU_Training_Paper - INFO -   训练指标: MAE: 0.0949, RMSE: 0.1333, MAPE: 28.4804, R2: 0.9822
2025-12-12 04:51:11,223 - PEMFC_GRU_Training_Paper - INFO -   验证指标: MAE: 0.1492, RMSE: 0.1821, MAPE: 12.4958, R2: 0.6952
2025-12-12 04:51:57,690 - PEMFC_GRU_Training_Paper - INFO - Epoch 047/200 | 训练损失: 0.017409, 验证损失: 0.016028 | 学习率: 0.000294
2025-12-12 04:51:57,690 - PEMFC_GRU_Training_Paper - INFO -   训练指标: MAE: 0.0944, RMSE: 0.1321, MAPE: 25.7010, R2: 0.9825
2025-12-12 04:51:57,690 - PEMFC_GRU_Training_Paper - INFO -   验证指标: MAE: 0.1393, RMSE: 0.1791, MAPE: 11.8931, R2: 0.7052
2025-12-12 04:52:45,660 - PEMFC_GRU_Training_Paper - INFO - Epoch 048/200 | 训练损失: 0.017182, 验证损失: 0.020667 | 学习率: 0.000294
2025-12-12 04:52:45,660 - PEMFC_GRU_Training_Paper - INFO -   训练指标: MAE: 0.0942, RMSE: 0.1315, MAPE: 28.5352, R2: 0.9827
2025-12-12 04:52:45,660 - PEMFC_GRU_Training_Paper - INFO -   验证指标: MAE: 0.1732, RMSE: 0.2033, MAPE: 14.1589, R2: 0.6201
2025-12-12 04:53:38,370 - PEMFC_GRU_Training_Paper - INFO - Epoch 049/200 | 训练损失: 0.017382, 验证损失: 0.020984 | 学习率: 0.000294
2025-12-12 04:53:38,370 - PEMFC_GRU_Training_Paper - INFO -   训练指标: MAE: 0.0941, RMSE: 0.1318, MAPE: 29.5119, R2: 0.9826
2025-12-12 04:53:38,370 - PEMFC_GRU_Training_Paper - INFO -   验证指标: MAE: 0.1740, RMSE: 0.2050, MAPE: 14.4097, R2: 0.6136
2025-12-12 04:54:17,040 - PEMFC_GRU_Training_Paper - INFO - Epoch 050/200 | 训练损失: 0.017318, 验证损失: 0.016137 | 学习率: 0.000294
2025-12-12 04:54:17,041 - PEMFC_GRU_Training_Paper - INFO -   训练指标: MAE: 0.0940, RMSE: 0.1315, MAPE: 31.5365, R2: 0.9827
2025-12-12 04:54:17,041 - PEMFC_GRU_Training_Paper - INFO -   验证指标: MAE: 0.1476, RMSE: 0.1798, MAPE: 12.3938, R2: 0.7029
2025-12-12 04:54:51,921 - PEMFC_GRU_Training_Paper - INFO - Epoch 051/200 | 训练损失: 0.017260, 验证损失: 0.016705 | 学习率: 0.000294
2025-12-12 04:54:51,921 - PEMFC_GRU_Training_Paper - INFO -   训练指标: MAE: 0.0939, RMSE: 0.1314, MAPE: 29.9160, R2: 0.9827
2025-12-12 04:54:51,921 - PEMFC_GRU_Training_Paper - INFO -   验证指标: MAE: 0.1486, RMSE: 0.1829, MAPE: 11.9345, R2: 0.6924
2025-12-12 04:55:34,990 - PEMFC_GRU_Training_Paper - INFO - Epoch 052/200 | 训练损失: 0.017279, 验证损失: 0.016099 | 学习率: 0.000206
2025-12-12 04:55:34,990 - PEMFC_GRU_Training_Paper - INFO -   训练指标: MAE: 0.0940, RMSE: 0.1315, MAPE: 28.1269, R2: 0.9827
2025-12-12 04:55:34,990 - PEMFC_GRU_Training_Paper - INFO -   验证指标: MAE: 0.1464, RMSE: 0.1795, MAPE: 12.6663, R2: 0.7039
2025-12-12 04:56:17,180 - PEMFC_GRU_Training_Paper - INFO - Epoch 053/200 | 训练损失: 0.016939, 验证损失: 0.021445 | 学习率: 0.000206
2025-12-12 04:56:17,180 - PEMFC_GRU_Training_Paper - INFO -   训练指标: MAE: 0.0934, RMSE: 0.1302, MAPE: 28.5200, R2: 0.9830
2025-12-12 04:56:17,181 - PEMFC_GRU_Training_Paper - INFO -   验证指标: MAE: 0.1740, RMSE: 0.2073, MAPE: 14.0018, R2: 0.6052
2025-12-12 04:57:03,711 - PEMFC_GRU_Training_Paper - INFO - Epoch 054/200 | 训练损失: 0.017029, 验证损失: 0.017767 | 学习率: 0.000206
2025-12-12 04:57:03,711 - PEMFC_GRU_Training_Paper - INFO -   训练指标: MAE: 0.0933, RMSE: 0.1304, MAPE: 33.5489, R2: 0.9830
2025-12-12 04:57:03,711 - PEMFC_GRU_Training_Paper - INFO -   验证指标: MAE: 0.1533, RMSE: 0.1887, MAPE: 12.7624, R2: 0.6728
2025-12-12 04:57:50,579 - PEMFC_GRU_Training_Paper - INFO - Epoch 055/200 | 训练损失: 0.017239, 验证损失: 0.019318 | 学习率: 0.000206
2025-12-12 04:57:50,579 - PEMFC_GRU_Training_Paper - INFO -   训练指标: MAE: 0.0938, RMSE: 0.1316, MAPE: 29.1496, R2: 0.9827
2025-12-12 04:57:50,579 - PEMFC_GRU_Training_Paper - INFO -   验证指标: MAE: 0.1639, RMSE: 0.1968, MAPE: 13.3134, R2: 0.6442
2025-12-12 04:58:36,093 - PEMFC_GRU_Training_Paper - INFO - Epoch 056/200 | 训练损失: 0.017029, 验证损失: 0.019990 | 学习率: 0.000206
2025-12-12 04:58:36,093 - PEMFC_GRU_Training_Paper - INFO -   训练指标: MAE: 0.0934, RMSE: 0.1306, MAPE: 30.5775, R2: 0.9829
2025-12-12 04:58:36,093 - PEMFC_GRU_Training_Paper - INFO -   验证指标: MAE: 0.1646, RMSE: 0.2001, MAPE: 13.4448, R2: 0.6319
2025-12-12 04:59:17,518 - PEMFC_GRU_Training_Paper - INFO - Epoch 057/200 | 训练损失: 0.016778, 验证损失: 0.017523 | 学习率: 0.000206
2025-12-12 04:59:17,518 - PEMFC_GRU_Training_Paper - INFO -   训练指标: MAE: 0.0930, RMSE: 0.1298, MAPE: 23.9390, R2: 0.9832
2025-12-12 04:59:17,518 - PEMFC_GRU_Training_Paper - INFO -   验证指标: MAE: 0.1531, RMSE: 0.1874, MAPE: 12.4619, R2: 0.6774
2025-12-12 04:59:53,462 - PEMFC_GRU_Training_Paper - INFO - Epoch 058/200 | 训练损失: 0.016907, 验证损失: 0.015384 | 学习率: 0.000144
2025-12-12 04:59:53,462 - PEMFC_GRU_Training_Paper - INFO -   训练指标: MAE: 0.0929, RMSE: 0.1302, MAPE: 25.4601, R2: 0.9830
2025-12-12 04:59:53,462 - PEMFC_GRU_Training_Paper - INFO -   验证指标: MAE: 0.1379, RMSE: 0.1754, MAPE: 11.8045, R2: 0.7172
2025-12-12 05:00:32,922 - PEMFC_GRU_Training_Paper - INFO - Epoch 059/200 | 训练损失: 0.016527, 验证损失: 0.019366 | 学习率: 0.000144
2025-12-12 05:00:32,922 - PEMFC_GRU_Training_Paper - INFO -   训练指标: MAE: 0.0924, RMSE: 0.1287, MAPE: 29.0271, R2: 0.9834
2025-12-12 05:00:32,922 - PEMFC_GRU_Training_Paper - INFO -   验证指标: MAE: 0.1621, RMSE: 0.1968, MAPE: 13.2987, R2: 0.6440
2025-12-12 05:01:08,762 - PEMFC_GRU_Training_Paper - INFO - Epoch 060/200 | 训练损失: 0.016424, 验证损失: 0.019295 | 学习率: 0.000144
2025-12-12 05:01:08,762 - PEMFC_GRU_Training_Paper - INFO -   训练指标: MAE: 0.0923, RMSE: 0.1285, MAPE: 25.4011, R2: 0.9835
2025-12-12 05:01:08,762 - PEMFC_GRU_Training_Paper - INFO -   验证指标: MAE: 0.1636, RMSE: 0.1966, MAPE: 13.5150, R2: 0.6448
2025-12-12 05:01:54,488 - PEMFC_GRU_Training_Paper - INFO - Epoch 061/200 | 训练损失: 0.016568, 验证损失: 0.017808 | 学习率: 0.000144
2025-12-12 05:01:54,489 - PEMFC_GRU_Training_Paper - INFO -   训练指标: MAE: 0.0924, RMSE: 0.1291, MAPE: 26.5165, R2: 0.9833
2025-12-12 05:01:54,489 - PEMFC_GRU_Training_Paper - INFO -   验证指标: MAE: 0.1555, RMSE: 0.1887, MAPE: 12.7946, R2: 0.6727
2025-12-12 05:02:42,018 - PEMFC_GRU_Training_Paper - INFO - Epoch 062/200 | 训练损失: 0.016646, 验证损失: 0.017867 | 学习率: 0.000144
2025-12-12 05:02:42,018 - PEMFC_GRU_Training_Paper - INFO -   训练指标: MAE: 0.0927, RMSE: 0.1293, MAPE: 27.8141, R2: 0.9833
2025-12-12 05:02:42,018 - PEMFC_GRU_Training_Paper - INFO -   验证指标: MAE: 0.1567, RMSE: 0.1892, MAPE: 13.2353, R2: 0.6711
2025-12-12 05:03:26,999 - PEMFC_GRU_Training_Paper - INFO - Epoch 063/200 | 训练损失: 0.016503, 验证损失: 0.018107 | 学习率: 0.000144
2025-12-12 05:03:26,999 - PEMFC_GRU_Training_Paper - INFO -   训练指标: MAE: 0.0921, RMSE: 0.1288, MAPE: 26.6670, R2: 0.9834
2025-12-12 05:03:26,999 - PEMFC_GRU_Training_Paper - INFO -   验证指标: MAE: 0.1579, RMSE: 0.1904, MAPE: 12.9834, R2: 0.6669
2025-12-12 05:04:00,790 - PEMFC_GRU_Training_Paper - INFO - Epoch 064/200 | 训练损失: 0.016796, 验证损失: 0.017180 | 学习率: 0.000101
2025-12-12 05:04:00,790 - PEMFC_GRU_Training_Paper - INFO -   训练指标: MAE: 0.0930, RMSE: 0.1299, MAPE: 26.6296, R2: 0.9831
2025-12-12 05:04:00,790 - PEMFC_GRU_Training_Paper - INFO -   验证指标: MAE: 0.1522, RMSE: 0.1855, MAPE: 12.8528, R2: 0.6838
