2025-12-21 09:50:57,628 - PEMFC_GRU_Training_Paper - INFO - ================================================================================
2025-12-21 09:50:57,628 - PEMFC_GRU_Training_Paper - INFO - PEMFC燃料电池GRU寿命预测模型（论文版本）
2025-12-21 09:50:57,628 - PEMFC_GRU_Training_Paper - INFO - 开始时间: 2025-12-21 09:50:57
2025-12-21 09:50:57,628 - PEMFC_GRU_Training_Paper - INFO - ================================================================================
2025-12-21 09:50:57,628 - PEMFC_GRU_Training_Paper - INFO - [模型配置参数]
2025-12-21 09:50:57,628 - PEMFC_GRU_Training_Paper - INFO -   data_path: processed_results/FC1/
2025-12-21 09:50:57,628 - PEMFC_GRU_Training_Paper - INFO -   data_file_pattern: *_processed_*.npz
2025-12-21 09:50:57,628 - PEMFC_GRU_Training_Paper - INFO -   data_file_suffix: _processed
2025-12-21 09:50:57,628 - PEMFC_GRU_Training_Paper - INFO -   target_feature: stack_voltage
2025-12-21 09:50:57,628 - PEMFC_GRU_Training_Paper - INFO -   sequence_length: 80
2025-12-21 09:50:57,628 - PEMFC_GRU_Training_Paper - INFO -   selected_features: [5 个元素] air_outlet_flow, hydrogen_inlet_temp, current, coolant_flow, current_density
2025-12-21 09:50:57,628 - PEMFC_GRU_Training_Paper - INFO -   missing_value_method: linear
2025-12-21 09:50:57,628 - PEMFC_GRU_Training_Paper - INFO -   outlier_method: 3sigma
2025-12-21 09:50:57,628 - PEMFC_GRU_Training_Paper - INFO -   outlier_sigma: 3.0
2025-12-21 09:50:57,628 - PEMFC_GRU_Training_Paper - INFO -   wavelet_method: sym8
2025-12-21 09:50:57,628 - PEMFC_GRU_Training_Paper - INFO -   wavelet_level: 4
2025-12-21 09:50:57,628 - PEMFC_GRU_Training_Paper - INFO -   wavelet_threshold_percentile: 70
2025-12-21 09:50:57,628 - PEMFC_GRU_Training_Paper - INFO -   enable_wavelet: False
2025-12-21 09:50:57,628 - PEMFC_GRU_Training_Paper - INFO -   train_ratio: 0.8
2025-12-21 09:50:57,628 - PEMFC_GRU_Training_Paper - INFO -   val_ratio: 0.1
2025-12-21 09:50:57,628 - PEMFC_GRU_Training_Paper - INFO -   test_ratio: 0.1
2025-12-21 09:50:57,628 - PEMFC_GRU_Training_Paper - INFO -   forecast_steps: 200
2025-12-21 09:50:57,628 - PEMFC_GRU_Training_Paper - INFO -   forecast_horizon: 2200.0
2025-12-21 09:50:57,628 - PEMFC_GRU_Training_Paper - INFO -   forecast_max_steps: 200000
2025-12-21 09:50:57,628 - PEMFC_GRU_Training_Paper - INFO -   fixed_dt: 0.0084
2025-12-21 09:50:57,628 - PEMFC_GRU_Training_Paper - INFO -   gru_hidden_size: 256
2025-12-21 09:50:57,628 - PEMFC_GRU_Training_Paper - INFO -   gru_num_layers: 2
2025-12-21 09:50:57,628 - PEMFC_GRU_Training_Paper - INFO -   dropout_rate: 0.1
2025-12-21 09:50:57,628 - PEMFC_GRU_Training_Paper - INFO -   bidirectional: False
2025-12-21 09:50:57,628 - PEMFC_GRU_Training_Paper - INFO -   fc_hidden_sizes: [2 个元素] 32, 16
2025-12-21 09:50:57,628 - PEMFC_GRU_Training_Paper - INFO -   batch_size: 32
2025-12-21 09:50:57,628 - PEMFC_GRU_Training_Paper - INFO -   epochs: 45
2025-12-21 09:50:57,628 - PEMFC_GRU_Training_Paper - INFO -   learning_rate: 0.0006
2025-12-21 09:50:57,628 - PEMFC_GRU_Training_Paper - INFO -   weight_decay: 0.001
2025-12-21 09:50:57,628 - PEMFC_GRU_Training_Paper - INFO -   patience: 30
2025-12-21 09:50:57,628 - PEMFC_GRU_Training_Paper - INFO -   lr_decay_factor: 0.7
2025-12-21 09:50:57,628 - PEMFC_GRU_Training_Paper - INFO -   lr_patience: 5
2025-12-21 09:50:57,628 - PEMFC_GRU_Training_Paper - INFO -   grad_clip: 0.5
2025-12-21 09:50:57,628 - PEMFC_GRU_Training_Paper - INFO -   slope_loss_weight: 0.2
2025-12-21 09:50:57,628 - PEMFC_GRU_Training_Paper - INFO -   variance_loss_weight: 0.45
2025-12-21 09:50:57,628 - PEMFC_GRU_Training_Paper - INFO -   apply_fc1_bias_correction: True
2025-12-21 09:50:57,628 - PEMFC_GRU_Training_Paper - INFO -   fc1_bias_correction: 0.0138
2025-12-21 09:50:57,628 - PEMFC_GRU_Training_Paper - INFO -   rul_prediction_scale: 0.995
2025-12-21 09:50:57,628 - PEMFC_GRU_Training_Paper - INFO -   soh_threshold: 0.96
2025-12-21 09:50:57,628 - PEMFC_GRU_Training_Paper - INFO -   v_initial_window: 100
2025-12-21 09:50:57,628 - PEMFC_GRU_Training_Paper - INFO -   cv_threshold: 0.01
2025-12-21 09:50:57,628 - PEMFC_GRU_Training_Paper - INFO -   denoising_method: wavelet
2025-12-21 09:50:57,628 - PEMFC_GRU_Training_Paper - INFO -   device: cuda
2025-12-21 09:50:57,628 - PEMFC_GRU_Training_Paper - INFO -   save_dir: train_results_paper
2025-12-21 09:50:57,628 - PEMFC_GRU_Training_Paper - INFO -   experiment_name: gru_pemfc_paper_experiment_fixed_r2_rul
2025-12-21 09:50:57,628 - PEMFC_GRU_Training_Paper - INFO - ================================================================================
2025-12-21 09:50:57,628 - PEMFC_GRU_Training_Paper - INFO - ================================================================================
2025-12-21 09:50:57,628 - PEMFC_GRU_Training_Paper - INFO - PEMFC燃料电池GRU寿命预测训练
2025-12-21 09:50:57,628 - PEMFC_GRU_Training_Paper - INFO - ================================================================================
2025-12-21 09:50:57,628 - PEMFC_GRU_Training_Paper - INFO - 开始数据准备...
2025-12-21 09:50:57,628 - PEMFC_GRU_Training_Paper - INFO - 步骤1: 加载数据并使用预定义特征
2025-12-21 09:50:57,628 - PEMFC_GRU_Training_Paper - INFO - 在目录中搜索最新数据文件: processed_results/FC1/
2025-12-21 09:50:57,628 - PEMFC_GRU_Training_Paper - INFO - 在目录中找到 3 个.npz文件
2025-12-21 09:50:57,628 - PEMFC_GRU_Training_Paper - INFO - 找到 3 个匹配模式的文件
2025-12-21 09:50:57,638 - PEMFC_GRU_Training_Paper - INFO - 按时间戳选择最新文件: FC1_processed_20251212_161806.npz
2025-12-21 09:50:57,638 - PEMFC_GRU_Training_Paper - INFO - 使用数据文件: processed_results/FC1/FC1_processed_20251212_161806.npz
2025-12-21 09:50:57,638 - PEMFC_GRU_Training_Paper - INFO - 使用数据文件: processed_results/FC1/FC1_processed_20251212_161806.npz
2025-12-21 09:50:57,638 - PEMFC_GRU_Training_Paper - INFO - NPZ文件中的所有特征: ['time', 'stack_voltage', 'J (A/cm²)', 'current', 'hydrogen_inlet_temp', 'hydrogen_outlet_temp', 'air_inlet_temp', 'air_outlet_temp', 'coolant_inlet_temp', 'coolant_outlet_temp', 'air_inlet_pressure', 'air_outlet_pressure', 'hydrogen_outlet_pressure', 'hydrogen_inlet_pressure', 'hydrogen_inlet_flow', 'hydrogen_outlet_flow', 'air_inlet_flow', 'air_outlet_flow', 'coolant_flow', 'air_inlet_humidity']
2025-12-21 09:50:57,638 - PEMFC_GRU_Training_Paper - INFO - 数据长度: 143862
2025-12-21 09:50:57,699 - PEMFC_GRU_Training_Paper - INFO - 原始数据加载: 143862 行, 20 列
2025-12-21 09:50:57,699 - PEMFC_GRU_Training_Paper - WARNING - 警告: 以下选定特征在数据中不存在: ['current_density']
2025-12-21 09:50:57,699 - PEMFC_GRU_Training_Paper - INFO - 选定的特征（排除目标）: ['air_outlet_flow', 'hydrogen_inlet_temp', 'current', 'coolant_flow', 'time']
2025-12-21 09:50:57,699 - PEMFC_GRU_Training_Paper - INFO - 选定数据形状: (143862, 6)
2025-12-21 09:50:57,699 - PEMFC_GRU_Training_Paper - INFO - 检查数据完整性...
2025-12-21 09:50:57,699 - PEMFC_GRU_Training_Paper - INFO - 加载后的数据列: ['air_outlet_flow', 'hydrogen_inlet_temp', 'current', 'coolant_flow', 'stack_voltage', 'time']
2025-12-21 09:50:57,709 - PEMFC_GRU_Training_Paper - INFO - 数据类型: {'air_outlet_flow': dtype('float64'), 'hydrogen_inlet_temp': dtype('float64'), 'current': dtype('float64'), 'coolant_flow': dtype('float64'), 'stack_voltage': dtype('float64'), 'time': dtype('float64')}
2025-12-21 09:50:57,709 - PEMFC_GRU_Training_Paper - INFO - 步骤2: 跳过小波去噪（enable_wavelet=False）
2025-12-21 09:50:57,709 - PEMFC_GRU_Training_Paper - INFO - 步骤4: 按时间顺序划分数据
2025-12-21 09:50:57,709 - PEMFC_GRU_Training_Paper - INFO - 划分前的数据列: ['air_outlet_flow', 'hydrogen_inlet_temp', 'current', 'coolant_flow', 'stack_voltage', 'time']
2025-12-21 09:50:57,709 - PEMFC_GRU_Training_Paper - INFO - 数据按时间排序。时间范围: 0.0h 到 1154.2h
2025-12-21 09:50:57,709 - PEMFC_GRU_Training_Paper - INFO - 训练集: 115089 个样本 (0.0h - 912.8h)
2025-12-21 09:50:57,709 - PEMFC_GRU_Training_Paper - INFO - 验证集: 14386 个样本 (912.8h - 1033.5h)
2025-12-21 09:50:57,709 - PEMFC_GRU_Training_Paper - INFO - 测试集: 14387 个样本 (1033.5h - 1154.2h)
2025-12-21 09:50:57,709 - PEMFC_GRU_Training_Paper - INFO - 步骤5: 标准化特征与目标
2025-12-21 09:50:57,719 - PEMFC_GRU_Training_Paper - INFO - 特征标准化器均值范围: 2.0226~431.6125, 标准差范围: 0.0307~276.2939
2025-12-21 09:50:57,719 - PEMFC_GRU_Training_Paper - INFO - 目标标准化器均值: 3.2815, 标准差: 0.039852
2025-12-21 09:50:57,719 - PEMFC_GRU_Training_Paper - INFO - 步骤3: 创建序列，窗口大小 80
2025-12-21 09:50:57,883 - PEMFC_GRU_Training_Paper - INFO - 创建了 115009 个序列
2025-12-21 09:50:57,883 - PEMFC_GRU_Training_Paper - INFO - 步骤3: 创建序列，窗口大小 80
2025-12-21 09:50:57,901 - PEMFC_GRU_Training_Paper - INFO - 创建了 14306 个序列
2025-12-21 09:50:57,901 - PEMFC_GRU_Training_Paper - INFO - 步骤3: 创建序列，窗口大小 80
2025-12-21 09:50:57,921 - PEMFC_GRU_Training_Paper - INFO - 创建了 14307 个序列
2025-12-21 09:50:57,921 - PEMFC_GRU_Training_Paper - INFO - 训练特征范围: min=0.0000~max=912.8310
2025-12-21 09:50:57,925 - PEMFC_GRU_Training_Paper - INFO - ✓ 数据划分和预处理 完成
2025-12-21 09:50:57,982 - PEMFC_GRU_Training_Paper - INFO - DataLoader创建完成: 训练集=3595批次, 验证集=448批次, 测试集=448批次
2025-12-21 09:50:57,982 - PEMFC_GRU_Training_Paper - INFO - ✓ 数据准备 完成
2025-12-21 09:50:57,982 - PEMFC_GRU_Training_Paper - INFO - 构建GRU模型，输入维度: 5
2025-12-21 09:50:58,013 - PEMFC_GRU_Training_Paper - INFO - 模型参数: 总计=605,505, 可训练=605,505
2025-12-21 09:51:00,420 - PEMFC_GRU_Training_Paper - INFO - 开始模型训练...
2025-12-21 09:51:00,420 - PEMFC_GRU_Training_Paper - INFO - 设备: cuda
2025-12-21 09:51:36,586 - PEMFC_GRU_Training_Paper - INFO - Epoch 001/045 | 训练损失: 0.065256, 验证损失: 0.034519 | 学习率: 0.000600
2025-12-21 09:51:36,586 - PEMFC_GRU_Training_Paper - INFO -   训练指标: MAE: 0.1809, RMSE: 0.2472, MAPE: 148.9962, R2: 0.9389
2025-12-21 09:51:36,586 - PEMFC_GRU_Training_Paper - INFO -   验证指标: MAE: 0.2324, RMSE: 0.2631, MAPE: 20.2623, R2: 0.3639
2025-12-21 09:51:36,731 - PEMFC_GRU_Training_Paper - INFO - ✓ 模型保存到 train_results_paper\gru_pemfc_paper_experiment_fixed_r2_rul\models\best_model.pth (输入维度: 5)
2025-12-21 09:51:36,731 - PEMFC_GRU_Training_Paper - INFO - ✓ 最佳模型已保存 (epoch 1, 验证损失: 0.034519)
2025-12-21 09:52:06,278 - PEMFC_GRU_Training_Paper - INFO - Epoch 002/045 | 训练损失: 0.040837, 验证损失: 0.032448 | 学习率: 0.000600
2025-12-21 09:52:06,278 - PEMFC_GRU_Training_Paper - INFO -   训练指标: MAE: 0.1448, RMSE: 0.1986, MAPE: 76.5077, R2: 0.9606
2025-12-21 09:52:06,278 - PEMFC_GRU_Training_Paper - INFO -   验证指标: MAE: 0.2149, RMSE: 0.2551, MAPE: 18.1146, R2: 0.4020
2025-12-21 09:52:06,291 - PEMFC_GRU_Training_Paper - INFO - ✓ 模型保存到 train_results_paper\gru_pemfc_paper_experiment_fixed_r2_rul\models\best_model.pth (输入维度: 5)
2025-12-21 09:52:06,291 - PEMFC_GRU_Training_Paper - INFO - ✓ 最佳模型已保存 (epoch 2, 验证损失: 0.032448)
2025-12-21 09:52:35,270 - PEMFC_GRU_Training_Paper - INFO - Epoch 003/045 | 训练损失: 0.033124, 验证损失: 0.033614 | 学习率: 0.000600
2025-12-21 09:52:35,270 - PEMFC_GRU_Training_Paper - INFO -   训练指标: MAE: 0.1298, RMSE: 0.1793, MAPE: 67.8010, R2: 0.9679
2025-12-21 09:52:35,270 - PEMFC_GRU_Training_Paper - INFO -   验证指标: MAE: 0.1749, RMSE: 0.2593, MAPE: 16.2973, R2: 0.3818
2025-12-21 09:53:03,254 - PEMFC_GRU_Training_Paper - INFO - Epoch 004/045 | 训练损失: 0.028995, 验证损失: 0.018803 | 学习率: 0.000600
2025-12-21 09:53:03,254 - PEMFC_GRU_Training_Paper - INFO -   训练指标: MAE: 0.1216, RMSE: 0.1681, MAPE: 49.6137, R2: 0.9717
2025-12-21 09:53:03,254 - PEMFC_GRU_Training_Paper - INFO -   验证指标: MAE: 0.1429, RMSE: 0.1940, MAPE: 13.1777, R2: 0.6540
2025-12-21 09:53:03,264 - PEMFC_GRU_Training_Paper - INFO - ✓ 模型保存到 train_results_paper\gru_pemfc_paper_experiment_fixed_r2_rul\models\best_model.pth (输入维度: 5)
2025-12-21 09:53:03,264 - PEMFC_GRU_Training_Paper - INFO - ✓ 最佳模型已保存 (epoch 4, 验证损失: 0.018803)
2025-12-21 09:53:34,023 - PEMFC_GRU_Training_Paper - INFO - Epoch 005/045 | 训练损失: 0.026974, 验证损失: 0.028798 | 学习率: 0.000600
2025-12-21 09:53:34,031 - PEMFC_GRU_Training_Paper - INFO -   训练指标: MAE: 0.1170, RMSE: 0.1624, MAPE: 52.9383, R2: 0.9736
2025-12-21 09:53:34,031 - PEMFC_GRU_Training_Paper - INFO -   验证指标: MAE: 0.1694, RMSE: 0.2401, MAPE: 15.0404, R2: 0.4702
2025-12-21 09:54:04,514 - PEMFC_GRU_Training_Paper - INFO - Epoch 006/045 | 训练损失: 0.026315, 验证损失: 0.028382 | 学习率: 0.000600
2025-12-21 09:54:04,514 - PEMFC_GRU_Training_Paper - INFO -   训练指标: MAE: 0.1149, RMSE: 0.1605, MAPE: 47.4126, R2: 0.9742
2025-12-21 09:54:04,514 - PEMFC_GRU_Training_Paper - INFO -   验证指标: MAE: 0.1833, RMSE: 0.2384, MAPE: 16.6514, R2: 0.4777
2025-12-21 09:54:34,008 - PEMFC_GRU_Training_Paper - INFO - Epoch 007/045 | 训练损失: 0.024704, 验证损失: 0.021151 | 学习率: 0.000600
2025-12-21 09:54:34,008 - PEMFC_GRU_Training_Paper - INFO -   训练指标: MAE: 0.1113, RMSE: 0.1560, MAPE: 38.6771, R2: 0.9757
2025-12-21 09:54:34,008 - PEMFC_GRU_Training_Paper - INFO -   验证指标: MAE: 0.1742, RMSE: 0.2059, MAPE: 13.6821, R2: 0.6105
2025-12-21 09:55:03,641 - PEMFC_GRU_Training_Paper - INFO - Epoch 008/045 | 训练损失: 0.023731, 验证损失: 0.018104 | 学习率: 0.000600
2025-12-21 09:55:03,641 - PEMFC_GRU_Training_Paper - INFO -   训练指标: MAE: 0.1087, RMSE: 0.1526, MAPE: 38.4601, R2: 0.9767
2025-12-21 09:55:03,641 - PEMFC_GRU_Training_Paper - INFO -   验证指标: MAE: 0.1506, RMSE: 0.1904, MAPE: 12.7767, R2: 0.6667
2025-12-21 09:55:03,653 - PEMFC_GRU_Training_Paper - INFO - ✓ 模型保存到 train_results_paper\gru_pemfc_paper_experiment_fixed_r2_rul\models\best_model.pth (输入维度: 5)
2025-12-21 09:55:03,653 - PEMFC_GRU_Training_Paper - INFO - ✓ 最佳模型已保存 (epoch 8, 验证损失: 0.018104)
2025-12-21 09:55:34,587 - PEMFC_GRU_Training_Paper - INFO - Epoch 009/045 | 训练损失: 0.023133, 验证损失: 0.027413 | 学习率: 0.000600
2025-12-21 09:55:34,587 - PEMFC_GRU_Training_Paper - INFO -   训练指标: MAE: 0.1071, RMSE: 0.1509, MAPE: 40.5645, R2: 0.9772
2025-12-21 09:55:34,587 - PEMFC_GRU_Training_Paper - INFO -   验证指标: MAE: 0.1977, RMSE: 0.2342, MAPE: 17.5159, R2: 0.4960
2025-12-21 09:56:04,042 - PEMFC_GRU_Training_Paper - INFO - Epoch 010/045 | 训练损失: 0.023789, 验证损失: 0.018606 | 学习率: 0.000600
2025-12-21 09:56:04,042 - PEMFC_GRU_Training_Paper - INFO -   训练指标: MAE: 0.1097, RMSE: 0.1533, MAPE: 50.3045, R2: 0.9765
2025-12-21 09:56:04,042 - PEMFC_GRU_Training_Paper - INFO -   验证指标: MAE: 0.1483, RMSE: 0.1930, MAPE: 13.7231, R2: 0.6577
2025-12-21 09:56:33,548 - PEMFC_GRU_Training_Paper - INFO - Epoch 011/045 | 训练损失: 0.021761, 验证损失: 0.019693 | 学习率: 0.000600
2025-12-21 09:56:33,548 - PEMFC_GRU_Training_Paper - INFO -   训练指标: MAE: 0.1041, RMSE: 0.1460, MAPE: 32.9595, R2: 0.9787
2025-12-21 09:56:33,548 - PEMFC_GRU_Training_Paper - INFO -   验证指标: MAE: 0.1563, RMSE: 0.1985, MAPE: 14.1579, R2: 0.6377
2025-12-21 09:57:03,470 - PEMFC_GRU_Training_Paper - INFO - Epoch 012/045 | 训练损失: 0.021728, 验证损失: 0.021903 | 学习率: 0.000600
2025-12-21 09:57:03,470 - PEMFC_GRU_Training_Paper - INFO -   训练指标: MAE: 0.1037, RMSE: 0.1463, MAPE: 36.1882, R2: 0.9786
2025-12-21 09:57:03,470 - PEMFC_GRU_Training_Paper - INFO -   验证指标: MAE: 0.1637, RMSE: 0.2093, MAPE: 15.2402, R2: 0.5973
2025-12-21 09:57:32,652 - PEMFC_GRU_Training_Paper - INFO - Epoch 013/045 | 训练损失: 0.021267, 验证损失: 0.021288 | 学习率: 0.000600
2025-12-21 09:57:32,652 - PEMFC_GRU_Training_Paper - INFO -   训练指标: MAE: 0.1023, RMSE: 0.1445, MAPE: 34.3067, R2: 0.9791
2025-12-21 09:57:32,652 - PEMFC_GRU_Training_Paper - INFO -   验证指标: MAE: 0.1746, RMSE: 0.2065, MAPE: 15.0931, R2: 0.6083
2025-12-21 09:58:02,012 - PEMFC_GRU_Training_Paper - INFO - Epoch 014/045 | 训练损失: 0.021068, 验证损失: 0.015618 | 学习率: 0.000600
2025-12-21 09:58:02,012 - PEMFC_GRU_Training_Paper - INFO -   训练指标: MAE: 0.1015, RMSE: 0.1439, MAPE: 32.5845, R2: 0.9793
2025-12-21 09:58:02,012 - PEMFC_GRU_Training_Paper - INFO -   验证指标: MAE: 0.1476, RMSE: 0.1769, MAPE: 11.6133, R2: 0.7124
2025-12-21 09:58:02,022 - PEMFC_GRU_Training_Paper - INFO - ✓ 模型保存到 train_results_paper\gru_pemfc_paper_experiment_fixed_r2_rul\models\best_model.pth (输入维度: 5)
2025-12-21 09:58:02,022 - PEMFC_GRU_Training_Paper - INFO - ✓ 最佳模型已保存 (epoch 14, 验证损失: 0.015618)
2025-12-21 09:58:33,205 - PEMFC_GRU_Training_Paper - INFO - Epoch 015/045 | 训练损失: 0.020890, 验证损失: 0.022005 | 学习率: 0.000600
2025-12-21 09:58:33,205 - PEMFC_GRU_Training_Paper - INFO -   训练指标: MAE: 0.1008, RMSE: 0.1431, MAPE: 37.0326, R2: 0.9795
2025-12-21 09:58:33,205 - PEMFC_GRU_Training_Paper - INFO -   验证指标: MAE: 0.1802, RMSE: 0.2100, MAPE: 14.2488, R2: 0.5948
2025-12-21 09:59:02,741 - PEMFC_GRU_Training_Paper - INFO - Epoch 016/045 | 训练损失: 0.020286, 验证损失: 0.017943 | 学习率: 0.000600
2025-12-21 09:59:02,741 - PEMFC_GRU_Training_Paper - INFO -   训练指标: MAE: 0.0998, RMSE: 0.1409, MAPE: 31.5414, R2: 0.9801
2025-12-21 09:59:02,741 - PEMFC_GRU_Training_Paper - INFO -   验证指标: MAE: 0.1625, RMSE: 0.1896, MAPE: 13.6112, R2: 0.6697
2025-12-21 09:59:32,129 - PEMFC_GRU_Training_Paper - INFO - Epoch 017/045 | 训练损失: 0.020097, 验证损失: 0.013708 | 学习率: 0.000600
2025-12-21 09:59:32,129 - PEMFC_GRU_Training_Paper - INFO -   训练指标: MAE: 0.0994, RMSE: 0.1406, MAPE: 31.5293, R2: 0.9802
2025-12-21 09:59:32,129 - PEMFC_GRU_Training_Paper - INFO -   验证指标: MAE: 0.1339, RMSE: 0.1657, MAPE: 11.3389, R2: 0.7476
2025-12-21 09:59:32,139 - PEMFC_GRU_Training_Paper - INFO - ✓ 模型保存到 train_results_paper\gru_pemfc_paper_experiment_fixed_r2_rul\models\best_model.pth (输入维度: 5)
2025-12-21 09:59:32,139 - PEMFC_GRU_Training_Paper - INFO - ✓ 最佳模型已保存 (epoch 17, 验证损失: 0.013708)
2025-12-21 10:00:03,439 - PEMFC_GRU_Training_Paper - INFO - Epoch 018/045 | 训练损失: 0.019735, 验证损失: 0.014467 | 学习率: 0.000600
2025-12-21 10:00:03,439 - PEMFC_GRU_Training_Paper - INFO -   训练指标: MAE: 0.0988, RMSE: 0.1396, MAPE: 29.3323, R2: 0.9805
2025-12-21 10:00:03,439 - PEMFC_GRU_Training_Paper - INFO -   验证指标: MAE: 0.1400, RMSE: 0.1702, MAPE: 11.7844, R2: 0.7337
2025-12-21 10:00:32,912 - PEMFC_GRU_Training_Paper - INFO - Epoch 019/045 | 训练损失: 0.019848, 验证损失: 0.015380 | 学习率: 0.000600
2025-12-21 10:00:32,912 - PEMFC_GRU_Training_Paper - INFO -   训练指标: MAE: 0.0987, RMSE: 0.1396, MAPE: 33.7862, R2: 0.9805
2025-12-21 10:00:32,912 - PEMFC_GRU_Training_Paper - INFO -   验证指标: MAE: 0.1484, RMSE: 0.1755, MAPE: 11.6087, R2: 0.7168
2025-12-21 10:01:02,241 - PEMFC_GRU_Training_Paper - INFO - Epoch 020/045 | 训练损失: 0.018814, 验证损失: 0.013752 | 学习率: 0.000600
2025-12-21 10:01:02,241 - PEMFC_GRU_Training_Paper - INFO -   训练指标: MAE: 0.0963, RMSE: 0.1363, MAPE: 30.7247, R2: 0.9814
2025-12-21 10:01:02,241 - PEMFC_GRU_Training_Paper - INFO -   验证指标: MAE: 0.1302, RMSE: 0.1659, MAPE: 11.1125, R2: 0.7470
2025-12-21 10:01:31,606 - PEMFC_GRU_Training_Paper - INFO - Epoch 021/045 | 训练损失: 0.018562, 验证损失: 0.012377 | 学习率: 0.000600
2025-12-21 10:01:31,606 - PEMFC_GRU_Training_Paper - INFO -   训练指标: MAE: 0.0959, RMSE: 0.1351, MAPE: 29.5551, R2: 0.9817
2025-12-21 10:01:31,606 - PEMFC_GRU_Training_Paper - INFO -   验证指标: MAE: 0.1296, RMSE: 0.1574, MAPE: 10.5538, R2: 0.7723
2025-12-21 10:01:31,618 - PEMFC_GRU_Training_Paper - INFO - ✓ 模型保存到 train_results_paper\gru_pemfc_paper_experiment_fixed_r2_rul\models\best_model.pth (输入维度: 5)
2025-12-21 10:01:31,618 - PEMFC_GRU_Training_Paper - INFO - ✓ 最佳模型已保存 (epoch 21, 验证损失: 0.012377)
2025-12-21 10:02:03,265 - PEMFC_GRU_Training_Paper - INFO - Epoch 022/045 | 训练损失: 0.018326, 验证损失: 0.014655 | 学习率: 0.000600
2025-12-21 10:02:03,265 - PEMFC_GRU_Training_Paper - INFO -   训练指标: MAE: 0.0956, RMSE: 0.1347, MAPE: 31.5074, R2: 0.9819
2025-12-21 10:02:03,265 - PEMFC_GRU_Training_Paper - INFO -   验证指标: MAE: 0.1476, RMSE: 0.1713, MAPE: 11.7362, R2: 0.7302
2025-12-21 10:02:35,230 - PEMFC_GRU_Training_Paper - INFO - Epoch 023/045 | 训练损失: 0.018477, 验证损失: 0.011068 | 学习率: 0.000600
2025-12-21 10:02:35,230 - PEMFC_GRU_Training_Paper - INFO -   训练指标: MAE: 0.0957, RMSE: 0.1352, MAPE: 34.2723, R2: 0.9817
2025-12-21 10:02:35,230 - PEMFC_GRU_Training_Paper - INFO -   验证指标: MAE: 0.1166, RMSE: 0.1489, MAPE: 9.8830, R2: 0.7963
2025-12-21 10:02:35,240 - PEMFC_GRU_Training_Paper - INFO - ✓ 模型保存到 train_results_paper\gru_pemfc_paper_experiment_fixed_r2_rul\models\best_model.pth (输入维度: 5)
2025-12-21 10:02:35,240 - PEMFC_GRU_Training_Paper - INFO - ✓ 最佳模型已保存 (epoch 23, 验证损失: 0.011068)
2025-12-21 10:03:06,411 - PEMFC_GRU_Training_Paper - INFO - Epoch 024/045 | 训练损失: 0.018267, 验证损失: 0.020867 | 学习率: 0.000600
2025-12-21 10:03:06,411 - PEMFC_GRU_Training_Paper - INFO -   训练指标: MAE: 0.0952, RMSE: 0.1343, MAPE: 28.4302, R2: 0.9820
2025-12-21 10:03:06,411 - PEMFC_GRU_Training_Paper - INFO -   验证指标: MAE: 0.1778, RMSE: 0.2045, MAPE: 13.0915, R2: 0.6157
2025-12-21 10:03:35,891 - PEMFC_GRU_Training_Paper - INFO - Epoch 025/045 | 训练损失: 0.018422, 验证损失: 0.013117 | 学习率: 0.000600
2025-12-21 10:03:35,891 - PEMFC_GRU_Training_Paper - INFO -   训练指标: MAE: 0.0952, RMSE: 0.1342, MAPE: 26.8051, R2: 0.9820
2025-12-21 10:03:35,891 - PEMFC_GRU_Training_Paper - INFO -   验证指标: MAE: 0.1344, RMSE: 0.1621, MAPE: 11.0921, R2: 0.7586
2025-12-21 10:04:06,180 - PEMFC_GRU_Training_Paper - INFO - Epoch 026/045 | 训练损失: 0.018289, 验证损失: 0.009938 | 学习率: 0.000600
2025-12-21 10:04:06,180 - PEMFC_GRU_Training_Paper - INFO -   训练指标: MAE: 0.0949, RMSE: 0.1342, MAPE: 27.3907, R2: 0.9820
2025-12-21 10:04:06,180 - PEMFC_GRU_Training_Paper - INFO -   验证指标: MAE: 0.1150, RMSE: 0.1411, MAPE: 9.3146, R2: 0.8172
2025-12-21 10:04:06,191 - PEMFC_GRU_Training_Paper - INFO - ✓ 模型保存到 train_results_paper\gru_pemfc_paper_experiment_fixed_r2_rul\models\best_model.pth (输入维度: 5)
2025-12-21 10:04:06,191 - PEMFC_GRU_Training_Paper - INFO - ✓ 最佳模型已保存 (epoch 26, 验证损失: 0.009938)
2025-12-21 10:04:38,229 - PEMFC_GRU_Training_Paper - INFO - Epoch 027/045 | 训练损失: 0.018119, 验证损失: 0.015034 | 学习率: 0.000600
2025-12-21 10:04:38,239 - PEMFC_GRU_Training_Paper - INFO -   训练指标: MAE: 0.0949, RMSE: 0.1339, MAPE: 31.0613, R2: 0.9821
2025-12-21 10:04:38,239 - PEMFC_GRU_Training_Paper - INFO -   验证指标: MAE: 0.1500, RMSE: 0.1735, MAPE: 11.6403, R2: 0.7233
2025-12-21 10:05:07,717 - PEMFC_GRU_Training_Paper - INFO - Epoch 028/045 | 训练损失: 0.022221, 验证损失: 0.008685 | 学习率: 0.000600
2025-12-21 10:05:07,717 - PEMFC_GRU_Training_Paper - INFO -   训练指标: MAE: 0.1021, RMSE: 0.1491, MAPE: 40.7070, R2: 0.9778
2025-12-21 10:05:07,717 - PEMFC_GRU_Training_Paper - INFO -   验证指标: MAE: 0.1045, RMSE: 0.1319, MAPE: 8.9311, R2: 0.8402
2025-12-21 10:05:07,727 - PEMFC_GRU_Training_Paper - INFO - ✓ 模型保存到 train_results_paper\gru_pemfc_paper_experiment_fixed_r2_rul\models\best_model.pth (输入维度: 5)
2025-12-21 10:05:07,727 - PEMFC_GRU_Training_Paper - INFO - ✓ 最佳模型已保存 (epoch 28, 验证损失: 0.008685)
2025-12-21 10:05:38,833 - PEMFC_GRU_Training_Paper - INFO - Epoch 029/045 | 训练损失: 0.018399, 验证损失: 0.014811 | 学习率: 0.000600
2025-12-21 10:05:38,833 - PEMFC_GRU_Training_Paper - INFO -   训练指标: MAE: 0.0970, RMSE: 0.1348, MAPE: 32.0351, R2: 0.9818
2025-12-21 10:05:38,833 - PEMFC_GRU_Training_Paper - INFO -   验证指标: MAE: 0.1473, RMSE: 0.1723, MAPE: 11.1621, R2: 0.7273
2025-12-21 10:06:08,634 - PEMFC_GRU_Training_Paper - INFO - Epoch 030/045 | 训练损失: 0.017818, 验证损失: 0.013597 | 学习率: 0.000600
2025-12-21 10:06:08,634 - PEMFC_GRU_Training_Paper - INFO -   训练指标: MAE: 0.0947, RMSE: 0.1330, MAPE: 30.5373, R2: 0.9823
2025-12-21 10:06:08,634 - PEMFC_GRU_Training_Paper - INFO -   验证指标: MAE: 0.1363, RMSE: 0.1650, MAPE: 10.4313, R2: 0.7497
2025-12-21 10:06:38,635 - PEMFC_GRU_Training_Paper - INFO - Epoch 031/045 | 训练损失: 0.017983, 验证损失: 0.010354 | 学习率: 0.000600
2025-12-21 10:06:38,635 - PEMFC_GRU_Training_Paper - INFO -   训练指标: MAE: 0.0944, RMSE: 0.1329, MAPE: 29.1326, R2: 0.9823
2025-12-21 10:06:38,635 - PEMFC_GRU_Training_Paper - INFO -   验证指标: MAE: 0.1219, RMSE: 0.1439, MAPE: 9.4647, R2: 0.8096
2025-12-21 10:07:08,449 - PEMFC_GRU_Training_Paper - INFO - Epoch 032/045 | 训练损失: 0.017829, 验证损失: 0.011109 | 学习率: 0.000600
2025-12-21 10:07:08,460 - PEMFC_GRU_Training_Paper - INFO -   训练指标: MAE: 0.0944, RMSE: 0.1327, MAPE: 33.8404, R2: 0.9824
2025-12-21 10:07:08,460 - PEMFC_GRU_Training_Paper - INFO -   验证指标: MAE: 0.1238, RMSE: 0.1489, MAPE: 10.2878, R2: 0.7963
2025-12-21 10:07:38,113 - PEMFC_GRU_Training_Paper - INFO - Epoch 033/045 | 训练损失: 0.017863, 验证损失: 0.009818 | 学习率: 0.000600
2025-12-21 10:07:38,113 - PEMFC_GRU_Training_Paper - INFO -   训练指标: MAE: 0.0942, RMSE: 0.1327, MAPE: 29.4419, R2: 0.9824
2025-12-21 10:07:38,113 - PEMFC_GRU_Training_Paper - INFO -   验证指标: MAE: 0.1189, RMSE: 0.1398, MAPE: 9.4581, R2: 0.8205
2025-12-21 10:08:08,208 - PEMFC_GRU_Training_Paper - INFO - Epoch 034/045 | 训练损失: 0.018422, 验证损失: 0.011905 | 学习率: 0.000420
2025-12-21 10:08:08,208 - PEMFC_GRU_Training_Paper - INFO -   训练指标: MAE: 0.0963, RMSE: 0.1351, MAPE: 31.2297, R2: 0.9818
2025-12-21 10:08:08,208 - PEMFC_GRU_Training_Paper - INFO -   验证指标: MAE: 0.1296, RMSE: 0.1543, MAPE: 10.4972, R2: 0.7811
2025-12-21 10:08:37,763 - PEMFC_GRU_Training_Paper - INFO - Epoch 035/045 | 训练损失: 0.018166, 验证损失: 0.012764 | 学习率: 0.000420
2025-12-21 10:08:37,763 - PEMFC_GRU_Training_Paper - INFO -   训练指标: MAE: 0.0986, RMSE: 0.1349, MAPE: 49.1570, R2: 0.9818
2025-12-21 10:08:37,763 - PEMFC_GRU_Training_Paper - INFO -   验证指标: MAE: 0.1354, RMSE: 0.1599, MAPE: 10.5266, R2: 0.7651
2025-12-21 10:09:07,235 - PEMFC_GRU_Training_Paper - INFO - Epoch 036/045 | 训练损失: 0.016606, 验证损失: 0.010434 | 学习率: 0.000420
2025-12-21 10:09:07,235 - PEMFC_GRU_Training_Paper - INFO -   训练指标: MAE: 0.0923, RMSE: 0.1286, MAPE: 33.3701, R2: 0.9835
2025-12-21 10:09:07,235 - PEMFC_GRU_Training_Paper - INFO -   验证指标: MAE: 0.1198, RMSE: 0.1445, MAPE: 9.5132, R2: 0.8080
2025-12-21 10:09:37,112 - PEMFC_GRU_Training_Paper - INFO - Epoch 037/045 | 训练损失: 0.017142, 验证损失: 0.012071 | 学习率: 0.000420
2025-12-21 10:09:37,112 - PEMFC_GRU_Training_Paper - INFO -   训练指标: MAE: 0.0927, RMSE: 0.1302, MAPE: 30.5392, R2: 0.9830
2025-12-21 10:09:37,112 - PEMFC_GRU_Training_Paper - INFO -   验证指标: MAE: 0.1316, RMSE: 0.1549, MAPE: 10.2169, R2: 0.7795
2025-12-21 10:10:06,730 - PEMFC_GRU_Training_Paper - INFO - Epoch 038/045 | 训练损失: 0.017143, 验证损失: 0.016227 | 学习率: 0.000420
2025-12-21 10:10:06,730 - PEMFC_GRU_Training_Paper - INFO -   训练指标: MAE: 0.0925, RMSE: 0.1305, MAPE: 27.7261, R2: 0.9830
2025-12-21 10:10:06,730 - PEMFC_GRU_Training_Paper - INFO -   验证指标: MAE: 0.1543, RMSE: 0.1793, MAPE: 11.6664, R2: 0.7044
2025-12-21 10:10:36,368 - PEMFC_GRU_Training_Paper - INFO - Epoch 039/045 | 训练损失: 0.016798, 验证损失: 0.017306 | 学习率: 0.000420
2025-12-21 10:10:36,368 - PEMFC_GRU_Training_Paper - INFO -   训练指标: MAE: 0.0918, RMSE: 0.1288, MAPE: 26.8814, R2: 0.9834
2025-12-21 10:10:36,368 - PEMFC_GRU_Training_Paper - INFO -   验证指标: MAE: 0.1563, RMSE: 0.1854, MAPE: 12.0799, R2: 0.6840
2025-12-21 10:11:05,765 - PEMFC_GRU_Training_Paper - INFO - Epoch 040/045 | 训练损失: 0.016846, 验证损失: 0.022332 | 学习率: 0.000294
2025-12-21 10:11:05,765 - PEMFC_GRU_Training_Paper - INFO -   训练指标: MAE: 0.0919, RMSE: 0.1293, MAPE: 30.1330, R2: 0.9833
2025-12-21 10:11:05,765 - PEMFC_GRU_Training_Paper - INFO -   验证指标: MAE: 0.1889, RMSE: 0.2113, MAPE: 14.6140, R2: 0.5897
2025-12-21 10:11:35,214 - PEMFC_GRU_Training_Paper - INFO - Epoch 041/045 | 训练损失: 0.016597, 验证损失: 0.015195 | 学习率: 0.000294
2025-12-21 10:11:35,214 - PEMFC_GRU_Training_Paper - INFO -   训练指标: MAE: 0.0912, RMSE: 0.1283, MAPE: 23.1385, R2: 0.9835
2025-12-21 10:11:35,214 - PEMFC_GRU_Training_Paper - INFO -   验证指标: MAE: 0.1487, RMSE: 0.1744, MAPE: 12.2794, R2: 0.7205
2025-12-21 10:12:04,995 - PEMFC_GRU_Training_Paper - INFO - Epoch 042/045 | 训练损失: 0.016278, 验证损失: 0.019580 | 学习率: 0.000294
2025-12-21 10:12:04,995 - PEMFC_GRU_Training_Paper - INFO -   训练指标: MAE: 0.0906, RMSE: 0.1275, MAPE: 23.6652, R2: 0.9837
2025-12-21 10:12:04,995 - PEMFC_GRU_Training_Paper - INFO -   验证指标: MAE: 0.1616, RMSE: 0.1976, MAPE: 13.3422, R2: 0.6413
2025-12-21 10:12:34,732 - PEMFC_GRU_Training_Paper - INFO - Epoch 043/045 | 训练损失: 0.016267, 验证损失: 0.027023 | 学习率: 0.000294
2025-12-21 10:12:34,732 - PEMFC_GRU_Training_Paper - INFO -   训练指标: MAE: 0.0904, RMSE: 0.1272, MAPE: 24.2819, R2: 0.9838
2025-12-21 10:12:34,732 - PEMFC_GRU_Training_Paper - INFO -   验证指标: MAE: 0.2015, RMSE: 0.2318, MAPE: 15.7350, R2: 0.5062
2025-12-21 10:13:04,715 - PEMFC_GRU_Training_Paper - INFO - Epoch 044/045 | 训练损失: 0.015995, 验证损失: 0.019522 | 学习率: 0.000294
2025-12-21 10:13:04,715 - PEMFC_GRU_Training_Paper - INFO -   训练指标: MAE: 0.0899, RMSE: 0.1266, MAPE: 24.3743, R2: 0.9840
2025-12-21 10:13:04,715 - PEMFC_GRU_Training_Paper - INFO -   验证指标: MAE: 0.1580, RMSE: 0.1974, MAPE: 13.3141, R2: 0.6418
2025-12-21 10:13:34,289 - PEMFC_GRU_Training_Paper - INFO - Epoch 045/045 | 训练损失: 0.016274, 验证损失: 0.013767 | 学习率: 0.000294
2025-12-21 10:13:34,289 - PEMFC_GRU_Training_Paper - INFO -   训练指标: MAE: 0.0906, RMSE: 0.1274, MAPE: 24.5539, R2: 0.9838
2025-12-21 10:13:34,289 - PEMFC_GRU_Training_Paper - INFO -   验证指标: MAE: 0.1418, RMSE: 0.1659, MAPE: 11.2905, R2: 0.7471
2025-12-21 10:13:34,289 - PEMFC_GRU_Training_Paper - INFO - 训练完成，耗时 1356.66 秒
2025-12-21 10:13:34,289 - PEMFC_GRU_Training_Paper - INFO - 最佳模型在 epoch 28，验证损失 0.008685
2025-12-21 10:13:34,309 - PEMFC_GRU_Training_Paper - INFO - ✓ 从 epoch 28 加载最佳模型
2025-12-21 10:13:34,309 - PEMFC_GRU_Training_Paper - INFO - 在测试集上评估模型...
2025-12-21 10:13:35,561 - PEMFC_GRU_Training_Paper - INFO - 已对FC1预测应用偏差校准: -0.013800
2025-12-21 10:13:35,561 - PEMFC_GRU_Training_Paper - INFO - 预测序列标准差: 0.007367, 真实序列标准差: 0.006925
2025-12-21 10:13:35,571 - PEMFC_GRU_Training_Paper - INFO - FC1 残差校正: slope=0.753198, intercept=0.801116, RMSE_adj=0.004144
2025-12-21 10:13:35,611 - PEMFC_GRU_Training_Paper - INFO - 预测结果保存到: train_results_paper\gru_pemfc_paper_experiment_fixed_r2_rul\csv_files\predictions.csv
2025-12-21 10:13:35,611 - PEMFC_GRU_Training_Paper - INFO - 滚动预测: 起点=1154.213h, 目标=2200.0h, 基础步长=0.0084h, 步数=124499
2025-12-21 10:20:22,957 - PEMFC_GRU_Training_Paper - INFO - 滚动多步预测完成，共 124499 步，结果保存: train_results_paper\gru_pemfc_paper_experiment_fixed_r2_rul\csv_files\future_rollout.csv
2025-12-21 10:20:22,957 - PEMFC_GRU_Training_Paper - INFO - 计算SOH和RUL...
2025-12-21 10:20:22,957 - PEMFC_GRU_Training_Paper - INFO - 使用稳定段均值计算V_initial（波动<0.5%）
2025-12-21 10:20:22,957 - PEMFC_GRU_Training_Paper - INFO - 计算出的V_initial: 3.2228V (稳定段长度=14307, 起点=0)
2025-12-21 10:20:22,957 - PEMFC_GRU_Training_Paper - INFO - RUL计算使用预测缩放因子: 0.9950 (V_initial保持未缩放)
2025-12-21 10:20:22,957 - PEMFC_GRU_Training_Paper - INFO - 对齐后：真实电压长度=14307, 预测长度=14307, 时间长度=14307
2025-12-21 10:20:22,957 - PEMFC_GRU_Training_Paper - INFO - 比较真实和预测的RUL
2025-12-21 10:20:22,957 - PEMFC_GRU_Training_Paper - INFO - 使用稳定段均值计算V_initial（波动<0.5%）
2025-12-21 10:20:22,964 - PEMFC_GRU_Training_Paper - INFO - 计算出的V_initial: 3.2228V (稳定段长度=14307, 起点=0)
2025-12-21 10:20:22,964 - PEMFC_GRU_Training_Paper - INFO - 使用线性插值计算RUL
2025-12-21 10:20:22,964 - PEMFC_GRU_Training_Paper - INFO - SOH序列形状: (14307,), 时间序列形状: (14307,)
2025-12-21 10:20:22,964 - PEMFC_GRU_Training_Paper - INFO - 处理后形状 - SOH: (14307,), 时间: (14307,)
2025-12-21 10:20:22,964 - PEMFC_GRU_Training_Paper - INFO - 所有SOH值都高于阈值，电池尚未显著退化
2025-12-21 10:20:22,964 - PEMFC_GRU_Training_Paper - INFO - 外推的RUL: 659.23h (斜率=-0.000056)
2025-12-21 10:20:22,964 - PEMFC_GRU_Training_Paper - INFO - 使用线性插值计算RUL
2025-12-21 10:20:22,964 - PEMFC_GRU_Training_Paper - INFO - SOH序列形状: (14307,), 时间序列形状: (14307,)
2025-12-21 10:20:22,964 - PEMFC_GRU_Training_Paper - INFO - 处理后形状 - SOH: (14307,), 时间: (14307,)
2025-12-21 10:20:22,964 - PEMFC_GRU_Training_Paper - INFO - 所有SOH值都高于阈值，电池尚未显著退化
2025-12-21 10:20:22,964 - PEMFC_GRU_Training_Paper - INFO - 外推的RUL: 688.06h (斜率=-0.000047)
2025-12-21 10:20:22,964 - PEMFC_GRU_Training_Paper - INFO - 真实RUL: 659.23h
2025-12-21 10:20:22,964 - PEMFC_GRU_Training_Paper - INFO - 预测RUL: 688.06h
2025-12-21 10:20:22,964 - PEMFC_GRU_Training_Paper - INFO - RUL MAE: 28.83h
2025-12-21 10:20:22,964 - PEMFC_GRU_Training_Paper - INFO - RUL MAPE: 4.37%
2025-12-21 10:20:22,964 - PEMFC_GRU_Training_Paper - INFO - PHM评分: 8.1894
2025-12-21 10:20:22,966 - PEMFC_GRU_Training_Paper - INFO - 使用稳定段均值计算V_initial（波动<0.5%）
2025-12-21 10:20:22,971 - PEMFC_GRU_Training_Paper - INFO - 计算出的V_initial: 3.1234V (稳定段长度=124499, 起点=14307)
2025-12-21 10:20:22,971 - PEMFC_GRU_Training_Paper - INFO - 使用线性插值计算RUL
2025-12-21 10:20:22,971 - PEMFC_GRU_Training_Paper - INFO - SOH序列形状: (138806,), 时间序列形状: (138806,)
2025-12-21 10:20:22,971 - PEMFC_GRU_Training_Paper - INFO - 处理后形状 - SOH: (138806,), 时间: (138806,)
2025-12-21 10:20:22,971 - PEMFC_GRU_Training_Paper - INFO - 所有SOH值都高于阈值，电池尚未显著退化
2025-12-21 10:20:22,981 - PEMFC_GRU_Training_Paper - INFO - 外推的RUL: 188.90h (斜率=-0.000055)
2025-12-21 10:20:22,981 - PEMFC_GRU_Training_Paper - INFO - 预测RUL(含未来外推): 188.90133378857718h, 方法=trend_extrapolation
2025-12-21 10:20:22,981 - PEMFC_GRU_Training_Paper - INFO - 使用稳定段均值计算V_initial（波动<0.5%）
2025-12-21 10:20:22,992 - PEMFC_GRU_Training_Paper - INFO - 计算出的V_initial: 3.2701V (稳定段长度=143862, 起点=0)
2025-12-21 10:20:22,992 - PEMFC_GRU_Training_Paper - INFO - 使用线性插值计算RUL
2025-12-21 10:20:22,992 - PEMFC_GRU_Training_Paper - INFO - SOH序列形状: (143862,), 时间序列形状: (143862,)
2025-12-21 10:20:22,992 - PEMFC_GRU_Training_Paper - INFO - 处理后形状 - SOH: (143862,), 时间: (143862,)
2025-12-21 10:20:22,992 - PEMFC_GRU_Training_Paper - INFO - 所有SOH值都高于阈值，电池尚未显著退化
2025-12-21 10:20:22,999 - PEMFC_GRU_Training_Paper - INFO - 外推的RUL: 512.44h (斜率=-0.000036)
2025-12-21 10:20:22,999 - PEMFC_GRU_Training_Paper - INFO - 真实RUL(全时间轴): 512.4367223388583h, 方法=trend_extrapolation
2025-12-21 10:20:22,999 - PEMFC_GRU_Training_Paper - INFO - 开始在FC2数据上进行跨数据集预测...
2025-12-21 10:20:22,999 - PEMFC_GRU_Training_Paper - INFO - 加载 FC2 数据用于推理: processed_results\FC2
2025-12-21 10:20:22,999 - PEMFC_GRU_Training_Paper - INFO - 步骤1: 加载数据并使用预定义特征
2025-12-21 10:20:22,999 - PEMFC_GRU_Training_Paper - INFO - 在目录中搜索最新数据文件: processed_results\FC2
2025-12-21 10:20:22,999 - PEMFC_GRU_Training_Paper - INFO - 在目录中找到 2 个.npz文件
2025-12-21 10:20:22,999 - PEMFC_GRU_Training_Paper - INFO - 找到 2 个匹配模式的文件
2025-12-21 10:20:22,999 - PEMFC_GRU_Training_Paper - INFO - 按时间戳选择最新文件: FC2_processed_20251212_161842.npz
2025-12-21 10:20:22,999 - PEMFC_GRU_Training_Paper - INFO - 使用数据文件: processed_results\FC2\FC2_processed_20251212_161842.npz
2025-12-21 10:20:22,999 - PEMFC_GRU_Training_Paper - INFO - 使用数据文件: processed_results\FC2\FC2_processed_20251212_161842.npz
2025-12-21 10:20:23,001 - PEMFC_GRU_Training_Paper - INFO - NPZ文件中的所有特征: ['time', 'stack_voltage', 'J (A/cm²)', 'current', 'hydrogen_inlet_temp', 'hydrogen_outlet_temp', 'air_inlet_temp', 'air_outlet_temp', 'coolant_inlet_temp', 'coolant_outlet_temp', 'air_inlet_pressure', 'air_outlet_pressure', 'hydrogen_outlet_pressure', 'hydrogen_inlet_pressure', 'hydrogen_inlet_flow', 'hydrogen_outlet_flow', 'air_inlet_flow', 'air_outlet_flow', 'coolant_flow', 'air_inlet_humidity']
2025-12-21 10:20:23,003 - PEMFC_GRU_Training_Paper - INFO - 数据长度: 127370
2025-12-21 10:20:23,046 - PEMFC_GRU_Training_Paper - INFO - 原始数据加载: 127370 行, 20 列
2025-12-21 10:20:23,048 - PEMFC_GRU_Training_Paper - INFO - 选定的特征（排除目标）: ['air_outlet_flow', 'hydrogen_inlet_temp', 'current', 'coolant_flow', 'time']
2025-12-21 10:20:23,048 - PEMFC_GRU_Training_Paper - INFO - 选定数据形状: (127370, 6)
2025-12-21 10:20:23,049 - PEMFC_GRU_Training_Paper - INFO - 步骤2: 跳过小波去噪（enable_wavelet=False）
2025-12-21 10:20:23,057 - PEMFC_GRU_Training_Paper - INFO - FC2 使用独立标准化器完成缩放
2025-12-21 10:20:23,057 - PEMFC_GRU_Training_Paper - INFO - 步骤3: 创建序列，窗口大小 80
2025-12-21 10:20:23,208 - PEMFC_GRU_Training_Paper - INFO - 创建了 127290 个序列
2025-12-21 10:20:36,130 - PEMFC_GRU_Training_Paper - INFO - FC2 指标: {'MAE': 0.021843, 'RMSE': 0.027052, 'MAPE': 0.67943, 'R2': 0.584278}
2025-12-21 10:20:36,142 - PEMFC_GRU_Training_Paper - INFO - FC2 残差校正: slope=0.742535, intercept=0.824350, RMSE_adj=0.023638
2025-12-21 10:20:36,142 - PEMFC_GRU_Training_Paper - INFO - FC2 未来滚动: last_time=1020.528, dt=0.008390, steps=140581
2025-12-21 10:26:07,786 - PEMFC_GRU_Training_Paper - INFO - FC2 未来段应用残差校正: slope=0.742535, intercept=0.824350
2025-12-21 10:26:07,786 - PEMFC_GRU_Training_Paper - INFO - FC2 未来段连续性校正: 对未来序列整体平移 -0.011569 以衔接测试末点 (raw预测对齐)
2025-12-21 10:26:09,132 - PEMFC_GRU_Training_Paper - INFO - FC2 全时间轴预测保存: train_results_paper\gru_pemfc_paper_experiment_fixed_r2_rul\csv_files\fc2_full_with_future.csv
2025-12-21 10:26:09,132 - PEMFC_GRU_Training_Paper - INFO - 使用稳定段均值计算V_initial（波动<0.5%）
2025-12-21 10:26:09,146 - PEMFC_GRU_Training_Paper - INFO - 计算出的V_initial: 3.1526V (稳定段长度=140421, 起点=127450)
2025-12-21 10:26:09,146 - PEMFC_GRU_Training_Paper - INFO - 使用线性插值计算RUL
2025-12-21 10:26:09,146 - PEMFC_GRU_Training_Paper - INFO - SOH序列形状: (267871,), 时间序列形状: (267871,)
2025-12-21 10:26:09,146 - PEMFC_GRU_Training_Paper - INFO - 处理后形状 - SOH: (267871,), 时间: (267871,)
2025-12-21 10:26:09,153 - PEMFC_GRU_Training_Paper - INFO - 所有SOH值都高于阈值，电池尚未显著退化
2025-12-21 10:26:09,160 - PEMFC_GRU_Training_Paper - INFO - 外推的RUL: 1275.38h (斜率=-0.000021)
2025-12-21 10:26:09,164 - PEMFC_GRU_Training_Paper - INFO - FC2 预测RUL: 1275.3838718950428, EOL=3475.386376889847 保存: train_results_paper\gru_pemfc_paper_experiment_fixed_r2_rul\csv_files\fc2_rul_prediction.csv
2025-12-21 10:26:09,667 - PEMFC_GRU_Training_Paper - INFO - FC2 全时间轴预测图保存: train_results_paper\gru_pemfc_paper_experiment_fixed_r2_rul\images\fc2_full_prediction.png
2025-12-21 10:26:12,279 - PEMFC_GRU_Training_Paper - INFO - 预测结果汇总保存: train_results_paper\gru_pemfc_paper_experiment_fixed_r2_rul\csv_files\predictions.csv
2025-12-21 10:26:12,279 - PEMFC_GRU_Training_Paper - INFO - 综合指标保存: train_results_paper\gru_pemfc_paper_experiment_fixed_r2_rul\tables\metrics_overall.csv
2025-12-21 10:26:12,279 - PEMFC_GRU_Training_Paper - INFO - 生成可视化图表...
2025-12-21 10:26:12,279 - PEMFC_GRU_Training_Paper - INFO - 字体设置成功，使用: Microsoft YaHei
2025-12-21 10:26:12,284 - PEMFC_GRU_Training_Paper - INFO - 绘制训练历史
2025-12-21 10:26:13,448 - PEMFC_GRU_Training_Paper - INFO - 训练历史图保存: train_results_paper\gru_pemfc_paper_experiment_fixed_r2_rul\images\training_history.png
2025-12-21 10:26:13,448 - PEMFC_GRU_Training_Paper - INFO - 绘制电压预测对比图（单幅图）
2025-12-21 10:26:13,448 - PEMFC_GRU_Training_Paper - INFO - 绘图输入形状 - true_voltage: (268361,), pred_voltage: (268361,), time_series: (268361,)
2025-12-21 10:26:14,008 - PEMFC_GRU_Training_Paper - INFO - 电压预测图保存: train_results_paper\gru_pemfc_paper_experiment_fixed_r2_rul\images\voltage_prediction.png
2025-12-21 10:26:14,008 - PEMFC_GRU_Training_Paper - INFO - 绘制SOH和RUL曲线
2025-12-21 10:26:14,008 - PEMFC_GRU_Training_Paper - INFO - 使用稳定段均值计算V_initial（波动<0.5%）
2025-12-21 10:26:14,010 - PEMFC_GRU_Training_Paper - INFO - 计算出的V_initial: 3.2228V (稳定段长度=14307, 起点=0)
2025-12-21 10:26:14,010 - PEMFC_GRU_Training_Paper - INFO - 使用稳定段均值计算V_initial（波动<0.5%）
2025-12-21 10:26:14,010 - PEMFC_GRU_Training_Paper - INFO - 计算出的V_initial: 3.2067V (稳定段长度=14307, 起点=0)
2025-12-21 10:26:14,693 - PEMFC_GRU_Training_Paper - INFO - SOH/RUL曲线图保存: train_results_paper\gru_pemfc_paper_experiment_fixed_r2_rul\images\soh_rul_curve.png
2025-12-21 10:26:14,694 - PEMFC_GRU_Training_Paper - INFO - 生成最终报告...
2025-12-21 10:26:14,695 - PEMFC_GRU_Training_Paper - INFO - 最终报告保存: train_results_paper\gru_pemfc_paper_experiment_fixed_r2_rul\configs\final_report.json
2025-12-21 10:26:14,695 - PEMFC_GRU_Training_Paper - INFO - ================================================================================
2025-12-21 10:26:14,695 - PEMFC_GRU_Training_Paper - INFO - 训练和评估成功完成!
2025-12-21 10:26:14,695 - PEMFC_GRU_Training_Paper - INFO - ================================================================================
