2025-12-10 23:16:50,324 - PEMFC_GRU_Training_Paper - INFO - ================================================================================
2025-12-10 23:16:50,326 - PEMFC_GRU_Training_Paper - INFO - PEMFC燃料电池GRU寿命预测模型（论文版本）
2025-12-10 23:16:50,326 - PEMFC_GRU_Training_Paper - INFO - 开始时间: 2025-12-10 23:16:50
2025-12-10 23:16:50,326 - PEMFC_GRU_Training_Paper - INFO - ================================================================================
2025-12-10 23:16:50,326 - PEMFC_GRU_Training_Paper - INFO - [模型配置参数]
2025-12-10 23:16:50,326 - PEMFC_GRU_Training_Paper - INFO -   data_path: processed_results/FC1/
2025-12-10 23:16:50,326 - PEMFC_GRU_Training_Paper - INFO -   data_file_pattern: *_processed_*.npz
2025-12-10 23:16:50,326 - PEMFC_GRU_Training_Paper - INFO -   data_file_suffix: _processed
2025-12-10 23:16:50,326 - PEMFC_GRU_Training_Paper - INFO -   target_feature: stack_voltage
2025-12-10 23:16:50,326 - PEMFC_GRU_Training_Paper - INFO -   sequence_length: 80
2025-12-10 23:16:50,326 - PEMFC_GRU_Training_Paper - INFO -   selected_features: [5 个元素] air_outlet_flow, hydrogen_inlet_temp, current, coolant_flow, current_density
2025-12-10 23:16:50,326 - PEMFC_GRU_Training_Paper - INFO -   missing_value_method: linear
2025-12-10 23:16:50,326 - PEMFC_GRU_Training_Paper - INFO -   outlier_method: 3sigma
2025-12-10 23:16:50,326 - PEMFC_GRU_Training_Paper - INFO -   outlier_sigma: 3.0
2025-12-10 23:16:50,326 - PEMFC_GRU_Training_Paper - INFO -   wavelet_method: sym8
2025-12-10 23:16:50,326 - PEMFC_GRU_Training_Paper - INFO -   wavelet_level: 4
2025-12-10 23:16:50,326 - PEMFC_GRU_Training_Paper - INFO -   wavelet_threshold_percentile: 70
2025-12-10 23:16:50,326 - PEMFC_GRU_Training_Paper - INFO -   enable_wavelet: False
2025-12-10 23:16:50,326 - PEMFC_GRU_Training_Paper - INFO -   train_ratio: 0.8
2025-12-10 23:16:50,326 - PEMFC_GRU_Training_Paper - INFO -   val_ratio: 0.1
2025-12-10 23:16:50,326 - PEMFC_GRU_Training_Paper - INFO -   test_ratio: 0.1
2025-12-10 23:16:50,326 - PEMFC_GRU_Training_Paper - INFO -   forecast_steps: 200
2025-12-10 23:16:50,326 - PEMFC_GRU_Training_Paper - INFO -   forecast_horizon: 2200.0
2025-12-10 23:16:50,326 - PEMFC_GRU_Training_Paper - INFO -   forecast_max_steps: 200000
2025-12-10 23:16:50,327 - PEMFC_GRU_Training_Paper - INFO -   fixed_dt: 0.0084
2025-12-10 23:16:50,327 - PEMFC_GRU_Training_Paper - INFO -   gru_hidden_size: 256
2025-12-10 23:16:50,327 - PEMFC_GRU_Training_Paper - INFO -   gru_num_layers: 2
2025-12-10 23:16:50,327 - PEMFC_GRU_Training_Paper - INFO -   dropout_rate: 0.1
2025-12-10 23:16:50,327 - PEMFC_GRU_Training_Paper - INFO -   bidirectional: False
2025-12-10 23:16:50,327 - PEMFC_GRU_Training_Paper - INFO -   fc_hidden_sizes: [2 个元素] 32, 16
2025-12-10 23:16:50,327 - PEMFC_GRU_Training_Paper - INFO -   batch_size: 32
2025-12-10 23:16:50,327 - PEMFC_GRU_Training_Paper - INFO -   epochs: 200
2025-12-10 23:16:50,327 - PEMFC_GRU_Training_Paper - INFO -   learning_rate: 0.0006
2025-12-10 23:16:50,327 - PEMFC_GRU_Training_Paper - INFO -   weight_decay: 0.001
2025-12-10 23:16:50,327 - PEMFC_GRU_Training_Paper - INFO -   patience: 30
2025-12-10 23:16:50,327 - PEMFC_GRU_Training_Paper - INFO -   lr_decay_factor: 0.7
2025-12-10 23:16:50,327 - PEMFC_GRU_Training_Paper - INFO -   lr_patience: 5
2025-12-10 23:16:50,327 - PEMFC_GRU_Training_Paper - INFO -   grad_clip: 0.5
2025-12-10 23:16:50,327 - PEMFC_GRU_Training_Paper - INFO -   slope_loss_weight: 0.2
2025-12-10 23:16:50,327 - PEMFC_GRU_Training_Paper - INFO -   variance_loss_weight: 0.45
2025-12-10 23:16:50,327 - PEMFC_GRU_Training_Paper - INFO -   apply_fc1_bias_correction: True
2025-12-10 23:16:50,327 - PEMFC_GRU_Training_Paper - INFO -   fc1_bias_correction: 0.0138
2025-12-10 23:16:50,327 - PEMFC_GRU_Training_Paper - INFO -   rul_prediction_scale: 0.995
2025-12-10 23:16:50,327 - PEMFC_GRU_Training_Paper - INFO -   soh_threshold: 0.96
2025-12-10 23:16:50,327 - PEMFC_GRU_Training_Paper - INFO -   v_initial_window: 100
2025-12-10 23:16:50,327 - PEMFC_GRU_Training_Paper - INFO -   cv_threshold: 0.01
2025-12-10 23:16:50,327 - PEMFC_GRU_Training_Paper - INFO -   denoising_method: wavelet
2025-12-10 23:16:50,327 - PEMFC_GRU_Training_Paper - INFO -   device: cuda
2025-12-10 23:16:50,327 - PEMFC_GRU_Training_Paper - INFO -   save_dir: train_results_paper
2025-12-10 23:16:50,327 - PEMFC_GRU_Training_Paper - INFO -   experiment_name: gru_pemfc_paper_experiment_fixed_r2_rul
2025-12-10 23:16:50,327 - PEMFC_GRU_Training_Paper - INFO - ================================================================================
2025-12-10 23:16:50,328 - PEMFC_GRU_Training_Paper - INFO - ================================================================================
2025-12-10 23:16:50,328 - PEMFC_GRU_Training_Paper - INFO - PEMFC燃料电池GRU寿命预测训练
2025-12-10 23:16:50,328 - PEMFC_GRU_Training_Paper - INFO - ================================================================================
2025-12-10 23:16:50,328 - PEMFC_GRU_Training_Paper - INFO - 开始数据准备...
2025-12-10 23:16:50,329 - PEMFC_GRU_Training_Paper - INFO - 步骤1: 加载数据并使用预定义特征
2025-12-10 23:16:50,329 - PEMFC_GRU_Training_Paper - INFO - 在目录中搜索最新数据文件: processed_results/FC1/
2025-12-10 23:16:50,329 - PEMFC_GRU_Training_Paper - INFO - 在目录中找到 2 个.npz文件
2025-12-10 23:16:50,329 - PEMFC_GRU_Training_Paper - INFO - 找到 2 个匹配模式的文件
2025-12-10 23:16:50,330 - PEMFC_GRU_Training_Paper - INFO - 按时间戳选择最新文件: FC1_processed_20251209_200621.npz
2025-12-10 23:16:50,330 - PEMFC_GRU_Training_Paper - INFO - 使用数据文件: processed_results/FC1/FC1_processed_20251209_200621.npz
2025-12-10 23:16:50,330 - PEMFC_GRU_Training_Paper - INFO - 使用数据文件: processed_results/FC1/FC1_processed_20251209_200621.npz
2025-12-10 23:16:50,332 - PEMFC_GRU_Training_Paper - INFO - NPZ文件中的所有特征: ['time', 'stack_voltage', 'current_density', 'current', 'hydrogen_inlet_temp', 'hydrogen_outlet_temp', 'air_inlet_temp', 'air_outlet_temp', 'coolant_inlet_temp', 'coolant_outlet_temp', 'air_inlet_pressure', 'air_outlet_pressure', 'hydrogen_outlet_pressure', 'hydrogen_inlet_pressure', 'hydrogen_inlet_flow', 'hydrogen_outlet_flow', 'air_inlet_flow', 'air_outlet_flow', 'coolant_flow', 'air_inlet_humidity']
2025-12-10 23:16:50,335 - PEMFC_GRU_Training_Paper - INFO - 数据长度: 143862
2025-12-10 23:16:50,392 - PEMFC_GRU_Training_Paper - INFO - 原始数据加载: 143862 行, 20 列
2025-12-10 23:16:50,399 - PEMFC_GRU_Training_Paper - INFO - 选定的特征（排除目标）: ['air_outlet_flow', 'hydrogen_inlet_temp', 'current', 'coolant_flow', 'current_density', 'time']
2025-12-10 23:16:50,399 - PEMFC_GRU_Training_Paper - INFO - 选定数据形状: (143862, 7)
2025-12-10 23:16:50,402 - PEMFC_GRU_Training_Paper - INFO - 检查数据完整性...
2025-12-10 23:16:50,402 - PEMFC_GRU_Training_Paper - INFO - 加载后的数据列: ['air_outlet_flow', 'hydrogen_inlet_temp', 'current', 'coolant_flow', 'current_density', 'stack_voltage', 'time']
2025-12-10 23:16:50,404 - PEMFC_GRU_Training_Paper - INFO - 数据类型: {'air_outlet_flow': dtype('float64'), 'hydrogen_inlet_temp': dtype('float64'), 'current': dtype('float64'), 'coolant_flow': dtype('float64'), 'current_density': dtype('float64'), 'stack_voltage': dtype('float64'), 'time': dtype('float64')}
2025-12-10 23:16:50,404 - PEMFC_GRU_Training_Paper - INFO - 步骤2: 跳过小波去噪（enable_wavelet=False）
2025-12-10 23:16:50,404 - PEMFC_GRU_Training_Paper - INFO - 步骤4: 按时间顺序划分数据
2025-12-10 23:16:50,405 - PEMFC_GRU_Training_Paper - INFO - 划分前的数据列: ['air_outlet_flow', 'hydrogen_inlet_temp', 'current', 'coolant_flow', 'current_density', 'stack_voltage', 'time']
2025-12-10 23:16:50,411 - PEMFC_GRU_Training_Paper - INFO - 数据按时间排序。时间范围: 0.0h 到 1154.2h
2025-12-10 23:16:50,411 - PEMFC_GRU_Training_Paper - INFO - 训练集: 115089 个样本 (0.0h - 912.8h)
2025-12-10 23:16:50,411 - PEMFC_GRU_Training_Paper - INFO - 验证集: 14386 个样本 (912.8h - 1033.5h)
2025-12-10 23:16:50,411 - PEMFC_GRU_Training_Paper - INFO - 测试集: 14387 个样本 (1033.5h - 1154.2h)
2025-12-10 23:16:50,415 - PEMFC_GRU_Training_Paper - INFO - 步骤5: 标准化特征与目标
2025-12-10 23:16:50,420 - PEMFC_GRU_Training_Paper - INFO - 特征标准化器均值范围: 0.7022~431.6125, 标准差范围: 0.0003~276.2939
2025-12-10 23:16:50,421 - PEMFC_GRU_Training_Paper - INFO - 目标标准化器均值: 3.2815, 标准差: 0.039852
2025-12-10 23:16:50,424 - PEMFC_GRU_Training_Paper - INFO - 步骤3: 创建序列，窗口大小 80
2025-12-10 23:16:50,591 - PEMFC_GRU_Training_Paper - INFO - 创建了 115009 个序列
2025-12-10 23:16:50,591 - PEMFC_GRU_Training_Paper - INFO - 步骤3: 创建序列，窗口大小 80
2025-12-10 23:16:50,611 - PEMFC_GRU_Training_Paper - INFO - 创建了 14306 个序列
2025-12-10 23:16:50,611 - PEMFC_GRU_Training_Paper - INFO - 步骤3: 创建序列，窗口大小 80
2025-12-10 23:16:50,632 - PEMFC_GRU_Training_Paper - INFO - 创建了 14307 个序列
2025-12-10 23:16:50,635 - PEMFC_GRU_Training_Paper - INFO - 训练特征范围: min=0.0000~max=912.8310
2025-12-10 23:16:50,637 - PEMFC_GRU_Training_Paper - INFO - ✓ 数据划分和预处理 完成
2025-12-10 23:16:50,717 - PEMFC_GRU_Training_Paper - INFO - DataLoader创建完成: 训练集=3595批次, 验证集=448批次, 测试集=448批次
2025-12-10 23:16:50,718 - PEMFC_GRU_Training_Paper - INFO - ✓ 数据准备 完成
2025-12-10 23:16:50,718 - PEMFC_GRU_Training_Paper - INFO - 构建GRU模型，输入维度: 6
2025-12-10 23:16:50,815 - PEMFC_GRU_Training_Paper - INFO - 模型参数: 总计=606,273, 可训练=606,273
2025-12-10 23:16:52,815 - PEMFC_GRU_Training_Paper - INFO - 开始模型训练...
2025-12-10 23:16:52,815 - PEMFC_GRU_Training_Paper - INFO - 设备: cuda
2025-12-10 23:17:23,615 - PEMFC_GRU_Training_Paper - INFO - Epoch 001/200 | 训练损失: 0.062662, 验证损失: 0.061554 | 学习率: 0.000600
2025-12-10 23:17:23,617 - PEMFC_GRU_Training_Paper - INFO -   训练指标: MAE: 0.1776, RMSE: 0.2429, MAPE: 143.9192, R2: 0.9410
2025-12-10 23:17:23,617 - PEMFC_GRU_Training_Paper - INFO -   验证指标: MAE: 0.3090, RMSE: 0.3510, MAPE: 26.8298, R2: -0.1323
2025-12-10 23:17:23,631 - PEMFC_GRU_Training_Paper - INFO - ✓ 模型保存到 train_results_paper\gru_pemfc_paper_experiment_fixed_r2_rul\models\best_model.pth (输入维度: 6)
2025-12-10 23:17:23,631 - PEMFC_GRU_Training_Paper - INFO - ✓ 最佳模型已保存 (epoch 1, 验证损失: 0.061554)
2025-12-10 23:17:54,032 - PEMFC_GRU_Training_Paper - INFO - Epoch 002/200 | 训练损失: 0.040616, 验证损失: 0.045903 | 学习率: 0.000600
2025-12-10 23:17:54,032 - PEMFC_GRU_Training_Paper - INFO -   训练指标: MAE: 0.1453, RMSE: 0.1986, MAPE: 75.0045, R2: 0.9606
2025-12-10 23:17:54,032 - PEMFC_GRU_Training_Paper - INFO -   验证指标: MAE: 0.2034, RMSE: 0.3034, MAPE: 18.3227, R2: 0.1540
2025-12-10 23:17:54,041 - PEMFC_GRU_Training_Paper - INFO - ✓ 模型保存到 train_results_paper\gru_pemfc_paper_experiment_fixed_r2_rul\models\best_model.pth (输入维度: 6)
2025-12-10 23:17:54,041 - PEMFC_GRU_Training_Paper - INFO - ✓ 最佳模型已保存 (epoch 2, 验证损失: 0.045903)
2025-12-10 23:18:32,783 - PEMFC_GRU_Training_Paper - INFO - Epoch 003/200 | 训练损失: 0.033124, 验证损失: 0.029164 | 学习率: 0.000600
2025-12-10 23:18:32,783 - PEMFC_GRU_Training_Paper - INFO -   训练指标: MAE: 0.1313, RMSE: 0.1800, MAPE: 68.9735, R2: 0.9676
2025-12-10 23:18:32,783 - PEMFC_GRU_Training_Paper - INFO -   验证指标: MAE: 0.2024, RMSE: 0.2416, MAPE: 17.6823, R2: 0.4636
2025-12-10 23:18:32,793 - PEMFC_GRU_Training_Paper - INFO - ✓ 模型保存到 train_results_paper\gru_pemfc_paper_experiment_fixed_r2_rul\models\best_model.pth (输入维度: 6)
2025-12-10 23:18:32,793 - PEMFC_GRU_Training_Paper - INFO - ✓ 最佳模型已保存 (epoch 3, 验证损失: 0.029164)
2025-12-10 23:19:03,925 - PEMFC_GRU_Training_Paper - INFO - Epoch 004/200 | 训练损失: 0.030290, 验证损失: 0.032297 | 学习率: 0.000600
2025-12-10 23:19:03,926 - PEMFC_GRU_Training_Paper - INFO -   训练指标: MAE: 0.1253, RMSE: 0.1721, MAPE: 65.8773, R2: 0.9704
2025-12-10 23:19:03,926 - PEMFC_GRU_Training_Paper - INFO -   验证指标: MAE: 0.2228, RMSE: 0.2543, MAPE: 18.5381, R2: 0.4058
2025-12-10 23:19:33,546 - PEMFC_GRU_Training_Paper - INFO - Epoch 005/200 | 训练损失: 0.027873, 验证损失: 0.038045 | 学习率: 0.000600
2025-12-10 23:19:33,546 - PEMFC_GRU_Training_Paper - INFO -   训练指标: MAE: 0.1197, RMSE: 0.1651, MAPE: 57.5911, R2: 0.9728
2025-12-10 23:19:33,546 - PEMFC_GRU_Training_Paper - INFO -   验证指标: MAE: 0.2341, RMSE: 0.2759, MAPE: 19.8736, R2: 0.3004
2025-12-10 23:20:03,300 - PEMFC_GRU_Training_Paper - INFO - Epoch 006/200 | 训练损失: 0.026745, 验证损失: 0.065882 | 学习率: 0.000600
2025-12-10 23:20:03,300 - PEMFC_GRU_Training_Paper - INFO -   训练指标: MAE: 0.1171, RMSE: 0.1622, MAPE: 53.3479, R2: 0.9737
2025-12-10 23:20:03,300 - PEMFC_GRU_Training_Paper - INFO -   验证指标: MAE: 0.2651, RMSE: 0.3631, MAPE: 24.2051, R2: -0.2119
2025-12-10 23:20:32,873 - PEMFC_GRU_Training_Paper - INFO - Epoch 007/200 | 训练损失: 0.025741, 验证损失: 0.031378 | 学习率: 0.000600
2025-12-10 23:20:32,873 - PEMFC_GRU_Training_Paper - INFO -   训练指标: MAE: 0.1149, RMSE: 0.1589, MAPE: 47.7502, R2: 0.9747
2025-12-10 23:20:32,873 - PEMFC_GRU_Training_Paper - INFO -   验证指标: MAE: 0.2072, RMSE: 0.2506, MAPE: 18.3762, R2: 0.4230
2025-12-10 23:21:04,299 - PEMFC_GRU_Training_Paper - INFO - Epoch 008/200 | 训练损失: 0.025124, 验证损失: 0.022860 | 学习率: 0.000600
2025-12-10 23:21:04,299 - PEMFC_GRU_Training_Paper - INFO -   训练指标: MAE: 0.1127, RMSE: 0.1567, MAPE: 56.0849, R2: 0.9754
2025-12-10 23:21:04,299 - PEMFC_GRU_Training_Paper - INFO -   验证指标: MAE: 0.1666, RMSE: 0.2139, MAPE: 14.8623, R2: 0.5795
2025-12-10 23:21:04,310 - PEMFC_GRU_Training_Paper - INFO - ✓ 模型保存到 train_results_paper\gru_pemfc_paper_experiment_fixed_r2_rul\models\best_model.pth (输入维度: 6)
2025-12-10 23:21:04,310 - PEMFC_GRU_Training_Paper - INFO - ✓ 最佳模型已保存 (epoch 8, 验证损失: 0.022860)
2025-12-10 23:21:37,263 - PEMFC_GRU_Training_Paper - INFO - Epoch 009/200 | 训练损失: 0.023744, 验证损失: 0.032817 | 学习率: 0.000600
2025-12-10 23:21:37,263 - PEMFC_GRU_Training_Paper - INFO -   训练指标: MAE: 0.1100, RMSE: 0.1532, MAPE: 44.5584, R2: 0.9765
2025-12-10 23:21:37,263 - PEMFC_GRU_Training_Paper - INFO -   验证指标: MAE: 0.2124, RMSE: 0.2562, MAPE: 19.0477, R2: 0.3966
2025-12-10 23:22:07,326 - PEMFC_GRU_Training_Paper - INFO - Epoch 010/200 | 训练损失: 0.023413, 验证损失: 0.027930 | 学习率: 0.000600
2025-12-10 23:22:07,326 - PEMFC_GRU_Training_Paper - INFO -   训练指标: MAE: 0.1092, RMSE: 0.1520, MAPE: 44.1585, R2: 0.9769
2025-12-10 23:22:07,326 - PEMFC_GRU_Training_Paper - INFO -   验证指标: MAE: 0.1975, RMSE: 0.2364, MAPE: 16.5729, R2: 0.4862
2025-12-10 23:22:37,031 - PEMFC_GRU_Training_Paper - INFO - Epoch 011/200 | 训练损失: 0.022755, 验证损失: 0.019496 | 学习率: 0.000600
2025-12-10 23:22:37,031 - PEMFC_GRU_Training_Paper - INFO -   训练指标: MAE: 0.1072, RMSE: 0.1495, MAPE: 38.2124, R2: 0.9777
2025-12-10 23:22:37,031 - PEMFC_GRU_Training_Paper - INFO -   验证指标: MAE: 0.1578, RMSE: 0.1976, MAPE: 14.4069, R2: 0.6412
2025-12-10 23:22:37,042 - PEMFC_GRU_Training_Paper - INFO - ✓ 模型保存到 train_results_paper\gru_pemfc_paper_experiment_fixed_r2_rul\models\best_model.pth (输入维度: 6)
2025-12-10 23:22:37,042 - PEMFC_GRU_Training_Paper - INFO - ✓ 最佳模型已保存 (epoch 11, 验证损失: 0.019496)
2025-12-10 23:23:07,825 - PEMFC_GRU_Training_Paper - INFO - Epoch 012/200 | 训练损失: 0.022192, 验证损失: 0.026779 | 学习率: 0.000600
2025-12-10 23:23:07,825 - PEMFC_GRU_Training_Paper - INFO -   训练指标: MAE: 0.1054, RMSE: 0.1478, MAPE: 43.7978, R2: 0.9782
2025-12-10 23:23:07,825 - PEMFC_GRU_Training_Paper - INFO -   验证指标: MAE: 0.1949, RMSE: 0.2316, MAPE: 17.0684, R2: 0.5072
2025-12-10 23:23:37,529 - PEMFC_GRU_Training_Paper - INFO - Epoch 013/200 | 训练损失: 0.021914, 验证损失: 0.021038 | 学习率: 0.000600
2025-12-10 23:23:37,529 - PEMFC_GRU_Training_Paper - INFO -   训练指标: MAE: 0.1050, RMSE: 0.1469, MAPE: 39.7280, R2: 0.9784
2025-12-10 23:23:37,529 - PEMFC_GRU_Training_Paper - INFO -   验证指标: MAE: 0.1675, RMSE: 0.2053, MAPE: 14.1540, R2: 0.6126
2025-12-10 23:24:07,157 - PEMFC_GRU_Training_Paper - INFO - Epoch 014/200 | 训练损失: 0.021171, 验证损失: 0.029819 | 学习率: 0.000600
2025-12-10 23:24:07,157 - PEMFC_GRU_Training_Paper - INFO -   训练指标: MAE: 0.1032, RMSE: 0.1449, MAPE: 38.0627, R2: 0.9790
2025-12-10 23:24:07,157 - PEMFC_GRU_Training_Paper - INFO -   验证指标: MAE: 0.1922, RMSE: 0.2443, MAPE: 17.8240, R2: 0.4515
2025-12-10 23:24:36,977 - PEMFC_GRU_Training_Paper - INFO - Epoch 015/200 | 训练损失: 0.021326, 验证损失: 0.030505 | 学习率: 0.000600
2025-12-10 23:24:36,977 - PEMFC_GRU_Training_Paper - INFO -   训练指标: MAE: 0.1032, RMSE: 0.1446, MAPE: 37.8224, R2: 0.9791
2025-12-10 23:24:36,977 - PEMFC_GRU_Training_Paper - INFO -   验证指标: MAE: 0.2142, RMSE: 0.2472, MAPE: 17.7766, R2: 0.4385
2025-12-10 23:25:07,372 - PEMFC_GRU_Training_Paper - INFO - Epoch 016/200 | 训练损失: 0.020312, 验证损失: 0.028468 | 学习率: 0.000600
2025-12-10 23:25:07,372 - PEMFC_GRU_Training_Paper - INFO -   训练指标: MAE: 0.1012, RMSE: 0.1414, MAPE: 36.9794, R2: 0.9800
2025-12-10 23:25:07,372 - PEMFC_GRU_Training_Paper - INFO -   验证指标: MAE: 0.1917, RMSE: 0.2387, MAPE: 17.3794, R2: 0.4764
2025-12-10 23:25:40,580 - PEMFC_GRU_Training_Paper - INFO - Epoch 017/200 | 训练损失: 0.021039, 验证损失: 0.019653 | 学习率: 0.000420
2025-12-10 23:25:40,580 - PEMFC_GRU_Training_Paper - INFO -   训练指标: MAE: 0.1030, RMSE: 0.1440, MAPE: 39.1939, R2: 0.9793
2025-12-10 23:25:40,580 - PEMFC_GRU_Training_Paper - INFO -   验证指标: MAE: 0.1645, RMSE: 0.1984, MAPE: 13.7624, R2: 0.6381
2025-12-10 23:26:10,281 - PEMFC_GRU_Training_Paper - INFO - Epoch 018/200 | 训练损失: 0.019217, 验证损失: 0.021279 | 学习率: 0.000420
2025-12-10 23:26:10,281 - PEMFC_GRU_Training_Paper - INFO -   训练指标: MAE: 0.0985, RMSE: 0.1382, MAPE: 37.0300, R2: 0.9809
2025-12-10 23:26:10,281 - PEMFC_GRU_Training_Paper - INFO -   验证指标: MAE: 0.1728, RMSE: 0.2065, MAPE: 14.5382, R2: 0.6081
2025-12-10 23:26:39,794 - PEMFC_GRU_Training_Paper - INFO - Epoch 019/200 | 训练损失: 0.018893, 验证损失: 0.018998 | 学习率: 0.000420
2025-12-10 23:26:39,794 - PEMFC_GRU_Training_Paper - INFO -   训练指标: MAE: 0.0983, RMSE: 0.1374, MAPE: 36.6918, R2: 0.9811
2025-12-10 23:26:39,794 - PEMFC_GRU_Training_Paper - INFO -   验证指标: MAE: 0.1556, RMSE: 0.1951, MAPE: 13.7877, R2: 0.6502
2025-12-10 23:26:39,804 - PEMFC_GRU_Training_Paper - INFO - ✓ 模型保存到 train_results_paper\gru_pemfc_paper_experiment_fixed_r2_rul\models\best_model.pth (输入维度: 6)
2025-12-10 23:26:39,804 - PEMFC_GRU_Training_Paper - INFO - ✓ 最佳模型已保存 (epoch 19, 验证损失: 0.018998)
2025-12-10 23:27:13,034 - PEMFC_GRU_Training_Paper - INFO - Epoch 020/200 | 训练损失: 0.018788, 验证损失: 0.024351 | 学习率: 0.000420
2025-12-10 23:27:13,034 - PEMFC_GRU_Training_Paper - INFO -   训练指标: MAE: 0.0979, RMSE: 0.1367, MAPE: 35.9309, R2: 0.9813
2025-12-10 23:27:13,034 - PEMFC_GRU_Training_Paper - INFO -   验证指标: MAE: 0.1888, RMSE: 0.2209, MAPE: 15.9430, R2: 0.5517
2025-12-10 23:27:46,210 - PEMFC_GRU_Training_Paper - INFO - Epoch 021/200 | 训练损失: 0.018793, 验证损失: 0.021965 | 学习率: 0.000420
2025-12-10 23:27:46,210 - PEMFC_GRU_Training_Paper - INFO -   训练指标: MAE: 0.0977, RMSE: 0.1368, MAPE: 35.6146, R2: 0.9813
2025-12-10 23:27:46,210 - PEMFC_GRU_Training_Paper - INFO -   验证指标: MAE: 0.1712, RMSE: 0.2098, MAPE: 15.1718, R2: 0.5956
2025-12-10 23:28:18,678 - PEMFC_GRU_Training_Paper - INFO - Epoch 022/200 | 训练损失: 0.018578, 验证损失: 0.025967 | 学习率: 0.000420
2025-12-10 23:28:18,678 - PEMFC_GRU_Training_Paper - INFO -   训练指标: MAE: 0.0973, RMSE: 0.1359, MAPE: 33.8752, R2: 0.9815
2025-12-10 23:28:18,678 - PEMFC_GRU_Training_Paper - INFO -   验证指标: MAE: 0.1985, RMSE: 0.2281, MAPE: 16.0294, R2: 0.5218
2025-12-10 23:28:50,682 - PEMFC_GRU_Training_Paper - INFO - Epoch 023/200 | 训练损失: 0.018931, 验证损失: 0.022545 | 学习率: 0.000420
2025-12-10 23:28:50,682 - PEMFC_GRU_Training_Paper - INFO -   训练指标: MAE: 0.0982, RMSE: 0.1373, MAPE: 38.0552, R2: 0.9812
2025-12-10 23:28:50,682 - PEMFC_GRU_Training_Paper - INFO -   验证指标: MAE: 0.1709, RMSE: 0.2125, MAPE: 15.7319, R2: 0.5852
2025-12-10 23:29:20,261 - PEMFC_GRU_Training_Paper - INFO - Epoch 024/200 | 训练损失: 0.018729, 验证损失: 0.022219 | 学习率: 0.000420
2025-12-10 23:29:20,261 - PEMFC_GRU_Training_Paper - INFO -   训练指标: MAE: 0.0970, RMSE: 0.1362, MAPE: 29.7898, R2: 0.9815
2025-12-10 23:29:20,261 - PEMFC_GRU_Training_Paper - INFO -   验证指标: MAE: 0.1794, RMSE: 0.2110, MAPE: 14.6607, R2: 0.5908
2025-12-10 23:29:52,967 - PEMFC_GRU_Training_Paper - INFO - Epoch 025/200 | 训练损失: 0.018545, 验证损失: 0.018118 | 学习率: 0.000420
2025-12-10 23:29:52,967 - PEMFC_GRU_Training_Paper - INFO -   训练指标: MAE: 0.0972, RMSE: 0.1360, MAPE: 35.0303, R2: 0.9815
2025-12-10 23:29:52,967 - PEMFC_GRU_Training_Paper - INFO -   验证指标: MAE: 0.1513, RMSE: 0.1905, MAPE: 13.7612, R2: 0.6665
2025-12-10 23:29:52,972 - PEMFC_GRU_Training_Paper - INFO - ✓ 模型保存到 train_results_paper\gru_pemfc_paper_experiment_fixed_r2_rul\models\best_model.pth (输入维度: 6)
2025-12-10 23:29:52,972 - PEMFC_GRU_Training_Paper - INFO - ✓ 最佳模型已保存 (epoch 25, 验证损失: 0.018118)
2025-12-10 23:30:25,951 - PEMFC_GRU_Training_Paper - INFO - Epoch 026/200 | 训练损失: 0.018682, 验证损失: 0.017917 | 学习率: 0.000420
2025-12-10 23:30:25,951 - PEMFC_GRU_Training_Paper - INFO -   训练指标: MAE: 0.0970, RMSE: 0.1361, MAPE: 34.6678, R2: 0.9815
2025-12-10 23:30:25,951 - PEMFC_GRU_Training_Paper - INFO -   验证指标: MAE: 0.1481, RMSE: 0.1895, MAPE: 13.6213, R2: 0.6701
2025-12-10 23:30:25,961 - PEMFC_GRU_Training_Paper - INFO - ✓ 模型保存到 train_results_paper\gru_pemfc_paper_experiment_fixed_r2_rul\models\best_model.pth (输入维度: 6)
2025-12-10 23:30:25,961 - PEMFC_GRU_Training_Paper - INFO - ✓ 最佳模型已保存 (epoch 26, 验证损失: 0.017917)
2025-12-10 23:30:58,589 - PEMFC_GRU_Training_Paper - INFO - Epoch 027/200 | 训练损失: 0.018452, 验证损失: 0.018207 | 学习率: 0.000420
2025-12-10 23:30:58,589 - PEMFC_GRU_Training_Paper - INFO -   训练指标: MAE: 0.0968, RMSE: 0.1357, MAPE: 33.3994, R2: 0.9816
2025-12-10 23:30:58,589 - PEMFC_GRU_Training_Paper - INFO -   验证指标: MAE: 0.1574, RMSE: 0.1910, MAPE: 13.5944, R2: 0.6647
2025-12-10 23:31:30,324 - PEMFC_GRU_Training_Paper - INFO - Epoch 028/200 | 训练损失: 0.018386, 验证损失: 0.020762 | 学习率: 0.000420
2025-12-10 23:31:30,324 - PEMFC_GRU_Training_Paper - INFO -   训练指标: MAE: 0.0965, RMSE: 0.1351, MAPE: 32.6844, R2: 0.9818
2025-12-10 23:31:30,324 - PEMFC_GRU_Training_Paper - INFO -   验证指标: MAE: 0.1714, RMSE: 0.2039, MAPE: 15.0003, R2: 0.6178
2025-12-10 23:31:59,469 - PEMFC_GRU_Training_Paper - INFO - Epoch 029/200 | 训练损失: 0.018160, 验证损失: 0.022008 | 学习率: 0.000420
2025-12-10 23:31:59,469 - PEMFC_GRU_Training_Paper - INFO -   训练指标: MAE: 0.0964, RMSE: 0.1348, MAPE: 33.9840, R2: 0.9818
2025-12-10 23:31:59,469 - PEMFC_GRU_Training_Paper - INFO -   验证指标: MAE: 0.1762, RMSE: 0.2100, MAPE: 15.4195, R2: 0.5949
2025-12-10 23:32:27,175 - PEMFC_GRU_Training_Paper - INFO - Epoch 030/200 | 训练损失: 0.018163, 验证损失: 0.018273 | 学习率: 0.000420
2025-12-10 23:32:27,175 - PEMFC_GRU_Training_Paper - INFO -   训练指标: MAE: 0.0958, RMSE: 0.1347, MAPE: 32.5118, R2: 0.9819
2025-12-10 23:32:27,175 - PEMFC_GRU_Training_Paper - INFO -   验证指标: MAE: 0.1566, RMSE: 0.1913, MAPE: 13.8479, R2: 0.6636
2025-12-10 23:32:55,617 - PEMFC_GRU_Training_Paper - INFO - Epoch 031/200 | 训练损失: 0.018317, 验证损失: 0.017738 | 学习率: 0.000420
2025-12-10 23:32:55,617 - PEMFC_GRU_Training_Paper - INFO -   训练指标: MAE: 0.0964, RMSE: 0.1350, MAPE: 32.0631, R2: 0.9818
2025-12-10 23:32:55,617 - PEMFC_GRU_Training_Paper - INFO -   验证指标: MAE: 0.1588, RMSE: 0.1885, MAPE: 13.5155, R2: 0.6734
2025-12-10 23:32:55,628 - PEMFC_GRU_Training_Paper - INFO - ✓ 模型保存到 train_results_paper\gru_pemfc_paper_experiment_fixed_r2_rul\models\best_model.pth (输入维度: 6)
2025-12-10 23:32:55,628 - PEMFC_GRU_Training_Paper - INFO - ✓ 最佳模型已保存 (epoch 31, 验证损失: 0.017738)
2025-12-10 23:33:26,837 - PEMFC_GRU_Training_Paper - INFO - Epoch 032/200 | 训练损失: 0.018186, 验证损失: 0.021482 | 学习率: 0.000420
2025-12-10 23:33:26,837 - PEMFC_GRU_Training_Paper - INFO -   训练指标: MAE: 0.0958, RMSE: 0.1345, MAPE: 35.2526, R2: 0.9819
2025-12-10 23:33:26,837 - PEMFC_GRU_Training_Paper - INFO -   验证指标: MAE: 0.1764, RMSE: 0.2075, MAPE: 14.8842, R2: 0.6045
2025-12-10 23:33:54,589 - PEMFC_GRU_Training_Paper - INFO - Epoch 033/200 | 训练损失: 0.018531, 验证损失: 0.020893 | 学习率: 0.000420
2025-12-10 23:33:54,589 - PEMFC_GRU_Training_Paper - INFO -   训练指标: MAE: 0.0965, RMSE: 0.1354, MAPE: 30.4504, R2: 0.9817
2025-12-10 23:33:54,589 - PEMFC_GRU_Training_Paper - INFO -   验证指标: MAE: 0.1719, RMSE: 0.2046, MAPE: 13.8778, R2: 0.6152
2025-12-10 23:34:26,797 - PEMFC_GRU_Training_Paper - INFO - Epoch 034/200 | 训练损失: 0.018088, 验证损失: 0.016539 | 学习率: 0.000420
2025-12-10 23:34:26,797 - PEMFC_GRU_Training_Paper - INFO -   训练指标: MAE: 0.0954, RMSE: 0.1340, MAPE: 33.3935, R2: 0.9820
2025-12-10 23:34:26,797 - PEMFC_GRU_Training_Paper - INFO -   验证指标: MAE: 0.1475, RMSE: 0.1820, MAPE: 12.3335, R2: 0.6954
2025-12-10 23:34:26,803 - PEMFC_GRU_Training_Paper - INFO - ✓ 模型保存到 train_results_paper\gru_pemfc_paper_experiment_fixed_r2_rul\models\best_model.pth (输入维度: 6)
2025-12-10 23:34:26,803 - PEMFC_GRU_Training_Paper - INFO - ✓ 最佳模型已保存 (epoch 34, 验证损失: 0.016539)
2025-12-10 23:34:58,004 - PEMFC_GRU_Training_Paper - INFO - Epoch 035/200 | 训练损失: 0.017950, 验证损失: 0.016920 | 学习率: 0.000420
2025-12-10 23:34:58,004 - PEMFC_GRU_Training_Paper - INFO -   训练指标: MAE: 0.0958, RMSE: 0.1338, MAPE: 33.3508, R2: 0.9821
2025-12-10 23:34:58,004 - PEMFC_GRU_Training_Paper - INFO -   验证指标: MAE: 0.1461, RMSE: 0.1841, MAPE: 13.3999, R2: 0.6884
2025-12-10 23:35:26,278 - PEMFC_GRU_Training_Paper - INFO - Epoch 036/200 | 训练损失: 0.017809, 验证损失: 0.016160 | 学习率: 0.000420
2025-12-10 23:35:26,278 - PEMFC_GRU_Training_Paper - INFO -   训练指标: MAE: 0.0949, RMSE: 0.1332, MAPE: 30.7694, R2: 0.9823
2025-12-10 23:35:26,278 - PEMFC_GRU_Training_Paper - INFO -   验证指标: MAE: 0.1461, RMSE: 0.1799, MAPE: 11.9797, R2: 0.7024
2025-12-10 23:35:26,288 - PEMFC_GRU_Training_Paper - INFO - ✓ 模型保存到 train_results_paper\gru_pemfc_paper_experiment_fixed_r2_rul\models\best_model.pth (输入维度: 6)
2025-12-10 23:35:26,288 - PEMFC_GRU_Training_Paper - INFO - ✓ 最佳模型已保存 (epoch 36, 验证损失: 0.016160)
2025-12-10 23:35:55,914 - PEMFC_GRU_Training_Paper - INFO - Epoch 037/200 | 训练损失: 0.018022, 验证损失: 0.017439 | 学习率: 0.000420
2025-12-10 23:35:55,914 - PEMFC_GRU_Training_Paper - INFO -   训练指标: MAE: 0.0958, RMSE: 0.1340, MAPE: 31.1426, R2: 0.9820
2025-12-10 23:35:55,914 - PEMFC_GRU_Training_Paper - INFO -   验证指标: MAE: 0.1532, RMSE: 0.1869, MAPE: 13.1236, R2: 0.6789
2025-12-10 23:36:28,810 - PEMFC_GRU_Training_Paper - INFO - Epoch 038/200 | 训练损失: 0.017993, 验证损失: 0.021427 | 学习率: 0.000420
2025-12-10 23:36:28,810 - PEMFC_GRU_Training_Paper - INFO -   训练指标: MAE: 0.0957, RMSE: 0.1336, MAPE: 29.8101, R2: 0.9822
2025-12-10 23:36:28,810 - PEMFC_GRU_Training_Paper - INFO -   验证指标: MAE: 0.1751, RMSE: 0.2072, MAPE: 14.3182, R2: 0.6054
2025-12-10 23:36:59,456 - PEMFC_GRU_Training_Paper - INFO - Epoch 039/200 | 训练损失: 0.019526, 验证损失: 0.016615 | 学习率: 0.000420
2025-12-10 23:36:59,456 - PEMFC_GRU_Training_Paper - INFO -   训练指标: MAE: 0.0988, RMSE: 0.1393, MAPE: 35.8252, R2: 0.9806
2025-12-10 23:36:59,456 - PEMFC_GRU_Training_Paper - INFO -   验证指标: MAE: 0.1317, RMSE: 0.1823, MAPE: 12.7512, R2: 0.6944
2025-12-10 23:37:30,944 - PEMFC_GRU_Training_Paper - INFO - Epoch 040/200 | 训练损失: 0.018073, 验证损失: 0.013065 | 学习率: 0.000420
2025-12-10 23:37:30,944 - PEMFC_GRU_Training_Paper - INFO -   训练指标: MAE: 0.0960, RMSE: 0.1340, MAPE: 35.0494, R2: 0.9820
2025-12-10 23:37:30,944 - PEMFC_GRU_Training_Paper - INFO -   验证指标: MAE: 0.1150, RMSE: 0.1618, MAPE: 10.2763, R2: 0.7595
2025-12-10 23:37:30,958 - PEMFC_GRU_Training_Paper - INFO - ✓ 模型保存到 train_results_paper\gru_pemfc_paper_experiment_fixed_r2_rul\models\best_model.pth (输入维度: 6)
2025-12-10 23:37:30,958 - PEMFC_GRU_Training_Paper - INFO - ✓ 最佳模型已保存 (epoch 40, 验证损失: 0.013065)
2025-12-10 23:38:01,183 - PEMFC_GRU_Training_Paper - INFO - Epoch 041/200 | 训练损失: 0.018054, 验证损失: 0.015900 | 学习率: 0.000420
2025-12-10 23:38:01,183 - PEMFC_GRU_Training_Paper - INFO -   训练指标: MAE: 0.0960, RMSE: 0.1339, MAPE: 33.3243, R2: 0.9821
2025-12-10 23:38:01,183 - PEMFC_GRU_Training_Paper - INFO -   验证指标: MAE: 0.1413, RMSE: 0.1785, MAPE: 12.1506, R2: 0.7073
2025-12-10 23:38:37,043 - PEMFC_GRU_Training_Paper - INFO - Epoch 042/200 | 训练损失: 0.018001, 验证损失: 0.023968 | 学习率: 0.000420
2025-12-10 23:38:37,043 - PEMFC_GRU_Training_Paper - INFO -   训练指标: MAE: 0.0966, RMSE: 0.1342, MAPE: 30.9569, R2: 0.9820
2025-12-10 23:38:37,043 - PEMFC_GRU_Training_Paper - INFO -   验证指标: MAE: 0.1873, RMSE: 0.2191, MAPE: 14.3648, R2: 0.5586
2025-12-10 23:39:11,092 - PEMFC_GRU_Training_Paper - INFO - Epoch 043/200 | 训练损失: 0.017923, 验证损失: 0.018463 | 学习率: 0.000420
2025-12-10 23:39:11,092 - PEMFC_GRU_Training_Paper - INFO -   训练指标: MAE: 0.0954, RMSE: 0.1338, MAPE: 30.9002, R2: 0.9821
2025-12-10 23:39:11,092 - PEMFC_GRU_Training_Paper - INFO -   验证指标: MAE: 0.1601, RMSE: 0.1923, MAPE: 13.2581, R2: 0.6600
2025-12-10 23:39:43,664 - PEMFC_GRU_Training_Paper - INFO - Epoch 044/200 | 训练损失: 0.017771, 验证损失: 0.018593 | 学习率: 0.000420
2025-12-10 23:39:43,664 - PEMFC_GRU_Training_Paper - INFO -   训练指标: MAE: 0.0953, RMSE: 0.1329, MAPE: 32.7890, R2: 0.9823
2025-12-10 23:39:43,664 - PEMFC_GRU_Training_Paper - INFO -   验证指标: MAE: 0.1632, RMSE: 0.1930, MAPE: 13.2820, R2: 0.6578
2025-12-10 23:40:14,997 - PEMFC_GRU_Training_Paper - INFO - Epoch 045/200 | 训练损失: 0.017871, 验证损失: 0.018524 | 学习率: 0.000420
2025-12-10 23:40:14,997 - PEMFC_GRU_Training_Paper - INFO -   训练指标: MAE: 0.0953, RMSE: 0.1331, MAPE: 29.3877, R2: 0.9823
2025-12-10 23:40:14,997 - PEMFC_GRU_Training_Paper - INFO -   验证指标: MAE: 0.1625, RMSE: 0.1926, MAPE: 13.9129, R2: 0.6590
2025-12-10 23:40:44,974 - PEMFC_GRU_Training_Paper - INFO - Epoch 046/200 | 训练损失: 0.017873, 验证损失: 0.016576 | 学习率: 0.000294
2025-12-10 23:40:44,974 - PEMFC_GRU_Training_Paper - INFO -   训练指标: MAE: 0.0949, RMSE: 0.1333, MAPE: 28.4804, R2: 0.9822
2025-12-10 23:40:44,974 - PEMFC_GRU_Training_Paper - INFO -   验证指标: MAE: 0.1492, RMSE: 0.1821, MAPE: 12.4958, R2: 0.6952
2025-12-10 23:41:17,637 - PEMFC_GRU_Training_Paper - INFO - Epoch 047/200 | 训练损失: 0.017409, 验证损失: 0.016028 | 学习率: 0.000294
2025-12-10 23:41:17,637 - PEMFC_GRU_Training_Paper - INFO -   训练指标: MAE: 0.0944, RMSE: 0.1321, MAPE: 25.7010, R2: 0.9825
2025-12-10 23:41:17,637 - PEMFC_GRU_Training_Paper - INFO -   验证指标: MAE: 0.1393, RMSE: 0.1791, MAPE: 11.8931, R2: 0.7052
2025-12-10 23:41:49,289 - PEMFC_GRU_Training_Paper - INFO - Epoch 048/200 | 训练损失: 0.017182, 验证损失: 0.020667 | 学习率: 0.000294
2025-12-10 23:41:49,289 - PEMFC_GRU_Training_Paper - INFO -   训练指标: MAE: 0.0942, RMSE: 0.1315, MAPE: 28.5352, R2: 0.9827
2025-12-10 23:41:49,289 - PEMFC_GRU_Training_Paper - INFO -   验证指标: MAE: 0.1732, RMSE: 0.2033, MAPE: 14.1589, R2: 0.6201
2025-12-10 23:42:19,955 - PEMFC_GRU_Training_Paper - INFO - Epoch 049/200 | 训练损失: 0.017382, 验证损失: 0.020984 | 学习率: 0.000294
2025-12-10 23:42:19,955 - PEMFC_GRU_Training_Paper - INFO -   训练指标: MAE: 0.0941, RMSE: 0.1318, MAPE: 29.5119, R2: 0.9826
2025-12-10 23:42:19,955 - PEMFC_GRU_Training_Paper - INFO -   验证指标: MAE: 0.1740, RMSE: 0.2050, MAPE: 14.4097, R2: 0.6136
2025-12-10 23:42:51,731 - PEMFC_GRU_Training_Paper - INFO - Epoch 050/200 | 训练损失: 0.017318, 验证损失: 0.016137 | 学习率: 0.000294
2025-12-10 23:42:51,731 - PEMFC_GRU_Training_Paper - INFO -   训练指标: MAE: 0.0940, RMSE: 0.1315, MAPE: 31.5365, R2: 0.9827
2025-12-10 23:42:51,731 - PEMFC_GRU_Training_Paper - INFO -   验证指标: MAE: 0.1476, RMSE: 0.1798, MAPE: 12.3938, R2: 0.7029
2025-12-10 23:43:21,354 - PEMFC_GRU_Training_Paper - INFO - Epoch 051/200 | 训练损失: 0.017260, 验证损失: 0.016705 | 学习率: 0.000294
2025-12-10 23:43:21,354 - PEMFC_GRU_Training_Paper - INFO -   训练指标: MAE: 0.0939, RMSE: 0.1314, MAPE: 29.9160, R2: 0.9827
2025-12-10 23:43:21,354 - PEMFC_GRU_Training_Paper - INFO -   验证指标: MAE: 0.1486, RMSE: 0.1829, MAPE: 11.9345, R2: 0.6924
2025-12-10 23:43:53,672 - PEMFC_GRU_Training_Paper - INFO - Epoch 052/200 | 训练损失: 0.017279, 验证损失: 0.016099 | 学习率: 0.000206
2025-12-10 23:43:53,673 - PEMFC_GRU_Training_Paper - INFO -   训练指标: MAE: 0.0940, RMSE: 0.1315, MAPE: 28.1269, R2: 0.9827
2025-12-10 23:43:53,673 - PEMFC_GRU_Training_Paper - INFO -   验证指标: MAE: 0.1464, RMSE: 0.1795, MAPE: 12.6663, R2: 0.7039
2025-12-10 23:44:24,426 - PEMFC_GRU_Training_Paper - INFO - Epoch 053/200 | 训练损失: 0.016939, 验证损失: 0.021445 | 学习率: 0.000206
2025-12-10 23:44:24,426 - PEMFC_GRU_Training_Paper - INFO -   训练指标: MAE: 0.0934, RMSE: 0.1302, MAPE: 28.5200, R2: 0.9830
2025-12-10 23:44:24,426 - PEMFC_GRU_Training_Paper - INFO -   验证指标: MAE: 0.1740, RMSE: 0.2073, MAPE: 14.0018, R2: 0.6052
2025-12-10 23:44:54,935 - PEMFC_GRU_Training_Paper - INFO - Epoch 054/200 | 训练损失: 0.017029, 验证损失: 0.017767 | 学习率: 0.000206
2025-12-10 23:44:54,935 - PEMFC_GRU_Training_Paper - INFO -   训练指标: MAE: 0.0933, RMSE: 0.1304, MAPE: 33.5489, R2: 0.9830
2025-12-10 23:44:54,935 - PEMFC_GRU_Training_Paper - INFO -   验证指标: MAE: 0.1533, RMSE: 0.1887, MAPE: 12.7624, R2: 0.6728
2025-12-10 23:45:26,325 - PEMFC_GRU_Training_Paper - INFO - Epoch 055/200 | 训练损失: 0.017239, 验证损失: 0.019318 | 学习率: 0.000206
2025-12-10 23:45:26,325 - PEMFC_GRU_Training_Paper - INFO -   训练指标: MAE: 0.0938, RMSE: 0.1316, MAPE: 29.1496, R2: 0.9827
2025-12-10 23:45:26,325 - PEMFC_GRU_Training_Paper - INFO -   验证指标: MAE: 0.1639, RMSE: 0.1968, MAPE: 13.3134, R2: 0.6442
2025-12-10 23:45:58,433 - PEMFC_GRU_Training_Paper - INFO - Epoch 056/200 | 训练损失: 0.017029, 验证损失: 0.019990 | 学习率: 0.000206
2025-12-10 23:45:58,433 - PEMFC_GRU_Training_Paper - INFO -   训练指标: MAE: 0.0934, RMSE: 0.1306, MAPE: 30.5775, R2: 0.9829
2025-12-10 23:45:58,433 - PEMFC_GRU_Training_Paper - INFO -   验证指标: MAE: 0.1646, RMSE: 0.2001, MAPE: 13.4448, R2: 0.6319
2025-12-10 23:46:26,630 - PEMFC_GRU_Training_Paper - INFO - Epoch 057/200 | 训练损失: 0.016778, 验证损失: 0.017523 | 学习率: 0.000206
2025-12-10 23:46:26,630 - PEMFC_GRU_Training_Paper - INFO -   训练指标: MAE: 0.0930, RMSE: 0.1298, MAPE: 23.9390, R2: 0.9832
2025-12-10 23:46:26,630 - PEMFC_GRU_Training_Paper - INFO -   验证指标: MAE: 0.1531, RMSE: 0.1874, MAPE: 12.4619, R2: 0.6774
2025-12-10 23:46:56,360 - PEMFC_GRU_Training_Paper - INFO - Epoch 058/200 | 训练损失: 0.016907, 验证损失: 0.015384 | 学习率: 0.000144
2025-12-10 23:46:56,360 - PEMFC_GRU_Training_Paper - INFO -   训练指标: MAE: 0.0929, RMSE: 0.1302, MAPE: 25.4601, R2: 0.9830
2025-12-10 23:46:56,360 - PEMFC_GRU_Training_Paper - INFO -   验证指标: MAE: 0.1379, RMSE: 0.1754, MAPE: 11.8045, R2: 0.7172
2025-12-10 23:47:24,598 - PEMFC_GRU_Training_Paper - INFO - Epoch 059/200 | 训练损失: 0.016527, 验证损失: 0.019366 | 学习率: 0.000144
2025-12-10 23:47:24,598 - PEMFC_GRU_Training_Paper - INFO -   训练指标: MAE: 0.0924, RMSE: 0.1287, MAPE: 29.0271, R2: 0.9834
2025-12-10 23:47:24,598 - PEMFC_GRU_Training_Paper - INFO -   验证指标: MAE: 0.1621, RMSE: 0.1968, MAPE: 13.2987, R2: 0.6440
2025-12-10 23:47:52,847 - PEMFC_GRU_Training_Paper - INFO - Epoch 060/200 | 训练损失: 0.016424, 验证损失: 0.019295 | 学习率: 0.000144
2025-12-10 23:47:52,847 - PEMFC_GRU_Training_Paper - INFO -   训练指标: MAE: 0.0923, RMSE: 0.1285, MAPE: 25.4011, R2: 0.9835
2025-12-10 23:47:52,847 - PEMFC_GRU_Training_Paper - INFO -   验证指标: MAE: 0.1636, RMSE: 0.1966, MAPE: 13.5150, R2: 0.6448
2025-12-10 23:48:23,179 - PEMFC_GRU_Training_Paper - INFO - Epoch 061/200 | 训练损失: 0.016568, 验证损失: 0.017808 | 学习率: 0.000144
2025-12-10 23:48:23,180 - PEMFC_GRU_Training_Paper - INFO -   训练指标: MAE: 0.0924, RMSE: 0.1291, MAPE: 26.5165, R2: 0.9833
2025-12-10 23:48:23,180 - PEMFC_GRU_Training_Paper - INFO -   验证指标: MAE: 0.1555, RMSE: 0.1887, MAPE: 12.7946, R2: 0.6727
2025-12-10 23:49:01,720 - PEMFC_GRU_Training_Paper - INFO - Epoch 062/200 | 训练损失: 0.016646, 验证损失: 0.017867 | 学习率: 0.000144
2025-12-10 23:49:01,720 - PEMFC_GRU_Training_Paper - INFO -   训练指标: MAE: 0.0927, RMSE: 0.1293, MAPE: 27.8141, R2: 0.9833
2025-12-10 23:49:01,720 - PEMFC_GRU_Training_Paper - INFO -   验证指标: MAE: 0.1567, RMSE: 0.1892, MAPE: 13.2353, R2: 0.6711
2025-12-10 23:49:32,451 - PEMFC_GRU_Training_Paper - INFO - Epoch 063/200 | 训练损失: 0.016503, 验证损失: 0.018107 | 学习率: 0.000144
2025-12-10 23:49:32,451 - PEMFC_GRU_Training_Paper - INFO -   训练指标: MAE: 0.0921, RMSE: 0.1288, MAPE: 26.6670, R2: 0.9834
2025-12-10 23:49:32,451 - PEMFC_GRU_Training_Paper - INFO -   验证指标: MAE: 0.1579, RMSE: 0.1904, MAPE: 12.9834, R2: 0.6669
2025-12-10 23:50:04,532 - PEMFC_GRU_Training_Paper - INFO - Epoch 064/200 | 训练损失: 0.016796, 验证损失: 0.017180 | 学习率: 0.000101
2025-12-10 23:50:04,532 - PEMFC_GRU_Training_Paper - INFO -   训练指标: MAE: 0.0930, RMSE: 0.1299, MAPE: 26.6296, R2: 0.9831
2025-12-10 23:50:04,532 - PEMFC_GRU_Training_Paper - INFO -   验证指标: MAE: 0.1522, RMSE: 0.1855, MAPE: 12.8528, R2: 0.6838
2025-12-10 23:50:38,887 - PEMFC_GRU_Training_Paper - INFO - Epoch 065/200 | 训练损失: 0.016562, 验证损失: 0.017668 | 学习率: 0.000101
2025-12-10 23:50:38,887 - PEMFC_GRU_Training_Paper - INFO -   训练指标: MAE: 0.0923, RMSE: 0.1291, MAPE: 27.3833, R2: 0.9833
2025-12-10 23:50:38,887 - PEMFC_GRU_Training_Paper - INFO -   验证指标: MAE: 0.1559, RMSE: 0.1881, MAPE: 12.8714, R2: 0.6747
2025-12-10 23:51:17,319 - PEMFC_GRU_Training_Paper - INFO - Epoch 066/200 | 训练损失: 0.016588, 验证损失: 0.019342 | 学习率: 0.000101
2025-12-10 23:51:17,319 - PEMFC_GRU_Training_Paper - INFO -   训练指标: MAE: 0.0921, RMSE: 0.1291, MAPE: 28.2540, R2: 0.9833
2025-12-10 23:51:17,319 - PEMFC_GRU_Training_Paper - INFO -   验证指标: MAE: 0.1654, RMSE: 0.1968, MAPE: 13.4897, R2: 0.6439
2025-12-10 23:51:53,256 - PEMFC_GRU_Training_Paper - INFO - Epoch 067/200 | 训练损失: 0.016619, 验证损失: 0.017540 | 学习率: 0.000101
2025-12-10 23:51:53,256 - PEMFC_GRU_Training_Paper - INFO -   训练指标: MAE: 0.0924, RMSE: 0.1292, MAPE: 24.8489, R2: 0.9833
2025-12-10 23:51:53,256 - PEMFC_GRU_Training_Paper - INFO -   验证指标: MAE: 0.1542, RMSE: 0.1875, MAPE: 12.7773, R2: 0.6771
2025-12-10 23:52:27,678 - PEMFC_GRU_Training_Paper - INFO - Epoch 068/200 | 训练损失: 0.016346, 验证损失: 0.017754 | 学习率: 0.000101
2025-12-10 23:52:27,678 - PEMFC_GRU_Training_Paper - INFO -   训练指标: MAE: 0.0920, RMSE: 0.1281, MAPE: 31.1572, R2: 0.9836
2025-12-10 23:52:27,678 - PEMFC_GRU_Training_Paper - INFO -   验证指标: MAE: 0.1555, RMSE: 0.1886, MAPE: 13.0828, R2: 0.6731
2025-12-10 23:53:01,787 - PEMFC_GRU_Training_Paper - INFO - Epoch 069/200 | 训练损失: 0.016546, 验证损失: 0.016632 | 学习率: 0.000101
2025-12-10 23:53:01,788 - PEMFC_GRU_Training_Paper - INFO -   训练指标: MAE: 0.0924, RMSE: 0.1292, MAPE: 27.4904, R2: 0.9833
2025-12-10 23:53:01,788 - PEMFC_GRU_Training_Paper - INFO -   验证指标: MAE: 0.1482, RMSE: 0.1825, MAPE: 12.4476, R2: 0.6938
2025-12-10 23:53:37,443 - PEMFC_GRU_Training_Paper - INFO - Epoch 070/200 | 训练损失: 0.016490, 验证损失: 0.017501 | 学习率: 0.000071
2025-12-10 23:53:37,443 - PEMFC_GRU_Training_Paper - INFO -   训练指标: MAE: 0.0921, RMSE: 0.1288, MAPE: 25.8746, R2: 0.9834
2025-12-10 23:53:37,443 - PEMFC_GRU_Training_Paper - INFO -   验证指标: MAE: 0.1540, RMSE: 0.1872, MAPE: 12.8476, R2: 0.6778
2025-12-10 23:53:37,443 - PEMFC_GRU_Training_Paper - INFO - 早停触发，连续 30 个epoch没有改善
2025-12-10 23:53:37,443 - PEMFC_GRU_Training_Paper - INFO - 训练完成，耗时 2207.12 秒
2025-12-10 23:53:37,443 - PEMFC_GRU_Training_Paper - INFO - 最佳模型在 epoch 40，验证损失 0.013065
2025-12-10 23:53:37,490 - PEMFC_GRU_Training_Paper - INFO - ✓ 从 epoch 40 加载最佳模型
2025-12-10 23:53:37,491 - PEMFC_GRU_Training_Paper - INFO - 在测试集上评估模型...
2025-12-10 23:53:39,573 - PEMFC_GRU_Training_Paper - INFO - 已对FC1预测应用偏差校准: -0.013800
2025-12-10 23:53:39,573 - PEMFC_GRU_Training_Paper - INFO - 预测序列标准差: 0.004330, 真实序列标准差: 0.006925
2025-12-10 23:53:39,586 - PEMFC_GRU_Training_Paper - INFO - FC1 残差校正: slope=1.250690, intercept=-0.802361, RMSE_adj=0.004317
2025-12-10 23:53:39,643 - PEMFC_GRU_Training_Paper - INFO - 预测结果保存到: train_results_paper\gru_pemfc_paper_experiment_fixed_r2_rul\csv_files\predictions.csv
2025-12-10 23:53:39,650 - PEMFC_GRU_Training_Paper - INFO - 滚动预测: 起点=1154.213h, 目标=2200.0h, 基础步长=0.0084h, 步数=124499
2025-12-11 00:01:03,605 - PEMFC_GRU_Training_Paper - INFO - 滚动多步预测完成，共 124499 步，结果保存: train_results_paper\gru_pemfc_paper_experiment_fixed_r2_rul\csv_files\future_rollout.csv
2025-12-11 00:01:03,605 - PEMFC_GRU_Training_Paper - INFO - 计算SOH和RUL...
2025-12-11 00:01:03,606 - PEMFC_GRU_Training_Paper - INFO - 使用稳定段均值计算V_initial（波动<0.5%）
2025-12-11 00:01:03,607 - PEMFC_GRU_Training_Paper - INFO - 计算出的V_initial: 3.2228V (稳定段长度=14307, 起点=0)
2025-12-11 00:01:03,607 - PEMFC_GRU_Training_Paper - INFO - RUL计算使用预测缩放因子: 0.9950 (V_initial保持未缩放)
2025-12-11 00:01:03,607 - PEMFC_GRU_Training_Paper - INFO - 对齐后：真实电压长度=14307, 预测长度=14307, 时间长度=14307
2025-12-11 00:01:03,607 - PEMFC_GRU_Training_Paper - INFO - 比较真实和预测的RUL
2025-12-11 00:01:03,607 - PEMFC_GRU_Training_Paper - INFO - 使用稳定段均值计算V_initial（波动<0.5%）
2025-12-11 00:01:03,608 - PEMFC_GRU_Training_Paper - INFO - 计算出的V_initial: 3.2228V (稳定段长度=14307, 起点=0)
2025-12-11 00:01:03,608 - PEMFC_GRU_Training_Paper - INFO - 使用线性插值计算RUL
2025-12-11 00:01:03,608 - PEMFC_GRU_Training_Paper - INFO - SOH序列形状: (14307,), 时间序列形状: (14307,)
2025-12-11 00:01:03,608 - PEMFC_GRU_Training_Paper - INFO - 处理后形状 - SOH: (14307,), 时间: (14307,)
2025-12-11 00:01:03,609 - PEMFC_GRU_Training_Paper - INFO - 所有SOH值都高于阈值，电池尚未显著退化
2025-12-11 00:01:03,618 - PEMFC_GRU_Training_Paper - INFO - 外推的RUL: 659.23h (斜率=-0.000056)
2025-12-11 00:01:03,618 - PEMFC_GRU_Training_Paper - INFO - 使用线性插值计算RUL
2025-12-11 00:01:03,618 - PEMFC_GRU_Training_Paper - INFO - SOH序列形状: (14307,), 时间序列形状: (14307,)
2025-12-11 00:01:03,618 - PEMFC_GRU_Training_Paper - INFO - 处理后形状 - SOH: (14307,), 时间: (14307,)
2025-12-11 00:01:03,618 - PEMFC_GRU_Training_Paper - INFO - 所有SOH值都高于阈值，电池尚未显著退化
2025-12-11 00:01:03,618 - PEMFC_GRU_Training_Paper - INFO - 外推的RUL: 711.15h (斜率=-0.000045)
2025-12-11 00:01:03,619 - PEMFC_GRU_Training_Paper - INFO - 真实RUL: 659.23h
2025-12-11 00:01:03,619 - PEMFC_GRU_Training_Paper - INFO - 预测RUL: 711.15h
2025-12-11 00:01:03,619 - PEMFC_GRU_Training_Paper - INFO - RUL MAE: 51.93h
2025-12-11 00:01:03,619 - PEMFC_GRU_Training_Paper - INFO - RUL MAPE: 7.88%
2025-12-11 00:01:03,619 - PEMFC_GRU_Training_Paper - INFO - PHM评分: 53.2988
2025-12-11 00:01:03,619 - PEMFC_GRU_Training_Paper - INFO - 开始在FC2数据上进行跨数据集预测...
2025-12-11 00:01:03,619 - PEMFC_GRU_Training_Paper - INFO - 加载 FC2 数据用于推理: processed_results\FC2
2025-12-11 00:01:03,619 - PEMFC_GRU_Training_Paper - INFO - 步骤1: 加载数据并使用预定义特征
2025-12-11 00:01:03,619 - PEMFC_GRU_Training_Paper - INFO - 在目录中搜索最新数据文件: processed_results\FC2
2025-12-11 00:01:03,619 - PEMFC_GRU_Training_Paper - INFO - 在目录中找到 1 个.npz文件
2025-12-11 00:01:03,619 - PEMFC_GRU_Training_Paper - INFO - 找到 1 个匹配模式的文件
2025-12-11 00:01:03,621 - PEMFC_GRU_Training_Paper - INFO - 按时间戳选择最新文件: FC2_processed_20251209_002355.npz
2025-12-11 00:01:03,621 - PEMFC_GRU_Training_Paper - INFO - 使用数据文件: processed_results\FC2\FC2_processed_20251209_002355.npz
2025-12-11 00:01:03,621 - PEMFC_GRU_Training_Paper - INFO - 使用数据文件: processed_results\FC2\FC2_processed_20251209_002355.npz
2025-12-11 00:01:03,623 - PEMFC_GRU_Training_Paper - INFO - NPZ文件中的所有特征: ['time', 'stack_voltage', 'current_density', 'current', 'hydrogen_inlet_temp', 'hydrogen_outlet_temp', 'air_inlet_temp', 'air_outlet_temp', 'coolant_inlet_temp', 'coolant_outlet_temp', 'air_inlet_pressure', 'air_outlet_pressure', 'hydrogen_outlet_pressure', 'hydrogen_inlet_pressure', 'hydrogen_inlet_flow', 'hydrogen_outlet_flow', 'air_inlet_flow', 'air_outlet_flow', 'coolant_flow', 'air_inlet_humidity']
2025-12-11 00:01:03,627 - PEMFC_GRU_Training_Paper - INFO - 数据长度: 127370
2025-12-11 00:01:03,662 - PEMFC_GRU_Training_Paper - INFO - 原始数据加载: 127370 行, 20 列
2025-12-11 00:01:03,673 - PEMFC_GRU_Training_Paper - INFO - 选定的特征（排除目标）: ['air_outlet_flow', 'hydrogen_inlet_temp', 'current', 'coolant_flow', 'current_density', 'time']
2025-12-11 00:01:03,673 - PEMFC_GRU_Training_Paper - INFO - 选定数据形状: (127370, 7)
2025-12-11 00:01:03,674 - PEMFC_GRU_Training_Paper - INFO - 步骤2: 跳过小波去噪（enable_wavelet=False）
2025-12-11 00:01:03,679 - PEMFC_GRU_Training_Paper - INFO - 步骤3: 创建序列，窗口大小 80
2025-12-11 00:01:03,838 - PEMFC_GRU_Training_Paper - INFO - 创建了 127290 个序列
2025-12-11 00:01:15,692 - PEMFC_GRU_Training_Paper - INFO - FC2 指标: {'MAE': 0.041698, 'RMSE': 0.047922, 'MAPE': 1.303045, 'R2': -0.30454}
2025-12-11 00:01:15,710 - PEMFC_GRU_Training_Paper - INFO - FC2 残差校正: slope=1.174864, intercept=-0.609210, RMSE_adj=0.026410
2025-12-11 00:01:15,719 - PEMFC_GRU_Training_Paper - INFO - FC2 未来滚动: last_time=1020.528, dt=0.008390, steps=140581
2025-12-11 00:06:49,872 - PEMFC_GRU_Training_Paper - INFO - FC2 全时间轴预测保存: train_results_paper\gru_pemfc_paper_experiment_fixed_r2_rul\csv_files\fc2_full_with_future.csv
2025-12-11 00:06:50,322 - PEMFC_GRU_Training_Paper - INFO - FC2 全时间轴预测图保存: train_results_paper\gru_pemfc_paper_experiment_fixed_r2_rul\images\fc2_full_prediction.png
2025-12-11 00:06:53,068 - PEMFC_GRU_Training_Paper - INFO - 预测结果汇总保存: train_results_paper\gru_pemfc_paper_experiment_fixed_r2_rul\csv_files\predictions.csv
2025-12-11 00:06:53,069 - PEMFC_GRU_Training_Paper - INFO - 综合指标保存: train_results_paper\gru_pemfc_paper_experiment_fixed_r2_rul\tables\metrics_overall.csv
2025-12-11 00:06:53,069 - PEMFC_GRU_Training_Paper - INFO - 生成可视化图表...
2025-12-11 00:06:53,071 - PEMFC_GRU_Training_Paper - INFO - 字体设置成功，使用: Microsoft YaHei
2025-12-11 00:06:53,072 - PEMFC_GRU_Training_Paper - INFO - 绘制训练历史
2025-12-11 00:06:54,288 - PEMFC_GRU_Training_Paper - INFO - 训练历史图保存: train_results_paper\gru_pemfc_paper_experiment_fixed_r2_rul\images\training_history.png
2025-12-11 00:06:54,288 - PEMFC_GRU_Training_Paper - INFO - 绘制电压预测对比图（单幅图）
2025-12-11 00:06:54,289 - PEMFC_GRU_Training_Paper - INFO - 绘图输入形状 - true_voltage: (143862,), pred_voltage: (143862,), time_series: (143862,)
2025-12-11 00:06:54,786 - PEMFC_GRU_Training_Paper - INFO - 电压预测图保存: train_results_paper\gru_pemfc_paper_experiment_fixed_r2_rul\images\voltage_prediction.png
2025-12-11 00:06:54,786 - PEMFC_GRU_Training_Paper - INFO - 绘制SOH和RUL曲线
2025-12-11 00:06:54,787 - PEMFC_GRU_Training_Paper - INFO - 使用稳定段均值计算V_initial（波动<0.5%）
2025-12-11 00:06:54,787 - PEMFC_GRU_Training_Paper - INFO - 计算出的V_initial: 3.2228V (稳定段长度=14307, 起点=0)
2025-12-11 00:06:54,787 - PEMFC_GRU_Training_Paper - INFO - 使用稳定段均值计算V_initial（波动<0.5%）
2025-12-11 00:06:54,788 - PEMFC_GRU_Training_Paper - INFO - 计算出的V_initial: 3.2067V (稳定段长度=14307, 起点=0)
2025-12-11 00:06:55,661 - PEMFC_GRU_Training_Paper - INFO - SOH/RUL曲线图保存: train_results_paper\gru_pemfc_paper_experiment_fixed_r2_rul\images\soh_rul_curve.png
2025-12-11 00:06:55,661 - PEMFC_GRU_Training_Paper - INFO - 生成最终报告...
2025-12-11 00:06:55,663 - PEMFC_GRU_Training_Paper - INFO - 最终报告保存: train_results_paper\gru_pemfc_paper_experiment_fixed_r2_rul\configs\final_report.json
2025-12-11 00:06:55,663 - PEMFC_GRU_Training_Paper - INFO - ================================================================================
2025-12-11 00:06:55,663 - PEMFC_GRU_Training_Paper - INFO - 训练和评估成功完成!
2025-12-11 00:06:55,663 - PEMFC_GRU_Training_Paper - INFO - ================================================================================
