2025-12-10 02:01:20,993 - PEMFC_GRU_Training_Paper - INFO - ================================================================================
2025-12-10 02:01:20,993 - PEMFC_GRU_Training_Paper - INFO - PEMFC燃料电池GRU寿命预测模型（论文版本）
2025-12-10 02:01:20,994 - PEMFC_GRU_Training_Paper - INFO - 开始时间: 2025-12-10 02:01:20
2025-12-10 02:01:20,994 - PEMFC_GRU_Training_Paper - INFO - ================================================================================
2025-12-10 02:01:20,994 - PEMFC_GRU_Training_Paper - INFO - [模型配置参数]
2025-12-10 02:01:20,994 - PEMFC_GRU_Training_Paper - INFO -   data_path: processed_results/FC1/
2025-12-10 02:01:20,994 - PEMFC_GRU_Training_Paper - INFO -   data_file_pattern: *_processed_*.npz
2025-12-10 02:01:20,994 - PEMFC_GRU_Training_Paper - INFO -   data_file_suffix: _processed
2025-12-10 02:01:20,994 - PEMFC_GRU_Training_Paper - INFO -   target_feature: stack_voltage
2025-12-10 02:01:20,994 - PEMFC_GRU_Training_Paper - INFO -   sequence_length: 80
2025-12-10 02:01:20,994 - PEMFC_GRU_Training_Paper - INFO -   selected_features: [5 个元素] air_outlet_flow, hydrogen_inlet_temp, current, coolant_flow, current_density
2025-12-10 02:01:20,994 - PEMFC_GRU_Training_Paper - INFO -   missing_value_method: linear
2025-12-10 02:01:20,994 - PEMFC_GRU_Training_Paper - INFO -   outlier_method: 3sigma
2025-12-10 02:01:20,994 - PEMFC_GRU_Training_Paper - INFO -   outlier_sigma: 3.0
2025-12-10 02:01:20,994 - PEMFC_GRU_Training_Paper - INFO -   wavelet_method: sym8
2025-12-10 02:01:20,994 - PEMFC_GRU_Training_Paper - INFO -   wavelet_level: 4
2025-12-10 02:01:20,994 - PEMFC_GRU_Training_Paper - INFO -   wavelet_threshold_percentile: 70
2025-12-10 02:01:20,994 - PEMFC_GRU_Training_Paper - INFO -   enable_wavelet: False
2025-12-10 02:01:20,994 - PEMFC_GRU_Training_Paper - INFO -   train_ratio: 0.8
2025-12-10 02:01:20,994 - PEMFC_GRU_Training_Paper - INFO -   val_ratio: 0.1
2025-12-10 02:01:20,994 - PEMFC_GRU_Training_Paper - INFO -   test_ratio: 0.1
2025-12-10 02:01:20,994 - PEMFC_GRU_Training_Paper - INFO -   forecast_steps: 200
2025-12-10 02:01:20,994 - PEMFC_GRU_Training_Paper - INFO -   forecast_horizon: 1500.0
2025-12-10 02:01:20,994 - PEMFC_GRU_Training_Paper - INFO -   forecast_max_steps: 2500
2025-12-10 02:01:20,994 - PEMFC_GRU_Training_Paper - INFO -   fixed_dt: 0.0084
2025-12-10 02:01:20,994 - PEMFC_GRU_Training_Paper - INFO -   gru_hidden_size: 256
2025-12-10 02:01:20,994 - PEMFC_GRU_Training_Paper - INFO -   gru_num_layers: 2
2025-12-10 02:01:20,994 - PEMFC_GRU_Training_Paper - INFO -   dropout_rate: 0.1
2025-12-10 02:01:20,994 - PEMFC_GRU_Training_Paper - INFO -   bidirectional: False
2025-12-10 02:01:20,994 - PEMFC_GRU_Training_Paper - INFO -   fc_hidden_sizes: [2 个元素] 32, 16
2025-12-10 02:01:20,994 - PEMFC_GRU_Training_Paper - INFO -   batch_size: 32
2025-12-10 02:01:20,994 - PEMFC_GRU_Training_Paper - INFO -   epochs: 200
2025-12-10 02:01:20,994 - PEMFC_GRU_Training_Paper - INFO -   learning_rate: 0.0006
2025-12-10 02:01:20,994 - PEMFC_GRU_Training_Paper - INFO -   weight_decay: 0.001
2025-12-10 02:01:20,994 - PEMFC_GRU_Training_Paper - INFO -   patience: 30
2025-12-10 02:01:20,995 - PEMFC_GRU_Training_Paper - INFO -   lr_decay_factor: 0.7
2025-12-10 02:01:20,995 - PEMFC_GRU_Training_Paper - INFO -   lr_patience: 5
2025-12-10 02:01:20,995 - PEMFC_GRU_Training_Paper - INFO -   grad_clip: 0.5
2025-12-10 02:01:20,995 - PEMFC_GRU_Training_Paper - INFO -   slope_loss_weight: 0.2
2025-12-10 02:01:20,995 - PEMFC_GRU_Training_Paper - INFO -   variance_loss_weight: 0.45
2025-12-10 02:01:20,995 - PEMFC_GRU_Training_Paper - INFO -   apply_fc1_bias_correction: True
2025-12-10 02:01:20,995 - PEMFC_GRU_Training_Paper - INFO -   fc1_bias_correction: 0.0138
2025-12-10 02:01:20,995 - PEMFC_GRU_Training_Paper - INFO -   rul_prediction_scale: 0.995
2025-12-10 02:01:20,995 - PEMFC_GRU_Training_Paper - INFO -   soh_threshold: 0.96
2025-12-10 02:01:20,995 - PEMFC_GRU_Training_Paper - INFO -   v_initial_window: 100
2025-12-10 02:01:20,995 - PEMFC_GRU_Training_Paper - INFO -   cv_threshold: 0.01
2025-12-10 02:01:20,995 - PEMFC_GRU_Training_Paper - INFO -   denoising_method: wavelet
2025-12-10 02:01:20,995 - PEMFC_GRU_Training_Paper - INFO -   device: cuda
2025-12-10 02:01:20,995 - PEMFC_GRU_Training_Paper - INFO -   save_dir: train_results_paper
2025-12-10 02:01:20,995 - PEMFC_GRU_Training_Paper - INFO -   experiment_name: gru_pemfc_paper_experiment_fixed_r2_rul
2025-12-10 02:01:20,995 - PEMFC_GRU_Training_Paper - INFO - ================================================================================
2025-12-10 02:01:20,996 - PEMFC_GRU_Training_Paper - INFO - ================================================================================
2025-12-10 02:01:20,996 - PEMFC_GRU_Training_Paper - INFO - PEMFC燃料电池GRU寿命预测训练
2025-12-10 02:01:20,996 - PEMFC_GRU_Training_Paper - INFO - ================================================================================
2025-12-10 02:01:20,996 - PEMFC_GRU_Training_Paper - INFO - 开始数据准备...
2025-12-10 02:01:20,996 - PEMFC_GRU_Training_Paper - INFO - 步骤1: 加载数据并使用预定义特征
2025-12-10 02:01:20,996 - PEMFC_GRU_Training_Paper - INFO - 在目录中搜索最新数据文件: processed_results/FC1/
2025-12-10 02:01:20,996 - PEMFC_GRU_Training_Paper - INFO - 在目录中找到 2 个.npz文件
2025-12-10 02:01:20,996 - PEMFC_GRU_Training_Paper - INFO - 找到 2 个匹配模式的文件
2025-12-10 02:01:20,997 - PEMFC_GRU_Training_Paper - INFO - 按时间戳选择最新文件: FC1_processed_20251209_200621.npz
2025-12-10 02:01:20,997 - PEMFC_GRU_Training_Paper - INFO - 使用数据文件: processed_results/FC1/FC1_processed_20251209_200621.npz
2025-12-10 02:01:20,997 - PEMFC_GRU_Training_Paper - INFO - 使用数据文件: processed_results/FC1/FC1_processed_20251209_200621.npz
2025-12-10 02:01:21,001 - PEMFC_GRU_Training_Paper - INFO - NPZ文件中的所有特征: ['time', 'stack_voltage', 'current_density', 'current', 'hydrogen_inlet_temp', 'hydrogen_outlet_temp', 'air_inlet_temp', 'air_outlet_temp', 'coolant_inlet_temp', 'coolant_outlet_temp', 'air_inlet_pressure', 'air_outlet_pressure', 'hydrogen_outlet_pressure', 'hydrogen_inlet_pressure', 'hydrogen_inlet_flow', 'hydrogen_outlet_flow', 'air_inlet_flow', 'air_outlet_flow', 'coolant_flow', 'air_inlet_humidity']
2025-12-10 02:01:21,004 - PEMFC_GRU_Training_Paper - INFO - 数据长度: 143862
2025-12-10 02:01:21,054 - PEMFC_GRU_Training_Paper - INFO - 原始数据加载: 143862 行, 20 列
2025-12-10 02:01:21,059 - PEMFC_GRU_Training_Paper - INFO - 选定的特征（排除目标）: ['air_outlet_flow', 'hydrogen_inlet_temp', 'current', 'coolant_flow', 'current_density', 'time']
2025-12-10 02:01:21,059 - PEMFC_GRU_Training_Paper - INFO - 选定数据形状: (143862, 7)
2025-12-10 02:01:21,061 - PEMFC_GRU_Training_Paper - INFO - 检查数据完整性...
2025-12-10 02:01:21,061 - PEMFC_GRU_Training_Paper - INFO - 加载后的数据列: ['air_outlet_flow', 'hydrogen_inlet_temp', 'current', 'coolant_flow', 'current_density', 'stack_voltage', 'time']
2025-12-10 02:01:21,063 - PEMFC_GRU_Training_Paper - INFO - 数据类型: {'air_outlet_flow': dtype('float64'), 'hydrogen_inlet_temp': dtype('float64'), 'current': dtype('float64'), 'coolant_flow': dtype('float64'), 'current_density': dtype('float64'), 'stack_voltage': dtype('float64'), 'time': dtype('float64')}
2025-12-10 02:01:21,063 - PEMFC_GRU_Training_Paper - INFO - 步骤2: 跳过小波去噪（enable_wavelet=False）
2025-12-10 02:01:21,063 - PEMFC_GRU_Training_Paper - INFO - 步骤4: 按时间顺序划分数据
2025-12-10 02:01:21,063 - PEMFC_GRU_Training_Paper - INFO - 划分前的数据列: ['air_outlet_flow', 'hydrogen_inlet_temp', 'current', 'coolant_flow', 'current_density', 'stack_voltage', 'time']
2025-12-10 02:01:21,070 - PEMFC_GRU_Training_Paper - INFO - 数据按时间排序。时间范围: 0.0h 到 1154.2h
2025-12-10 02:01:21,070 - PEMFC_GRU_Training_Paper - INFO - 训练集: 115089 个样本 (0.0h - 912.8h)
2025-12-10 02:01:21,070 - PEMFC_GRU_Training_Paper - INFO - 验证集: 14386 个样本 (912.8h - 1033.5h)
2025-12-10 02:01:21,070 - PEMFC_GRU_Training_Paper - INFO - 测试集: 14387 个样本 (1033.5h - 1154.2h)
2025-12-10 02:01:21,072 - PEMFC_GRU_Training_Paper - INFO - 步骤5: 标准化特征与目标
2025-12-10 02:01:21,076 - PEMFC_GRU_Training_Paper - INFO - 特征标准化器均值范围: 0.7022~431.6125, 标准差范围: 0.0003~276.2939
2025-12-10 02:01:21,077 - PEMFC_GRU_Training_Paper - INFO - 目标标准化器均值: 3.2815, 标准差: 0.039852
2025-12-10 02:01:21,082 - PEMFC_GRU_Training_Paper - INFO - 步骤3: 创建序列，窗口大小 80
2025-12-10 02:01:21,236 - PEMFC_GRU_Training_Paper - INFO - 创建了 115009 个序列
2025-12-10 02:01:21,237 - PEMFC_GRU_Training_Paper - INFO - 步骤3: 创建序列，窗口大小 80
2025-12-10 02:01:21,254 - PEMFC_GRU_Training_Paper - INFO - 创建了 14306 个序列
2025-12-10 02:01:21,254 - PEMFC_GRU_Training_Paper - INFO - 步骤3: 创建序列，窗口大小 80
2025-12-10 02:01:21,274 - PEMFC_GRU_Training_Paper - INFO - 创建了 14307 个序列
2025-12-10 02:01:21,278 - PEMFC_GRU_Training_Paper - INFO - ✓ 数据划分和预处理 完成
2025-12-10 02:01:21,352 - PEMFC_GRU_Training_Paper - INFO - DataLoader创建完成: 训练集=3595批次, 验证集=448批次, 测试集=448批次
2025-12-10 02:01:21,353 - PEMFC_GRU_Training_Paper - INFO - ✓ 数据准备 完成
2025-12-10 02:01:21,353 - PEMFC_GRU_Training_Paper - INFO - 构建GRU模型，输入维度: 6
2025-12-10 02:01:21,457 - PEMFC_GRU_Training_Paper - INFO - 模型参数: 总计=606,273, 可训练=606,273
2025-12-10 02:01:23,544 - PEMFC_GRU_Training_Paper - INFO - 开始模型训练...
2025-12-10 02:01:23,544 - PEMFC_GRU_Training_Paper - INFO - 设备: cuda
2025-12-10 02:01:54,468 - PEMFC_GRU_Training_Paper - INFO - Epoch 001/200 | 训练损失: 0.062662, 验证损失: 0.061554 | 学习率: 0.000600
2025-12-10 02:01:54,469 - PEMFC_GRU_Training_Paper - INFO -   训练指标: MAE: 0.1776, RMSE: 0.2429, MAPE: 143.9192, R2: 0.9410
2025-12-10 02:01:54,469 - PEMFC_GRU_Training_Paper - INFO -   验证指标: MAE: 0.3090, RMSE: 0.3510, MAPE: 26.8298, R2: -0.1323
2025-12-10 02:01:54,482 - PEMFC_GRU_Training_Paper - INFO - ✓ 模型保存到 train_results_paper\gru_pemfc_paper_experiment_fixed_r2_rul\models\best_model.pth (输入维度: 6)
2025-12-10 02:01:54,482 - PEMFC_GRU_Training_Paper - INFO - ✓ 最佳模型已保存 (epoch 1, 验证损失: 0.061554)
2025-12-10 02:02:24,487 - PEMFC_GRU_Training_Paper - INFO - Epoch 002/200 | 训练损失: 0.040616, 验证损失: 0.045903 | 学习率: 0.000600
2025-12-10 02:02:24,487 - PEMFC_GRU_Training_Paper - INFO -   训练指标: MAE: 0.1453, RMSE: 0.1986, MAPE: 75.0045, R2: 0.9606
2025-12-10 02:02:24,487 - PEMFC_GRU_Training_Paper - INFO -   验证指标: MAE: 0.2034, RMSE: 0.3034, MAPE: 18.3227, R2: 0.1540
2025-12-10 02:02:24,497 - PEMFC_GRU_Training_Paper - INFO - ✓ 模型保存到 train_results_paper\gru_pemfc_paper_experiment_fixed_r2_rul\models\best_model.pth (输入维度: 6)
2025-12-10 02:02:24,497 - PEMFC_GRU_Training_Paper - INFO - ✓ 最佳模型已保存 (epoch 2, 验证损失: 0.045903)
2025-12-10 02:02:54,858 - PEMFC_GRU_Training_Paper - INFO - Epoch 003/200 | 训练损失: 0.033124, 验证损失: 0.029164 | 学习率: 0.000600
2025-12-10 02:02:54,858 - PEMFC_GRU_Training_Paper - INFO -   训练指标: MAE: 0.1313, RMSE: 0.1800, MAPE: 68.9735, R2: 0.9676
2025-12-10 02:02:54,858 - PEMFC_GRU_Training_Paper - INFO -   验证指标: MAE: 0.2024, RMSE: 0.2416, MAPE: 17.6823, R2: 0.4636
2025-12-10 02:02:54,869 - PEMFC_GRU_Training_Paper - INFO - ✓ 模型保存到 train_results_paper\gru_pemfc_paper_experiment_fixed_r2_rul\models\best_model.pth (输入维度: 6)
2025-12-10 02:02:54,869 - PEMFC_GRU_Training_Paper - INFO - ✓ 最佳模型已保存 (epoch 3, 验证损失: 0.029164)
2025-12-10 02:03:25,664 - PEMFC_GRU_Training_Paper - INFO - Epoch 004/200 | 训练损失: 0.030290, 验证损失: 0.032297 | 学习率: 0.000600
2025-12-10 02:03:25,664 - PEMFC_GRU_Training_Paper - INFO -   训练指标: MAE: 0.1253, RMSE: 0.1721, MAPE: 65.8773, R2: 0.9704
2025-12-10 02:03:25,664 - PEMFC_GRU_Training_Paper - INFO -   验证指标: MAE: 0.2228, RMSE: 0.2543, MAPE: 18.5381, R2: 0.4058
2025-12-10 02:03:56,123 - PEMFC_GRU_Training_Paper - INFO - Epoch 005/200 | 训练损失: 0.027873, 验证损失: 0.038045 | 学习率: 0.000600
2025-12-10 02:03:56,123 - PEMFC_GRU_Training_Paper - INFO -   训练指标: MAE: 0.1197, RMSE: 0.1651, MAPE: 57.5911, R2: 0.9728
2025-12-10 02:03:56,123 - PEMFC_GRU_Training_Paper - INFO -   验证指标: MAE: 0.2341, RMSE: 0.2759, MAPE: 19.8736, R2: 0.3004
2025-12-10 02:04:26,438 - PEMFC_GRU_Training_Paper - INFO - Epoch 006/200 | 训练损失: 0.026745, 验证损失: 0.065882 | 学习率: 0.000600
2025-12-10 02:04:26,438 - PEMFC_GRU_Training_Paper - INFO -   训练指标: MAE: 0.1171, RMSE: 0.1622, MAPE: 53.3479, R2: 0.9737
2025-12-10 02:04:26,439 - PEMFC_GRU_Training_Paper - INFO -   验证指标: MAE: 0.2651, RMSE: 0.3631, MAPE: 24.2051, R2: -0.2119
2025-12-10 02:05:03,013 - PEMFC_GRU_Training_Paper - INFO - Epoch 007/200 | 训练损失: 0.025741, 验证损失: 0.031378 | 学习率: 0.000600
2025-12-10 02:05:03,013 - PEMFC_GRU_Training_Paper - INFO -   训练指标: MAE: 0.1149, RMSE: 0.1589, MAPE: 47.7502, R2: 0.9747
2025-12-10 02:05:03,013 - PEMFC_GRU_Training_Paper - INFO -   验证指标: MAE: 0.2072, RMSE: 0.2506, MAPE: 18.3762, R2: 0.4230
2025-12-10 02:05:34,256 - PEMFC_GRU_Training_Paper - INFO - Epoch 008/200 | 训练损失: 0.025124, 验证损失: 0.022860 | 学习率: 0.000600
2025-12-10 02:05:34,256 - PEMFC_GRU_Training_Paper - INFO -   训练指标: MAE: 0.1127, RMSE: 0.1567, MAPE: 56.0849, R2: 0.9754
2025-12-10 02:05:34,256 - PEMFC_GRU_Training_Paper - INFO -   验证指标: MAE: 0.1666, RMSE: 0.2139, MAPE: 14.8623, R2: 0.5795
2025-12-10 02:05:34,265 - PEMFC_GRU_Training_Paper - INFO - ✓ 模型保存到 train_results_paper\gru_pemfc_paper_experiment_fixed_r2_rul\models\best_model.pth (输入维度: 6)
2025-12-10 02:05:34,265 - PEMFC_GRU_Training_Paper - INFO - ✓ 最佳模型已保存 (epoch 8, 验证损失: 0.022860)
2025-12-10 02:06:04,379 - PEMFC_GRU_Training_Paper - INFO - Epoch 009/200 | 训练损失: 0.023744, 验证损失: 0.032817 | 学习率: 0.000600
2025-12-10 02:06:04,379 - PEMFC_GRU_Training_Paper - INFO -   训练指标: MAE: 0.1100, RMSE: 0.1532, MAPE: 44.5584, R2: 0.9765
2025-12-10 02:06:04,379 - PEMFC_GRU_Training_Paper - INFO -   验证指标: MAE: 0.2124, RMSE: 0.2562, MAPE: 19.0477, R2: 0.3966
2025-12-10 02:06:35,892 - PEMFC_GRU_Training_Paper - INFO - Epoch 010/200 | 训练损失: 0.023413, 验证损失: 0.027930 | 学习率: 0.000600
2025-12-10 02:06:35,892 - PEMFC_GRU_Training_Paper - INFO -   训练指标: MAE: 0.1092, RMSE: 0.1520, MAPE: 44.1585, R2: 0.9769
2025-12-10 02:06:35,892 - PEMFC_GRU_Training_Paper - INFO -   验证指标: MAE: 0.1975, RMSE: 0.2364, MAPE: 16.5729, R2: 0.4862
