2026-01-23 20:56:17,702 - PEMFC_GRU_Training_Paper - INFO - ================================================================================
2026-01-23 20:56:17,704 - PEMFC_GRU_Training_Paper - INFO - PEMFC燃料电池GRU寿命预测模型（论文版本）
2026-01-23 20:56:17,704 - PEMFC_GRU_Training_Paper - INFO - 开始时间: 2026-01-23 20:56:17
2026-01-23 20:56:17,704 - PEMFC_GRU_Training_Paper - INFO - ================================================================================
2026-01-23 20:56:17,704 - PEMFC_GRU_Training_Paper - INFO - [模型配置参数]
2026-01-23 20:56:17,704 - PEMFC_GRU_Training_Paper - INFO -   data_path: processed_results/FC1/
2026-01-23 20:56:17,704 - PEMFC_GRU_Training_Paper - INFO -   data_file_pattern: *_processed_*.npz
2026-01-23 20:56:17,704 - PEMFC_GRU_Training_Paper - INFO -   data_file_suffix: _processed
2026-01-23 20:56:17,704 - PEMFC_GRU_Training_Paper - INFO -   target_feature: stack_voltage
2026-01-23 20:56:17,704 - PEMFC_GRU_Training_Paper - INFO -   sequence_length: 80
2026-01-23 20:56:17,704 - PEMFC_GRU_Training_Paper - INFO -   selected_features: [5 个元素] iTnH2 (°C), air_outlet_flow, coolant_flow, current, current_density
2026-01-23 20:56:17,704 - PEMFC_GRU_Training_Paper - INFO -   missing_value_method: linear
2026-01-23 20:56:17,704 - PEMFC_GRU_Training_Paper - INFO -   outlier_method: 3sigma
2026-01-23 20:56:17,704 - PEMFC_GRU_Training_Paper - INFO -   outlier_sigma: 3.0
2026-01-23 20:56:17,704 - PEMFC_GRU_Training_Paper - INFO -   wavelet_method: sym8
2026-01-23 20:56:17,704 - PEMFC_GRU_Training_Paper - INFO -   wavelet_level: 4
2026-01-23 20:56:17,704 - PEMFC_GRU_Training_Paper - INFO -   wavelet_threshold_percentile: 70
2026-01-23 20:56:17,704 - PEMFC_GRU_Training_Paper - INFO -   enable_wavelet: False
2026-01-23 20:56:17,704 - PEMFC_GRU_Training_Paper - INFO -   train_ratio: 0.8
2026-01-23 20:56:17,704 - PEMFC_GRU_Training_Paper - INFO -   val_ratio: 0.1
2026-01-23 20:56:17,704 - PEMFC_GRU_Training_Paper - INFO -   test_ratio: 0.1
2026-01-23 20:56:17,704 - PEMFC_GRU_Training_Paper - INFO -   forecast_steps: 200
2026-01-23 20:56:17,704 - PEMFC_GRU_Training_Paper - INFO -   forecast_horizon: 2200.0
2026-01-23 20:56:17,704 - PEMFC_GRU_Training_Paper - INFO -   forecast_max_steps: 200000
2026-01-23 20:56:17,704 - PEMFC_GRU_Training_Paper - INFO -   fixed_dt: 0.0084
2026-01-23 20:56:17,704 - PEMFC_GRU_Training_Paper - INFO -   gru_hidden_size: 256
2026-01-23 20:56:17,704 - PEMFC_GRU_Training_Paper - INFO -   gru_num_layers: 2
2026-01-23 20:56:17,704 - PEMFC_GRU_Training_Paper - INFO -   dropout_rate: 0.1
2026-01-23 20:56:17,704 - PEMFC_GRU_Training_Paper - INFO -   bidirectional: False
2026-01-23 20:56:17,704 - PEMFC_GRU_Training_Paper - INFO -   fc_hidden_sizes: [2 个元素] 32, 16
2026-01-23 20:56:17,704 - PEMFC_GRU_Training_Paper - INFO -   batch_size: 32
2026-01-23 20:56:17,704 - PEMFC_GRU_Training_Paper - INFO -   epochs: 45
2026-01-23 20:56:17,704 - PEMFC_GRU_Training_Paper - INFO -   learning_rate: 0.0006
2026-01-23 20:56:17,704 - PEMFC_GRU_Training_Paper - INFO -   weight_decay: 0.001
2026-01-23 20:56:17,704 - PEMFC_GRU_Training_Paper - INFO -   patience: 30
2026-01-23 20:56:17,704 - PEMFC_GRU_Training_Paper - INFO -   lr_decay_factor: 0.7
2026-01-23 20:56:17,704 - PEMFC_GRU_Training_Paper - INFO -   lr_patience: 5
2026-01-23 20:56:17,704 - PEMFC_GRU_Training_Paper - INFO -   grad_clip: 0.5
2026-01-23 20:56:17,704 - PEMFC_GRU_Training_Paper - INFO -   slope_loss_weight: 0.2
2026-01-23 20:56:17,705 - PEMFC_GRU_Training_Paper - INFO -   variance_loss_weight: 0.45
2026-01-23 20:56:17,705 - PEMFC_GRU_Training_Paper - INFO -   apply_fc1_bias_correction: True
2026-01-23 20:56:17,705 - PEMFC_GRU_Training_Paper - INFO -   fc1_bias_correction: 0.0138
2026-01-23 20:56:17,705 - PEMFC_GRU_Training_Paper - INFO -   rul_prediction_scale: 0.995
2026-01-23 20:56:17,705 - PEMFC_GRU_Training_Paper - INFO -   soh_threshold: 0.96
2026-01-23 20:56:17,705 - PEMFC_GRU_Training_Paper - INFO -   v_initial_window: 100
2026-01-23 20:56:17,705 - PEMFC_GRU_Training_Paper - INFO -   cv_threshold: 0.01
2026-01-23 20:56:17,705 - PEMFC_GRU_Training_Paper - INFO -   denoising_method: wavelet
2026-01-23 20:56:17,705 - PEMFC_GRU_Training_Paper - INFO -   device: cuda
2026-01-23 20:56:17,705 - PEMFC_GRU_Training_Paper - INFO -   save_dir: train_results_paper
2026-01-23 20:56:17,705 - PEMFC_GRU_Training_Paper - INFO -   experiment_name: gru_pemfc_paper_experiment_fixed_r2_rul
2026-01-23 20:56:17,705 - PEMFC_GRU_Training_Paper - INFO - ================================================================================
2026-01-23 20:56:17,710 - PEMFC_GRU_Training_Paper - INFO - ================================================================================
2026-01-23 20:56:17,710 - PEMFC_GRU_Training_Paper - INFO - PEMFC燃料电池GRU寿命预测训练
2026-01-23 20:56:17,710 - PEMFC_GRU_Training_Paper - INFO - ================================================================================
2026-01-23 20:56:17,710 - PEMFC_GRU_Training_Paper - INFO - 开始数据准备...
2026-01-23 20:56:17,710 - PEMFC_GRU_Training_Paper - INFO - 步骤1: 加载数据并使用预定义特征
2026-01-23 20:56:17,710 - PEMFC_GRU_Training_Paper - INFO - 在目录中搜索最新数据文件: processed_results/FC1/
2026-01-23 20:56:17,710 - PEMFC_GRU_Training_Paper - INFO - 在目录中找到 7 个.npz文件
2026-01-23 20:56:17,711 - PEMFC_GRU_Training_Paper - INFO - 找到 7 个匹配模式的文件
2026-01-23 20:56:17,711 - PEMFC_GRU_Training_Paper - INFO - 按时间戳选择最新文件: FC1_processed_20260123_205114.npz
2026-01-23 20:56:17,711 - PEMFC_GRU_Training_Paper - INFO - 使用数据文件: processed_results/FC1/FC1_processed_20260123_205114.npz
2026-01-23 20:56:17,711 - PEMFC_GRU_Training_Paper - INFO - 使用数据文件: processed_results/FC1/FC1_processed_20260123_205114.npz
2026-01-23 20:56:17,719 - PEMFC_GRU_Training_Paper - INFO - NPZ文件中的所有特征: ['time', 'stack_voltage', 'J (A/cm²)', 'current', 'iTnH2 (°C)', 'hydrogen_outlet_temp', 'air_inlet_temp', 'air_outlet_temp', 'coolant_inlet_temp', 'coolant_outlet_temp', 'air_inlet_pressure', 'air_outlet_pressure', 'hydrogen_outlet_pressure', 'hydrogen_inlet_pressure', 'hydrogen_inlet_flow', 'hydrogen_outlet_flow', 'air_inlet_flow', 'air_outlet_flow', 'coolant_flow', 'air_inlet_humidity', 'hydrogen_inlet_temp']
2026-01-23 20:56:17,721 - PEMFC_GRU_Training_Paper - INFO - 数据长度: 143862
2026-01-23 20:56:17,783 - PEMFC_GRU_Training_Paper - INFO - 原始数据加载: 143862 行, 21 列
2026-01-23 20:56:17,783 - PEMFC_GRU_Training_Paper - WARNING - 警告: 以下选定特征在数据中不存在: ['current_density']
2026-01-23 20:56:17,787 - PEMFC_GRU_Training_Paper - INFO - 选定的特征（排除目标）: ['iTnH2 (°C)', 'air_outlet_flow', 'coolant_flow', 'current', 'time']
2026-01-23 20:56:17,787 - PEMFC_GRU_Training_Paper - INFO - 选定数据形状: (143862, 6)
2026-01-23 20:56:17,789 - PEMFC_GRU_Training_Paper - INFO - 检查数据完整性...
2026-01-23 20:56:17,789 - PEMFC_GRU_Training_Paper - INFO - 加载后的数据列: ['iTnH2 (°C)', 'air_outlet_flow', 'coolant_flow', 'current', 'stack_voltage', 'time']
2026-01-23 20:56:17,790 - PEMFC_GRU_Training_Paper - INFO - 数据类型: {'iTnH2 (°C)': dtype('float64'), 'air_outlet_flow': dtype('float64'), 'coolant_flow': dtype('float64'), 'current': dtype('float64'), 'stack_voltage': dtype('float64'), 'time': dtype('float64')}
2026-01-23 20:56:17,791 - PEMFC_GRU_Training_Paper - INFO - 步骤2: 跳过小波去噪（enable_wavelet=False）
2026-01-23 20:56:17,791 - PEMFC_GRU_Training_Paper - INFO - 步骤4: 按时间顺序划分数据
2026-01-23 20:56:17,791 - PEMFC_GRU_Training_Paper - INFO - 划分前的数据列: ['iTnH2 (°C)', 'air_outlet_flow', 'coolant_flow', 'current', 'stack_voltage', 'time']
2026-01-23 20:56:17,797 - PEMFC_GRU_Training_Paper - INFO - 数据按时间排序。时间范围: 0.0h 到 1154.2h
2026-01-23 20:56:17,798 - PEMFC_GRU_Training_Paper - INFO - 训练集: 115089 个样本 (0.0h - 912.8h)
2026-01-23 20:56:17,798 - PEMFC_GRU_Training_Paper - INFO - 验证集: 14386 个样本 (912.8h - 1033.5h)
2026-01-23 20:56:17,798 - PEMFC_GRU_Training_Paper - INFO - 测试集: 14387 个样本 (1033.5h - 1154.2h)
2026-01-23 20:56:17,800 - PEMFC_GRU_Training_Paper - INFO - 步骤5: 标准化特征与目标
2026-01-23 20:56:17,804 - PEMFC_GRU_Training_Paper - INFO - 特征标准化器均值范围: 2.0226~431.6125, 标准差范围: 0.0307~276.2939
2026-01-23 20:56:17,805 - PEMFC_GRU_Training_Paper - INFO - 目标标准化器均值: 3.2815, 标准差: 0.039852
2026-01-23 20:56:17,809 - PEMFC_GRU_Training_Paper - INFO - 步骤3: 创建序列，窗口大小 80
2026-01-23 20:56:17,971 - PEMFC_GRU_Training_Paper - INFO - 创建了 115009 个序列
2026-01-23 20:56:17,971 - PEMFC_GRU_Training_Paper - INFO - 步骤3: 创建序列，窗口大小 80
2026-01-23 20:56:17,987 - PEMFC_GRU_Training_Paper - INFO - 创建了 14306 个序列
2026-01-23 20:56:17,987 - PEMFC_GRU_Training_Paper - INFO - 步骤3: 创建序列，窗口大小 80
2026-01-23 20:56:18,005 - PEMFC_GRU_Training_Paper - INFO - 创建了 14307 个序列
2026-01-23 20:56:18,008 - PEMFC_GRU_Training_Paper - INFO - 训练特征范围: min=0.0000~max=912.8310
2026-01-23 20:56:18,010 - PEMFC_GRU_Training_Paper - INFO - ✓ 数据划分和预处理 完成
2026-01-23 20:56:18,063 - PEMFC_GRU_Training_Paper - INFO - DataLoader创建完成: 训练集=3595批次, 验证集=448批次, 测试集=448批次
2026-01-23 20:56:18,063 - PEMFC_GRU_Training_Paper - INFO - ✓ 数据准备 完成
2026-01-23 20:56:18,063 - PEMFC_GRU_Training_Paper - INFO - 构建GRU模型，输入维度: 5
2026-01-23 20:56:18,105 - PEMFC_GRU_Training_Paper - INFO - 模型参数: 总计=605,505, 可训练=605,505
2026-01-23 20:56:21,038 - PEMFC_GRU_Training_Paper - INFO - 开始模型训练...
2026-01-23 20:56:21,038 - PEMFC_GRU_Training_Paper - INFO - 设备: cuda
2026-01-23 20:56:49,830 - PEMFC_GRU_Training_Paper - INFO - Epoch 001/045 | 训练损失: 0.064528, 验证损失: 0.027158 | 学习率: 0.000600
2026-01-23 20:56:49,830 - PEMFC_GRU_Training_Paper - INFO -   训练指标: MAE: 0.1782, RMSE: 0.2443, MAPE: 137.4590, R2: 0.9403
2026-01-23 20:56:49,830 - PEMFC_GRU_Training_Paper - INFO -   验证指标: MAE: 0.1762, RMSE: 0.2338, MAPE: 16.3305, R2: 0.4978
2026-01-23 20:56:49,842 - PEMFC_GRU_Training_Paper - INFO - ✓ 模型保存到 train_results_paper\gru_pemfc_paper_experiment_fixed_r2_rul\models\best_model.pth (输入维度: 5)
2026-01-23 20:56:49,842 - PEMFC_GRU_Training_Paper - INFO - ✓ 最佳模型已保存 (epoch 1, 验证损失: 0.027158)
2026-01-23 20:57:18,173 - PEMFC_GRU_Training_Paper - INFO - Epoch 002/045 | 训练损失: 0.038998, 验证损失: 0.040831 | 学习率: 0.000600
2026-01-23 20:57:18,174 - PEMFC_GRU_Training_Paper - INFO -   训练指标: MAE: 0.1406, RMSE: 0.1936, MAPE: 83.3887, R2: 0.9625
2026-01-23 20:57:18,174 - PEMFC_GRU_Training_Paper - INFO -   验证指标: MAE: 0.2200, RMSE: 0.2859, MAPE: 21.3104, R2: 0.2488
2026-01-23 20:57:45,655 - PEMFC_GRU_Training_Paper - INFO - Epoch 003/045 | 训练损失: 0.032794, 验证损失: 0.049871 | 学习率: 0.000600
2026-01-23 20:57:45,655 - PEMFC_GRU_Training_Paper - INFO -   训练指标: MAE: 0.1283, RMSE: 0.1778, MAPE: 82.5304, R2: 0.9684
2026-01-23 20:57:45,655 - PEMFC_GRU_Training_Paper - INFO -   验证指标: MAE: 0.2184, RMSE: 0.3157, MAPE: 21.8626, R2: 0.0838
2026-01-23 20:58:21,422 - PEMFC_GRU_Training_Paper - INFO - Epoch 004/045 | 训练损失: 0.029369, 验证损失: 0.030249 | 学习率: 0.000600
2026-01-23 20:58:21,422 - PEMFC_GRU_Training_Paper - INFO -   训练指标: MAE: 0.1214, RMSE: 0.1687, MAPE: 69.8718, R2: 0.9715
2026-01-23 20:58:21,422 - PEMFC_GRU_Training_Paper - INFO -   验证指标: MAE: 0.1950, RMSE: 0.2459, MAPE: 17.8229, R2: 0.4441
2026-01-23 20:58:49,354 - PEMFC_GRU_Training_Paper - INFO - Epoch 005/045 | 训练损失: 0.027023, 验证损失: 0.043981 | 学习率: 0.000600
2026-01-23 20:58:49,355 - PEMFC_GRU_Training_Paper - INFO -   训练指标: MAE: 0.1168, RMSE: 0.1622, MAPE: 59.3967, R2: 0.9737
2026-01-23 20:58:49,355 - PEMFC_GRU_Training_Paper - INFO -   验证指标: MAE: 0.2048, RMSE: 0.2963, MAPE: 19.7547, R2: 0.1929
